21.11.2024; 13:12:27; Server created
21.11.2024; 13:12:42; User created
21.11.2024; 13:12:42; TUserList.Add.Enter
21.11.2024; 13:12:42; TUserList.Add.Leve
21.11.2024; 13:12:42; Context created
21.11.2024; 13:12:42; TUserList.GetUser.Enter
21.11.2024; 13:12:42; TUserList.GetUser.Leave
21.11.2024; 13:12:42; TUserList.GetUser.Enter
21.11.2024; 13:12:42; TUserList.GetUser.Leave
21.11.2024; 13:12:42; TUserList.GetUser.Enter
21.11.2024; 13:12:42; TUserList.GetUser.Leave
21.11.2024; 13:12:42; TUserList.GetUser.Enter
21.11.2024; 13:12:42; TUserList.GetUser.Leave
21.11.2024; 13:12:42; TUserList.GetUser.Enter
21.11.2024; 13:12:42; TUserList.GetUser.Leave
21.11.2024; 13:12:42; User created
21.11.2024; 13:12:42; TUserList.Add.Enter
21.11.2024; 13:12:42; TUserList.Add.Leve
21.11.2024; 13:12:42; Context created
21.11.2024; 13:12:42; TUserList.GetUser.Enter
21.11.2024; 13:12:42; TUserList.GetUser.Leave
21.11.2024; 13:12:42; TUserList.GetUser.Enter
21.11.2024; 13:12:42; TUserList.GetUser.Leave
21.11.2024; 13:12:42; TUserList.GetUser.Enter
21.11.2024; 13:12:42; TUserList.GetUser.Leave
21.11.2024; 13:12:43; TUserList.GetUser.Enter
21.11.2024; 13:12:43; TUserList.GetUser.Leave
21.11.2024; 13:12:43; TUserList.GetUser.Enter
21.11.2024; 13:12:43; TUserList.GetUser.Leave
21.11.2024; 13:12:43; TUserList.GetUser.Enter
21.11.2024; 13:12:43; TUserList.GetUser.Leave
21.11.2024; 13:12:43; TUserList.GetUser.Enter
21.11.2024; 13:12:43; TUserList.GetUser.Leave
21.11.2024; 13:12:44; TUserList.GetUser.Enter
21.11.2024; 13:12:44; TUserList.GetUser.Leave
21.11.2024; 13:12:44; TUserList.GetUser.Enter
21.11.2024; 13:12:44; TUserList.GetUser.Leave
21.11.2024; 13:12:44; TUserList.GetUser.Enter
21.11.2024; 13:12:44; TUserList.GetUser.Leave
21.11.2024; 13:12:44; TUserList.GetUser.Enter
21.11.2024; 13:12:44; TUserList.GetUser.Leave
21.11.2024; 13:12:45; TUserList.GetUser.Enter
21.11.2024; 13:12:45; TUserList.GetUser.Leave
21.11.2024; 13:12:45; TUserList.GetUser.Enter
21.11.2024; 13:12:45; TUserList.GetUser.Leave
21.11.2024; 13:12:46; TUserList.GetUser.Enter
21.11.2024; 13:12:46; TUserList.GetUser.Leave
21.11.2024; 13:12:46; TUserList.GetUser.Enter
21.11.2024; 13:12:46; TUserList.GetUser.Leave
21.11.2024; 13:12:47; TUserList.GetUser.Enter
21.11.2024; 13:12:47; TUserList.GetUser.Leave
21.11.2024; 13:12:47; TUserList.GetUser.Enter
21.11.2024; 13:12:47; TUserList.GetUser.Leave
21.11.2024; 13:12:48; TUserList.GetUser.Enter
21.11.2024; 13:12:48; TUserList.GetUser.Leave
21.11.2024; 13:12:48; TUserList.GetUser.Enter
21.11.2024; 13:12:48; TUserList.GetUser.Leave
21.11.2024; 13:12:49; TUserList.GetUser.Enter
21.11.2024; 13:12:49; TUserList.GetUser.Leave
21.11.2024; 13:12:49; TUserList.GetUser.Enter
21.11.2024; 13:12:49; TUserList.GetUser.Leave
21.11.2024; 13:12:50; TUserList.GetUser.Enter
21.11.2024; 13:12:50; TUserList.GetUser.Leave
21.11.2024; 13:12:50; TUserList.GetUser.Enter
21.11.2024; 13:12:50; TUserList.GetUser.Leave
21.11.2024; 13:12:51; TUserList.GetUser.Enter
21.11.2024; 13:12:51; TUserList.GetUser.Leave
21.11.2024; 13:12:51; TUserList.GetUser.Enter
21.11.2024; 13:12:51; TUserList.GetUser.Leave
21.11.2024; 13:12:52; TUserList.GetUser.Enter
21.11.2024; 13:12:52; TUserList.GetUser.Leave
21.11.2024; 13:12:52; TUserList.GetUser.Enter
21.11.2024; 13:12:52; TUserList.GetUser.Leave
21.11.2024; 13:12:52; TUserList.GetUser.Enter
21.11.2024; 13:12:52; TUserList.GetUser.Leave
21.11.2024; 13:12:52; TUserList.GetUser.Enter
21.11.2024; 13:12:52; TUserList.GetUser.Leave
21.11.2024; 13:12:53; TUserList.GetUser.Enter
21.11.2024; 13:12:53; TUserList.GetUser.Leave
21.11.2024; 13:12:53; TUserList.GetUser.Enter
21.11.2024; 13:12:53; TUserList.GetUser.Leave
21.11.2024; 13:12:53; TUserList.GetUser.Enter
21.11.2024; 13:12:53; TUserList.GetUser.Leave
21.11.2024; 13:12:53; TUserList.GetUser.Enter
21.11.2024; 13:12:53; TUserList.GetUser.Leave
21.11.2024; 13:12:53; TUserList.GetUser.Enter
21.11.2024; 13:12:53; TUserList.GetUser.Leave
21.11.2024; 13:12:53; TUserList.GetUser.Enter
21.11.2024; 13:12:53; TUserList.GetUser.Leave
21.11.2024; 13:12:54; TUserList.GetUser.Enter
21.11.2024; 13:12:54; TUserList.GetUser.Leave
21.11.2024; 13:12:54; TUserList.GetUser.Enter
21.11.2024; 13:12:54; TUserList.GetUser.Leave
21.11.2024; 13:12:55; TUserList.GetUser.Enter
21.11.2024; 13:12:55; TUserList.GetUser.Leave
21.11.2024; 13:12:55; TUserList.GetUser.Enter
21.11.2024; 13:12:55; TUserList.GetUser.Leave
21.11.2024; 13:12:56; TUserList.GetUser.Enter
21.11.2024; 13:12:56; TUserList.GetUser.Leave
21.11.2024; 13:12:56; TUserList.GetUser.Enter
21.11.2024; 13:12:56; TUserList.GetUser.Leave
21.11.2024; 13:12:57; TUserList.GetUser.Enter
21.11.2024; 13:12:57; TUserList.GetUser.Leave
21.11.2024; 13:12:57; TUserList.GetUser.Enter
21.11.2024; 13:12:57; TUserList.GetUser.Leave
21.11.2024; 13:12:58; TUserList.GetUser.Enter
21.11.2024; 13:12:58; TUserList.GetUser.Leave
21.11.2024; 13:12:58; TUserList.GetUser.Enter
21.11.2024; 13:12:58; TUserList.GetUser.Leave
21.11.2024; 13:12:59; TUserList.GetUser.Enter
21.11.2024; 13:12:59; TUserList.GetUser.Leave
21.11.2024; 13:12:59; TUserList.GetUser.Enter
21.11.2024; 13:12:59; TUserList.GetUser.Leave
21.11.2024; 13:12:59; Raised exception: TUTServer.ParseIncomingData -> Connection Closed Gracefully.
21.11.2024; 13:12:59; TUserList.GetUser.Enter
21.11.2024; 13:12:59; TUserList.GetUser.Leave
21.11.2024; 13:12:59; TUserList.Delete.Enter
21.11.2024; 13:12:59; User destroyed
21.11.2024; 13:12:59; TUserList.Delete.Leave
21.11.2024; 13:12:59; User disconnected
21.11.2024; 13:13:00; Raised exception: TUTServer.ParseIncomingData -> Connection Closed Gracefully.
21.11.2024; 13:13:00; TUserList.GetUser.Enter
21.11.2024; 13:13:00; TUserList.GetUser.Leave
21.11.2024; 13:13:00; TUserList.Delete.Enter
21.11.2024; 13:13:00; User destroyed
21.11.2024; 13:13:00; TUserList.Delete.Leave
21.11.2024; 13:13:00; User disconnected
21.11.2024; 13:13:01; User created
21.11.2024; 13:13:01; TUserList.Add.Enter
21.11.2024; 13:13:01; TUserList.Add.Leve
21.11.2024; 13:13:01; Context created
21.11.2024; 13:13:01; TUserList.GetUser.Enter
21.11.2024; 13:13:01; TUserList.GetUser.Leave
21.11.2024; 13:13:01; TUserList.GetUser.Enter
21.11.2024; 13:13:01; TUserList.GetUser.Leave
21.11.2024; 13:13:01; TUserList.GetUser.Enter
21.11.2024; 13:13:01; TUserList.GetUser.Leave
21.11.2024; 13:13:01; TUserList.GetUser.Enter
21.11.2024; 13:13:01; TUserList.GetUser.Leave
21.11.2024; 13:13:01; User created
21.11.2024; 13:13:01; TUserList.Add.Enter
21.11.2024; 13:13:01; TUserList.Add.Leve
21.11.2024; 13:13:01; Context created
21.11.2024; 13:13:01; TUserList.GetUser.Enter
21.11.2024; 13:13:01; TUserList.GetUser.Leave
21.11.2024; 13:13:01; TUserList.GetUser.Enter
21.11.2024; 13:13:01; TUserList.GetUser.Leave
21.11.2024; 13:13:01; TUserList.GetUser.Enter
21.11.2024; 13:13:01; TUserList.GetUser.Leave
21.11.2024; 13:13:01; TUserList.GetUser.Enter
21.11.2024; 13:13:01; TUserList.GetUser.Leave
21.11.2024; 13:13:02; TUserList.GetUser.Enter
21.11.2024; 13:13:02; TUserList.GetUser.Leave
21.11.2024; 13:13:02; TUserList.GetUser.Enter
21.11.2024; 13:13:02; TUserList.GetUser.Leave
21.11.2024; 13:13:02; TUserList.GetUser.Enter
21.11.2024; 13:13:02; TUserList.GetUser.Leave
21.11.2024; 13:13:02; TUserList.GetUser.Enter
21.11.2024; 13:13:02; TUserList.GetUser.Leave
21.11.2024; 13:13:02; Raised exception: TUTServer.ParseIncomingData -> Connection Closed Gracefully.
21.11.2024; 13:13:02; TUserList.GetUser.Enter
21.11.2024; 13:13:02; TUserList.GetUser.Leave
21.11.2024; 13:13:02; TUserList.Delete.Enter
21.11.2024; 13:13:02; User destroyed
21.11.2024; 13:13:02; TUserList.Delete.Leave
21.11.2024; 13:13:02; User disconnected
21.11.2024; 13:13:03; Raised exception: TUTServer.ParseIncomingData -> Connection Closed Gracefully.
21.11.2024; 13:13:03; TUserList.GetUser.Enter
21.11.2024; 13:13:03; TUserList.GetUser.Leave
21.11.2024; 13:13:03; TUserList.Delete.Enter
21.11.2024; 13:13:03; User destroyed
21.11.2024; 13:13:03; TUserList.Delete.Leave
21.11.2024; 13:13:03; User disconnected
21.11.2024; 13:13:09; Server destroyed
