03.12.2024; 10:55:34; Start app
03.12.2024; 10:55:48; TCloseFormThread.Execute.Enter
03.12.2024; 10:55:48; FForm assigned
03.12.2024; 10:55:48; FForm.ThreadRegistry assigned
03.12.2024; 10:55:48; TCloseFormThread.Execute.Point 1
03.12.2024; 10:55:48; TCloseFormThread.Execute.Point 2
03.12.2024; 10:55:49; TCloseFormThread.Execute.Point 3
03.12.2024; 10:55:49; TCloseFormThread.Execute.Leave
03.12.2024; 10:55:49; Finish app
03.12.2024; 10:56:31; Start app
03.12.2024; 10:59:30; TCloseFormThread.Execute.Enter
03.12.2024; 10:59:30; FForm assigned
03.12.2024; 10:59:30; FForm.ThreadRegistry assigned
03.12.2024; 10:59:30; TCloseFormThread.Execute.Point 1
03.12.2024; 10:59:30; TCloseFormThread.Execute.Point 2
03.12.2024; 10:59:30; TCloseFormThread.Execute.Point 3
03.12.2024; 10:59:30; TCloseFormThread.Execute.Leave
03.12.2024; 10:59:32; Finish app
03.12.2024; 11:00:02; Start app
03.12.2024; 11:00:34; TCloseFormThread.Execute.Enter
03.12.2024; 11:00:34; FForm assigned
03.12.2024; 11:00:34; FForm.ThreadRegistry assigned
03.12.2024; 11:00:34; TCloseFormThread.Execute.Point 1
03.12.2024; 11:00:34; TCloseFormThread.Execute.Point 2
03.12.2024; 11:00:34; TCloseFormThread.Execute.Point 3
03.12.2024; 11:00:34; TCloseFormThread.Execute.Leave
03.12.2024; 11:00:34; Finish app
03.12.2024; 11:03:32; Start app
03.12.2024; 12:01:28; TCloseFormThread.Execute.Enter
03.12.2024; 12:01:28; FForm assigned
03.12.2024; 12:01:28; FForm.ThreadRegistry assigned
03.12.2024; 12:01:28; TCloseFormThread.Execute.Point 1
03.12.2024; 12:01:28; TCloseFormThread.Execute.Point 2
03.12.2024; 12:01:29; TCloseFormThread.Execute.Point 3
03.12.2024; 12:01:29; TCloseFormThread.Execute.Leave
03.12.2024; 12:01:29; Finish app
03.12.2024; 12:02:04; Start app
03.12.2024; 12:02:09; TCloseFormThread.Execute.Enter
03.12.2024; 12:02:09; FForm assigned
03.12.2024; 12:02:09; FForm.ThreadRegistry assigned
03.12.2024; 12:02:09; TCloseFormThread.Execute.Point 1
03.12.2024; 12:02:09; TCloseFormThread.Execute.Point 2
03.12.2024; 12:02:09; TCloseFormThread.Execute.Point 3
03.12.2024; 12:02:09; TCloseFormThread.Execute.Leave
03.12.2024; 12:02:09; Finish app
03.12.2024; 12:05:13; Start app
03.12.2024; 12:05:27; TCloseFormThread.Execute.Enter
03.12.2024; 12:05:27; FForm assigned
03.12.2024; 12:05:27; FForm.ThreadRegistry assigned
03.12.2024; 12:05:27; TCloseFormThread.Execute.Point 1
03.12.2024; 12:05:27; TCloseFormThread.Execute.Point 2
03.12.2024; 12:05:29; TCloseFormThread.Execute.Point 3
03.12.2024; 12:05:29; TCloseFormThread.Execute.Leave
03.12.2024; 12:05:29; Finish app
03.12.2024; 12:05:34; Start app
03.12.2024; 12:05:37; TCloseFormThread.Execute.Enter
03.12.2024; 12:05:37; FForm assigned
03.12.2024; 12:05:37; FForm.ThreadRegistry assigned
03.12.2024; 12:05:37; TCloseFormThread.Execute.Point 1
03.12.2024; 12:05:37; TCloseFormThread.Execute.Point 2
03.12.2024; 12:05:38; TCloseFormThread.Execute.Point 3
03.12.2024; 12:05:38; TCloseFormThread.Execute.Leave
03.12.2024; 12:05:38; Finish app
03.12.2024; 12:05:41; Start app
03.12.2024; 12:05:44; TCloseFormThread.Execute.Enter
03.12.2024; 12:05:44; FForm assigned
03.12.2024; 12:05:44; FForm.ThreadRegistry assigned
03.12.2024; 12:05:44; TCloseFormThread.Execute.Point 1
03.12.2024; 12:05:44; TCloseFormThread.Execute.Point 2
03.12.2024; 12:05:46; TCloseFormThread.Execute.Point 3
03.12.2024; 12:05:46; TCloseFormThread.Execute.Leave
03.12.2024; 12:05:46; Finish app
03.12.2024; 12:06:22; Start app
03.12.2024; 12:06:27; TCloseFormThread.Execute.Enter
03.12.2024; 12:06:27; FForm assigned
03.12.2024; 12:06:27; FForm.ThreadRegistry assigned
03.12.2024; 12:06:27; TCloseFormThread.Execute.Point 1
03.12.2024; 12:06:27; TCloseFormThread.Execute.Point 2
03.12.2024; 12:06:27; TCloseFormThread.Execute.Point 3
03.12.2024; 12:06:27; TCloseFormThread.Execute.Leave
03.12.2024; 12:06:27; Finish app
03.12.2024; 12:07:46; Start app
03.12.2024; 12:08:04; TCloseFormThread.Execute.Enter
03.12.2024; 12:08:04; FForm assigned
03.12.2024; 12:08:04; FForm.ThreadRegistry assigned
03.12.2024; 12:08:04; TCloseFormThread.Execute.Point 1
03.12.2024; 12:08:04; TCloseFormThread.Execute.Point 2
03.12.2024; 12:08:04; TCloseFormThread.Execute.Point 3
03.12.2024; 12:08:04; TCloseFormThread.Execute.Leave
03.12.2024; 12:08:04; Finish app
03.12.2024; 13:19:05; Start app
03.12.2024; 13:21:50; TCloseFormThread.Execute.Enter
03.12.2024; 13:21:50; FForm assigned
03.12.2024; 13:21:50; FForm.ThreadRegistry assigned
03.12.2024; 13:21:50; TCloseFormThread.Execute.Point 1
03.12.2024; 13:21:50; TCloseFormThread.Execute.Point 2
03.12.2024; 13:21:50; TCloseFormThread.Execute.Point 3
03.12.2024; 13:21:50; TCloseFormThread.Execute.Leave
03.12.2024; 13:21:50; Finish app
03.12.2024; 13:28:30; Start app
03.12.2024; 13:31:24; Start app
03.12.2024; 13:32:11; TCloseFormThread.Execute.Enter
03.12.2024; 13:32:11; FForm assigned
03.12.2024; 13:32:11; FForm.ThreadRegistry assigned
03.12.2024; 13:32:11; TCloseFormThread.Execute.Point 1
03.12.2024; 13:32:11; TCloseFormThread.Execute.Point 2
03.12.2024; 13:32:12; TCloseFormThread.Execute.Point 3
03.12.2024; 13:32:12; TCloseFormThread.Execute.Leave
03.12.2024; 13:32:12; Finish app
03.12.2024; 13:32:17; Start app
03.12.2024; 13:33:28; Start app
03.12.2024; 13:33:53; TCloseFormThread.Execute.Enter
03.12.2024; 13:33:53; FForm assigned
03.12.2024; 13:33:53; FForm.ThreadRegistry assigned
03.12.2024; 13:33:53; TCloseFormThread.Execute.Point 1
03.12.2024; 13:33:53; TCloseFormThread.Execute.Point 2
03.12.2024; 13:33:54; TCloseFormThread.Execute.Point 3
03.12.2024; 13:33:54; TCloseFormThread.Execute.Leave
03.12.2024; 13:33:54; Finish app
03.12.2024; 13:33:59; Start app
03.12.2024; 13:34:18; TCloseFormThread.Execute.Enter
03.12.2024; 13:34:18; FForm assigned
03.12.2024; 13:34:18; FForm.ThreadRegistry assigned
03.12.2024; 13:34:18; TCloseFormThread.Execute.Point 1
03.12.2024; 13:34:18; TCloseFormThread.Execute.Point 2
03.12.2024; 13:34:19; TCloseFormThread.Execute.Point 3
03.12.2024; 13:34:19; TCloseFormThread.Execute.Leave
03.12.2024; 13:34:19; Finish app
03.12.2024; 13:42:13; Start app
03.12.2024; 13:42:54; Start app
03.12.2024; 13:43:32; TCloseFormThread.Execute.Enter
03.12.2024; 13:43:32; FForm assigned
03.12.2024; 13:43:32; FForm.ThreadRegistry assigned
03.12.2024; 13:43:32; TCloseFormThread.Execute.Point 1
03.12.2024; 13:43:32; TCloseFormThread.Execute.Point 2
03.12.2024; 13:43:32; TCloseFormThread.Execute.Point 3
03.12.2024; 13:43:32; TCloseFormThread.Execute.Leave
03.12.2024; 13:43:32; Finish app
03.12.2024; 13:44:38; Start app
03.12.2024; 13:47:08; Start app
03.12.2024; 13:51:14; Start app
03.12.2024; 14:05:05; Start app
03.12.2024; 14:06:08; Start app
03.12.2024; 14:09:07; Start app
03.12.2024; 14:09:35; TCloseFormThread.Execute.Enter
03.12.2024; 14:09:35; FForm assigned
03.12.2024; 14:09:35; FForm.ThreadRegistry assigned
03.12.2024; 14:09:35; TCloseFormThread.Execute.Point 1
03.12.2024; 14:09:35; TCloseFormThread.Execute.Point 2
03.12.2024; 14:09:36; TCloseFormThread.Execute.Point 3
03.12.2024; 14:09:36; TCloseFormThread.Execute.Leave
03.12.2024; 14:09:36; Finish app
03.12.2024; 14:22:41; Start app
03.12.2024; 14:26:20; Start app
03.12.2024; 14:27:50; Start app
03.12.2024; 14:28:15; TCloseFormThread.Execute.Enter
03.12.2024; 14:28:15; FForm assigned
03.12.2024; 14:28:15; FForm.ThreadRegistry assigned
03.12.2024; 14:28:15; TCloseFormThread.Execute.Point 1
03.12.2024; 14:28:15; TCloseFormThread.Execute.Point 2
03.12.2024; 14:28:16; TCloseFormThread.Execute.Point 3
03.12.2024; 14:28:16; TCloseFormThread.Execute.Leave
03.12.2024; 14:28:16; Finish app
03.12.2024; 14:45:46; Start app
03.12.2024; 14:46:07; TCloseFormThread.Execute.Enter
03.12.2024; 14:46:07; FForm assigned
03.12.2024; 14:46:07; FForm.ThreadRegistry assigned
03.12.2024; 14:46:07; TCloseFormThread.Execute.Point 1
03.12.2024; 14:46:07; TCloseFormThread.Execute.Point 2
03.12.2024; 14:46:07; TCloseFormThread.Execute.Point 3
03.12.2024; 14:46:07; TCloseFormThread.Execute.Leave
03.12.2024; 14:46:07; Finish app
03.12.2024; 14:46:29; Start app
03.12.2024; 14:47:03; TCloseFormThread.Execute.Enter
03.12.2024; 14:47:03; FForm assigned
03.12.2024; 14:47:03; FForm.ThreadRegistry assigned
03.12.2024; 14:47:03; TCloseFormThread.Execute.Point 1
03.12.2024; 14:47:03; TCloseFormThread.Execute.Point 2
03.12.2024; 14:47:03; TCloseFormThread.Execute.Point 3
03.12.2024; 14:47:03; TCloseFormThread.Execute.Leave
03.12.2024; 14:47:03; Finish app
03.12.2024; 14:47:27; Start app
03.12.2024; 14:47:33; TCloseFormThread.Execute.Enter
03.12.2024; 14:47:33; FForm assigned
03.12.2024; 14:47:33; FForm.ThreadRegistry assigned
03.12.2024; 14:47:33; TCloseFormThread.Execute.Point 1
03.12.2024; 14:47:33; TCloseFormThread.Execute.Point 2
03.12.2024; 14:47:33; TCloseFormThread.Execute.Point 3
03.12.2024; 14:47:33; TCloseFormThread.Execute.Leave
03.12.2024; 14:47:33; Finish app
03.12.2024; 14:47:58; Start app
03.12.2024; 14:48:29; TCloseFormThread.Execute.Enter
03.12.2024; 14:48:29; FForm assigned
03.12.2024; 14:48:29; FForm.ThreadRegistry assigned
03.12.2024; 14:48:29; TCloseFormThread.Execute.Point 1
03.12.2024; 14:48:29; TCloseFormThread.Execute.Point 2
03.12.2024; 14:48:29; TCloseFormThread.Execute.Point 3
03.12.2024; 14:48:29; TCloseFormThread.Execute.Leave
03.12.2024; 14:48:29; Finish app
03.12.2024; 15:01:13; Start app
03.12.2024; 15:02:18; TCloseFormThread.Execute.Enter
03.12.2024; 15:02:18; FForm assigned
03.12.2024; 15:02:18; FForm.ThreadRegistry assigned
03.12.2024; 15:02:18; TCloseFormThread.Execute.Point 1
03.12.2024; 15:02:18; TCloseFormThread.Execute.Point 2
03.12.2024; 15:02:18; TCloseFormThread.Execute.Point 3
03.12.2024; 15:02:18; TCloseFormThread.Execute.Leave
03.12.2024; 15:02:18; Finish app
03.12.2024; 17:37:30; Start app
03.12.2024; 17:38:15; TCloseFormThread.Execute.Enter
03.12.2024; 17:38:15; FForm assigned
03.12.2024; 17:38:15; FForm.ThreadRegistry assigned
03.12.2024; 17:38:15; TCloseFormThread.Execute.Point 1
03.12.2024; 17:38:15; TCloseFormThread.Execute.Point 2
03.12.2024; 17:38:15; TCloseFormThread.Execute.Point 3
03.12.2024; 17:38:15; TCloseFormThread.Execute.Leave
03.12.2024; 17:38:15; Finish app
03.12.2024; 17:40:26; Start app
03.12.2024; 17:40:54; TCloseFormThread.Execute.Enter
03.12.2024; 17:40:54; FForm assigned
03.12.2024; 17:40:54; FForm.ThreadRegistry assigned
03.12.2024; 17:40:54; TCloseFormThread.Execute.Point 1
03.12.2024; 17:40:54; TCloseFormThread.Execute.Point 2
03.12.2024; 17:40:55; TCloseFormThread.Execute.Point 3
03.12.2024; 17:40:55; TCloseFormThread.Execute.Leave
03.12.2024; 17:40:55; Finish app
03.12.2024; 17:47:08; Start app
03.12.2024; 17:48:42; TCloseFormThread.Execute.Enter
03.12.2024; 17:48:42; FForm assigned
03.12.2024; 17:48:42; FForm.ThreadRegistry assigned
03.12.2024; 17:48:42; TCloseFormThread.Execute.Point 1
03.12.2024; 17:48:42; TCloseFormThread.Execute.Point 2
03.12.2024; 17:48:42; TCloseFormThread.Execute.Point 3
03.12.2024; 17:48:42; TCloseFormThread.Execute.Leave
03.12.2024; 17:48:42; Finish app
03.12.2024; 17:49:31; Start app
03.12.2024; 17:49:56; TCloseFormThread.Execute.Enter
03.12.2024; 17:49:56; FForm assigned
03.12.2024; 17:49:56; FForm.ThreadRegistry assigned
03.12.2024; 17:49:56; TCloseFormThread.Execute.Point 1
03.12.2024; 17:49:56; TCloseFormThread.Execute.Point 2
03.12.2024; 17:49:56; TCloseFormThread.Execute.Point 3
03.12.2024; 17:49:56; TCloseFormThread.Execute.Leave
03.12.2024; 17:49:56; Finish app
03.12.2024; 18:08:46; Start app
03.12.2024; 18:09:04; TCloseFormThread.Execute.Enter
03.12.2024; 18:09:04; FForm assigned
03.12.2024; 18:09:04; FForm.ThreadRegistry assigned
03.12.2024; 18:09:04; TCloseFormThread.Execute.Point 1
03.12.2024; 18:09:04; TCloseFormThread.Execute.Point 2
03.12.2024; 18:09:05; TCloseFormThread.Execute.Point 3
03.12.2024; 18:09:05; TCloseFormThread.Execute.Leave
03.12.2024; 18:09:05; Finish app
03.12.2024; 18:12:02; Start app
03.12.2024; 18:15:09; Start app
03.12.2024; 18:17:26; Start app
03.12.2024; 18:18:12; TCloseFormThread.Execute.Enter
03.12.2024; 18:18:12; FForm assigned
03.12.2024; 18:18:12; FForm.ThreadRegistry assigned
03.12.2024; 18:18:12; TCloseFormThread.Execute.Point 1
03.12.2024; 18:18:12; TCloseFormThread.Execute.Point 2
03.12.2024; 18:18:12; TCloseFormThread.Execute.Point 3
03.12.2024; 18:18:12; TCloseFormThread.Execute.Leave
03.12.2024; 18:18:12; Finish app
03.12.2024; 18:28:03; Start app
03.12.2024; 18:28:52; TCloseFormThread.Execute.Enter
03.12.2024; 18:28:52; FForm assigned
03.12.2024; 18:28:52; FForm.ThreadRegistry assigned
03.12.2024; 18:28:53; TCloseFormThread.Execute.Leave
03.12.2024; 18:28:53; Finish app
03.12.2024; 18:28:58; Start app
03.12.2024; 18:29:15; TCloseFormThread.Execute.Enter
03.12.2024; 18:29:15; FForm assigned
03.12.2024; 18:29:15; FForm.ThreadRegistry assigned
03.12.2024; 18:29:16; TCloseFormThread.Execute.Leave
03.12.2024; 18:29:16; Finish app
03.12.2024; 19:52:20; Start app
03.12.2024; 19:52:33; TCloseFormThread.Execute.Enter
03.12.2024; 19:52:33; FForm assigned
03.12.2024; 19:52:33; FForm.ThreadRegistry assigned
03.12.2024; 19:52:33; TCloseFormThread.Execute.Leave
03.12.2024; 19:52:33; Finish app
