04.12.2024; 19:15:16; Start app
04.12.2024; 19:18:29; TCloseFormThread.Execute.Enter
04.12.2024; 19:18:29; FForm assigned
04.12.2024; 19:18:29; FForm.ThreadRegistry assigned
04.12.2024; 19:18:30; TCloseFormThread.Execute.Leave
04.12.2024; 19:18:30; Finish app
04.12.2024; 19:18:32; Start app
04.12.2024; 19:18:38; TCloseFormThread.Execute.Enter
04.12.2024; 19:18:38; FForm assigned
04.12.2024; 19:18:38; FForm.ThreadRegistry assigned
04.12.2024; 19:18:39; TCloseFormThread.Execute.Leave
04.12.2024; 19:18:39; Finish app
04.12.2024; 20:44:11; Start app
04.12.2024; 20:44:24; TCloseFormThread.Execute.Enter
04.12.2024; 20:44:24; FForm assigned
04.12.2024; 20:44:24; FForm.ThreadRegistry assigned
04.12.2024; 20:44:26; TCloseFormThread.Execute.Leave
04.12.2024; 20:44:26; Finish app
04.12.2024; 20:44:28; Start app
04.12.2024; 20:44:31; TCloseFormThread.Execute.Enter
04.12.2024; 20:44:31; FForm assigned
04.12.2024; 20:44:31; FForm.ThreadRegistry assigned
04.12.2024; 20:44:31; TCloseFormThread.Execute.Leave
04.12.2024; 20:44:31; Finish app
