04.02.2025; 12:36:57; TCloseFormThread.Execute.Enter
04.02.2025; 12:36:57; FForm assigned
04.02.2025; 12:36:57; FForm.ThreadRegistry assigned
04.02.2025; 12:36:57; TCloseFormThread.Execute.Leave
04.02.2025; 12:36:57; Finish app
04.02.2025; 12:57:16; Start app
04.02.2025; 12:57:20; TCloseFormThread.Execute.Enter
04.02.2025; 12:57:20; FForm assigned
04.02.2025; 12:57:20; FForm.ThreadRegistry assigned
04.02.2025; 12:57:21; TCloseFormThread.Execute.Leave
04.02.2025; 12:57:21; Finish app
04.02.2025; 12:57:24; Start app
04.02.2025; 13:45:25; TCloseFormThread.Execute.Enter
04.02.2025; 13:45:25; FForm assigned
04.02.2025; 13:45:25; FForm.ThreadRegistry assigned
04.02.2025; 13:45:26; TCloseFormThread.Execute.Leave
04.02.2025; 13:45:26; Finish app
04.02.2025; 13:45:39; Start app
04.02.2025; 13:45:42; TCloseFormThread.Execute.Enter
04.02.2025; 13:45:42; FForm assigned
04.02.2025; 13:45:42; FForm.ThreadRegistry assigned
04.02.2025; 13:45:43; TCloseFormThread.Execute.Leave
04.02.2025; 13:45:43; Finish app
04.02.2025; 20:06:19; Start app
