06.12.2024; 10:08:41; Start app
06.12.2024; 10:14:27; TCloseFormThread.Execute.Enter
06.12.2024; 10:14:27; FForm assigned
06.12.2024; 10:14:27; FForm.ThreadRegistry assigned
06.12.2024; 10:14:28; TCloseFormThread.Execute.Leave
06.12.2024; 10:14:29; Finish app
06.12.2024; 10:14:33; Start app
06.12.2024; 10:15:22; TCloseFormThread.Execute.Enter
06.12.2024; 10:15:22; FForm assigned
06.12.2024; 10:15:22; FForm.ThreadRegistry assigned
06.12.2024; 10:15:22; TCloseFormThread.Execute.Leave
06.12.2024; 10:15:22; Finish app
06.12.2024; 13:56:07; Start app
06.12.2024; 13:59:46; Start app
06.12.2024; 14:00:01; TCloseFormThread.Execute.Enter
06.12.2024; 14:00:01; FForm assigned
06.12.2024; 14:00:01; FForm.ThreadRegistry assigned
06.12.2024; 14:00:01; TCloseFormThread.Execute.Leave
06.12.2024; 14:00:02; Finish app
06.12.2024; 14:00:10; Start app
06.12.2024; 14:00:18; TCloseFormThread.Execute.Enter
06.12.2024; 14:00:18; FForm assigned
06.12.2024; 14:00:18; FForm.ThreadRegistry assigned
06.12.2024; 14:00:18; TCloseFormThread.Execute.Leave
06.12.2024; 14:00:18; Finish app
06.12.2024; 14:01:06; Start app
06.12.2024; 14:01:13; TCloseFormThread.Execute.Enter
06.12.2024; 14:01:13; FForm assigned
06.12.2024; 14:01:13; FForm.ThreadRegistry assigned
06.12.2024; 14:01:14; TCloseFormThread.Execute.Leave
06.12.2024; 14:01:14; Finish app
06.12.2024; 14:01:20; Start app
06.12.2024; 14:01:26; TCloseFormThread.Execute.Enter
06.12.2024; 14:01:26; FForm assigned
06.12.2024; 14:01:26; FForm.ThreadRegistry assigned
06.12.2024; 14:01:27; TCloseFormThread.Execute.Leave
06.12.2024; 14:01:27; Finish app
06.12.2024; 14:01:33; Start app
06.12.2024; 14:01:40; TCloseFormThread.Execute.Enter
06.12.2024; 14:01:40; FForm assigned
06.12.2024; 14:01:40; FForm.ThreadRegistry assigned
06.12.2024; 14:01:41; TCloseFormThread.Execute.Leave
06.12.2024; 14:01:41; Finish app
06.12.2024; 14:01:51; Start app
06.12.2024; 14:01:54; TCloseFormThread.Execute.Enter
06.12.2024; 14:01:54; FForm assigned
06.12.2024; 14:01:54; FForm.ThreadRegistry assigned
06.12.2024; 14:01:54; TCloseFormThread.Execute.Leave
06.12.2024; 14:01:54; Finish app
06.12.2024; 14:04:32; Start app
06.12.2024; 14:06:09; TCloseFormThread.Execute.Enter
06.12.2024; 14:06:09; FForm assigned
06.12.2024; 14:06:09; FForm.ThreadRegistry assigned
06.12.2024; 14:06:09; TCloseFormThread.Execute.Leave
06.12.2024; 14:06:36; Start app
06.12.2024; 14:06:44; TCloseFormThread.Execute.Enter
06.12.2024; 14:06:44; FForm assigned
06.12.2024; 14:06:44; FForm.ThreadRegistry assigned
06.12.2024; 14:06:44; TCloseFormThread.Execute.Leave
06.12.2024; 14:06:44; Finish app
06.12.2024; 14:06:56; Start app
06.12.2024; 14:07:09; TCloseFormThread.Execute.Enter
06.12.2024; 14:07:09; FForm assigned
06.12.2024; 14:07:09; FForm.ThreadRegistry assigned
06.12.2024; 14:07:10; TCloseFormThread.Execute.Leave
06.12.2024; 14:07:10; Finish app
06.12.2024; 16:13:09; Start app
06.12.2024; 16:13:15; TCloseFormThread.Execute.Enter
06.12.2024; 16:13:15; FForm assigned
06.12.2024; 16:13:15; FForm.ThreadRegistry assigned
06.12.2024; 16:13:15; TCloseFormThread.Execute.Leave
06.12.2024; 16:13:15; Finish app
06.12.2024; 18:22:04; Start app
06.12.2024; 18:22:09; TCloseFormThread.Execute.Enter
06.12.2024; 18:22:09; FForm assigned
06.12.2024; 18:22:09; FForm.ThreadRegistry assigned
06.12.2024; 18:22:10; TCloseFormThread.Execute.Leave
06.12.2024; 18:22:10; Finish app
06.12.2024; 18:26:25; Start app
06.12.2024; 18:26:28; TCloseFormThread.Execute.Enter
06.12.2024; 18:26:28; FForm assigned
06.12.2024; 18:26:28; FForm.ThreadRegistry assigned
06.12.2024; 18:26:29; TCloseFormThread.Execute.Leave
06.12.2024; 18:26:29; Finish app
06.12.2024; 18:27:06; Start app
06.12.2024; 18:27:23; TCloseFormThread.Execute.Enter
06.12.2024; 18:27:23; FForm assigned
06.12.2024; 18:27:23; FForm.ThreadRegistry assigned
06.12.2024; 18:27:24; TCloseFormThread.Execute.Leave
06.12.2024; 18:27:24; Finish app
06.12.2024; 18:28:09; Start app
06.12.2024; 18:28:23; Start app
06.12.2024; 18:28:27; TCloseFormThread.Execute.Enter
06.12.2024; 18:28:27; FForm assigned
06.12.2024; 18:28:27; FForm.ThreadRegistry assigned
06.12.2024; 18:28:28; TCloseFormThread.Execute.Leave
06.12.2024; 18:28:28; Finish app
06.12.2024; 19:01:50; Start app
06.12.2024; 19:01:56; TCloseFormThread.Execute.Enter
06.12.2024; 19:01:56; FForm assigned
06.12.2024; 19:01:56; FForm.ThreadRegistry assigned
06.12.2024; 19:01:57; TCloseFormThread.Execute.Leave
06.12.2024; 19:01:57; Finish app
06.12.2024; 22:21:49; Start app
06.12.2024; 22:21:56; TCloseFormThread.Execute.Enter
06.12.2024; 22:21:56; FForm assigned
06.12.2024; 22:21:56; FForm.ThreadRegistry assigned
06.12.2024; 22:21:56; TCloseFormThread.Execute.Leave
06.12.2024; 22:21:56; Finish app
06.12.2024; 22:22:40; Start app
06.12.2024; 22:22:56; TCloseFormThread.Execute.Enter
06.12.2024; 22:22:56; FForm assigned
06.12.2024; 22:22:56; FForm.ThreadRegistry assigned
06.12.2024; 22:22:57; TCloseFormThread.Execute.Leave
06.12.2024; 22:22:57; Finish app
06.12.2024; 22:23:14; Start app
06.12.2024; 22:23:20; TCloseFormThread.Execute.Enter
06.12.2024; 22:23:20; FForm assigned
06.12.2024; 22:23:20; FForm.ThreadRegistry assigned
06.12.2024; 22:23:21; TCloseFormThread.Execute.Leave
06.12.2024; 22:23:21; Finish app
06.12.2024; 22:24:06; Start app
06.12.2024; 22:24:08; TCloseFormThread.Execute.Enter
06.12.2024; 22:24:08; FForm assigned
06.12.2024; 22:24:08; FForm.ThreadRegistry assigned
06.12.2024; 22:24:09; TCloseFormThread.Execute.Leave
06.12.2024; 22:24:09; Finish app
06.12.2024; 22:24:52; Start app
06.12.2024; 22:24:55; TCloseFormThread.Execute.Enter
06.12.2024; 22:24:55; FForm assigned
06.12.2024; 22:24:55; FForm.ThreadRegistry assigned
06.12.2024; 22:24:55; TCloseFormThread.Execute.Leave
06.12.2024; 22:24:56; Finish app
06.12.2024; 22:26:52; Start app
06.12.2024; 22:27:08; TCloseFormThread.Execute.Enter
06.12.2024; 22:27:08; FForm assigned
06.12.2024; 22:27:08; FForm.ThreadRegistry assigned
06.12.2024; 22:27:08; TCloseFormThread.Execute.Leave
06.12.2024; 22:27:08; Finish app
06.12.2024; 22:27:16; Start app
06.12.2024; 22:27:25; TCloseFormThread.Execute.Enter
06.12.2024; 22:27:25; FForm assigned
06.12.2024; 22:27:25; FForm.ThreadRegistry assigned
06.12.2024; 22:27:25; TCloseFormThread.Execute.Leave
06.12.2024; 22:27:25; Finish app
06.12.2024; 22:27:27; Start app
06.12.2024; 22:27:36; TCloseFormThread.Execute.Enter
06.12.2024; 22:27:36; FForm assigned
06.12.2024; 22:27:36; FForm.ThreadRegistry assigned
06.12.2024; 22:27:37; TCloseFormThread.Execute.Leave
06.12.2024; 22:27:37; Finish app
06.12.2024; 22:27:41; Start app
06.12.2024; 22:27:50; TCloseFormThread.Execute.Enter
06.12.2024; 22:27:50; FForm assigned
06.12.2024; 22:27:50; FForm.ThreadRegistry assigned
06.12.2024; 22:27:51; TCloseFormThread.Execute.Leave
06.12.2024; 22:27:51; Finish app
06.12.2024; 22:27:53; Start app
06.12.2024; 22:27:55; TCloseFormThread.Execute.Enter
06.12.2024; 22:27:55; FForm assigned
06.12.2024; 22:27:55; FForm.ThreadRegistry assigned
06.12.2024; 22:27:56; TCloseFormThread.Execute.Leave
06.12.2024; 22:27:56; Finish app
06.12.2024; 22:28:00; Start app
06.12.2024; 22:28:31; TCloseFormThread.Execute.Enter
06.12.2024; 22:28:31; FForm assigned
06.12.2024; 22:28:31; FForm.ThreadRegistry assigned
06.12.2024; 22:28:32; TCloseFormThread.Execute.Leave
06.12.2024; 22:28:32; Finish app
