09.12.2024; 9:30:34; Start app
09.12.2024; 9:30:36; TCloseFormThread.Execute.Enter
09.12.2024; 9:30:36; FForm assigned
09.12.2024; 9:30:36; FForm.ThreadRegistry assigned
09.12.2024; 9:30:37; TCloseFormThread.Execute.Leave
09.12.2024; 9:30:37; Finish app
09.12.2024; 9:31:20; Start app
09.12.2024; 9:31:38; TCloseFormThread.Execute.Enter
09.12.2024; 9:31:38; FForm assigned
09.12.2024; 9:31:38; FForm.ThreadRegistry assigned
09.12.2024; 9:31:38; TCloseFormThread.Execute.Leave
09.12.2024; 9:31:38; Finish app
09.12.2024; 10:12:59; Start app
09.12.2024; 10:13:03; TCloseFormThread.Execute.Enter
09.12.2024; 10:13:03; FForm assigned
09.12.2024; 10:13:03; FForm.ThreadRegistry assigned
09.12.2024; 10:13:03; TCloseFormThread.Execute.Leave
09.12.2024; 10:13:04; Finish app
09.12.2024; 19:04:03; Start app
09.12.2024; 19:04:53; TCloseFormThread.Execute.Enter
09.12.2024; 19:04:53; FForm assigned
09.12.2024; 19:04:53; FForm.ThreadRegistry assigned
09.12.2024; 19:04:54; TCloseFormThread.Execute.Leave
09.12.2024; 19:04:54; Finish app
09.12.2024; 19:49:05; Start app
09.12.2024; 19:49:43; TCloseFormThread.Execute.Enter
09.12.2024; 19:49:43; FForm assigned
09.12.2024; 19:49:43; FForm.ThreadRegistry assigned
09.12.2024; 19:49:44; TCloseFormThread.Execute.Leave
09.12.2024; 19:49:44; Finish app
09.12.2024; 19:49:46; Start app
09.12.2024; 19:49:53; TCloseFormThread.Execute.Enter
09.12.2024; 19:49:53; FForm assigned
09.12.2024; 19:49:53; FForm.ThreadRegistry assigned
09.12.2024; 19:49:54; TCloseFormThread.Execute.Leave
09.12.2024; 19:49:54; Finish app
09.12.2024; 19:51:53; Start app
09.12.2024; 19:52:15; TCloseFormThread.Execute.Enter
09.12.2024; 19:52:15; FForm assigned
09.12.2024; 19:52:15; FForm.ThreadRegistry assigned
09.12.2024; 19:52:15; TCloseFormThread.Execute.Leave
09.12.2024; 19:52:15; Finish app
09.12.2024; 19:57:02; Start app
09.12.2024; 19:57:09; TCloseFormThread.Execute.Enter
09.12.2024; 19:57:09; FForm assigned
09.12.2024; 19:57:09; FForm.ThreadRegistry assigned
09.12.2024; 19:57:10; TCloseFormThread.Execute.Leave
09.12.2024; 19:57:10; Finish app
09.12.2024; 20:01:14; Start app
09.12.2024; 20:03:08; Start app
09.12.2024; 20:03:33; TCloseFormThread.Execute.Enter
09.12.2024; 20:03:33; FForm assigned
09.12.2024; 20:03:33; FForm.ThreadRegistry assigned
09.12.2024; 20:03:34; TCloseFormThread.Execute.Leave
09.12.2024; 20:03:34; Finish app
09.12.2024; 20:03:46; Start app
09.12.2024; 20:03:49; TCloseFormThread.Execute.Enter
09.12.2024; 20:03:49; FForm assigned
09.12.2024; 20:03:49; FForm.ThreadRegistry assigned
09.12.2024; 20:03:50; TCloseFormThread.Execute.Leave
09.12.2024; 20:03:50; Finish app
09.12.2024; 20:05:47; Start app
09.12.2024; 20:06:09; TCloseFormThread.Execute.Enter
09.12.2024; 20:06:09; FForm assigned
09.12.2024; 20:06:09; FForm.ThreadRegistry assigned
09.12.2024; 20:06:10; TCloseFormThread.Execute.Leave
09.12.2024; 20:06:10; Finish app
09.12.2024; 20:06:29; Start app
09.12.2024; 20:06:44; TCloseFormThread.Execute.Enter
09.12.2024; 20:06:44; FForm assigned
09.12.2024; 20:06:44; FForm.ThreadRegistry assigned
09.12.2024; 20:06:45; TCloseFormThread.Execute.Leave
09.12.2024; 20:06:45; Finish app
09.12.2024; 21:45:58; Start app
09.12.2024; 21:46:04; TCloseFormThread.Execute.Enter
09.12.2024; 21:46:04; FForm assigned
09.12.2024; 21:46:04; FForm.ThreadRegistry assigned
09.12.2024; 21:46:05; TCloseFormThread.Execute.Leave
09.12.2024; 21:46:05; Finish app
09.12.2024; 21:49:03; Start app
09.12.2024; 21:49:20; TCloseFormThread.Execute.Enter
09.12.2024; 21:49:20; FForm assigned
09.12.2024; 21:49:20; FForm.ThreadRegistry assigned
09.12.2024; 21:49:21; TCloseFormThread.Execute.Leave
09.12.2024; 21:49:21; Finish app
