10.12.2024; 9:26:20; Start app
10.12.2024; 9:26:23; TCloseFormThread.Execute.Enter
10.12.2024; 9:26:23; FForm assigned
10.12.2024; 9:26:23; FForm.ThreadRegistry assigned
10.12.2024; 9:26:24; TCloseFormThread.Execute.Leave
10.12.2024; 9:26:24; Finish app
10.12.2024; 10:39:20; Start app
10.12.2024; 10:39:28; TCloseFormThread.Execute.Enter
10.12.2024; 10:39:28; FForm assigned
10.12.2024; 10:39:28; FForm.ThreadRegistry assigned
10.12.2024; 10:39:29; TCloseFormThread.Execute.Leave
10.12.2024; 10:39:29; Finish app
10.12.2024; 10:40:07; Start app
10.12.2024; 10:40:59; Start app
10.12.2024; 10:41:08; TCloseFormThread.Execute.Enter
10.12.2024; 10:41:08; FForm assigned
10.12.2024; 10:41:08; FForm.ThreadRegistry assigned
10.12.2024; 10:41:08; TCloseFormThread.Execute.Leave
10.12.2024; 10:41:09; Finish app
10.12.2024; 10:42:20; Start app
10.12.2024; 10:53:32; Start app
10.12.2024; 10:53:56; TCloseFormThread.Execute.Enter
10.12.2024; 10:53:56; FForm assigned
10.12.2024; 10:53:56; FForm.ThreadRegistry assigned
10.12.2024; 10:53:57; TCloseFormThread.Execute.Leave
10.12.2024; 10:54:02; Finish app
10.12.2024; 10:54:30; Start app
10.12.2024; 10:55:27; TCloseFormThread.Execute.Enter
10.12.2024; 10:55:27; FForm assigned
10.12.2024; 10:55:27; FForm.ThreadRegistry assigned
10.12.2024; 10:55:27; TCloseFormThread.Execute.Leave
10.12.2024; 10:55:29; Finish app
10.12.2024; 10:59:56; Start app
10.12.2024; 11:00:18; TCloseFormThread.Execute.Enter
10.12.2024; 11:00:18; FForm assigned
10.12.2024; 11:00:18; FForm.ThreadRegistry assigned
10.12.2024; 11:00:19; TCloseFormThread.Execute.Leave
10.12.2024; 11:00:22; Finish app
10.12.2024; 11:17:08; Start app
10.12.2024; 11:17:16; TCloseFormThread.Execute.Enter
10.12.2024; 11:17:16; FForm assigned
10.12.2024; 11:17:16; FForm.ThreadRegistry assigned
10.12.2024; 11:17:17; TCloseFormThread.Execute.Leave
10.12.2024; 11:17:17; Finish app
10.12.2024; 11:18:21; Start app
10.12.2024; 11:18:29; TCloseFormThread.Execute.Enter
10.12.2024; 11:18:29; FForm assigned
10.12.2024; 11:18:29; FForm.ThreadRegistry assigned
10.12.2024; 11:18:30; TCloseFormThread.Execute.Leave
10.12.2024; 11:18:30; Finish app
10.12.2024; 11:25:32; Start app
10.12.2024; 11:25:41; TCloseFormThread.Execute.Enter
10.12.2024; 11:25:41; FForm assigned
10.12.2024; 11:25:41; FForm.ThreadRegistry assigned
10.12.2024; 11:25:42; TCloseFormThread.Execute.Leave
10.12.2024; 11:25:42; Finish app
10.12.2024; 12:45:00; Start app
10.12.2024; 12:45:44; TCloseFormThread.Execute.Enter
10.12.2024; 12:45:44; FForm assigned
10.12.2024; 12:45:44; FForm.ThreadRegistry assigned
10.12.2024; 12:45:45; TCloseFormThread.Execute.Leave
10.12.2024; 12:45:45; Finish app
10.12.2024; 17:50:10; Start app
10.12.2024; 17:50:12; TCloseFormThread.Execute.Enter
10.12.2024; 17:50:12; FForm assigned
10.12.2024; 17:50:12; FForm.ThreadRegistry assigned
10.12.2024; 17:50:13; TCloseFormThread.Execute.Leave
10.12.2024; 17:50:13; Finish app
10.12.2024; 18:01:34; Start app
10.12.2024; 18:02:55; TCloseFormThread.Execute.Enter
10.12.2024; 18:02:55; FForm assigned
10.12.2024; 18:02:55; FForm.ThreadRegistry assigned
10.12.2024; 18:02:55; TCloseFormThread.Execute.Leave
10.12.2024; 18:02:55; Finish app
10.12.2024; 18:06:36; Start app
10.12.2024; 18:06:49; TCloseFormThread.Execute.Enter
10.12.2024; 18:06:49; FForm assigned
10.12.2024; 18:06:49; FForm.ThreadRegistry assigned
10.12.2024; 18:06:49; TCloseFormThread.Execute.Leave
10.12.2024; 18:06:50; Finish app
10.12.2024; 18:07:50; Start app
10.12.2024; 18:08:06; TCloseFormThread.Execute.Enter
10.12.2024; 18:08:06; FForm assigned
10.12.2024; 18:08:06; FForm.ThreadRegistry assigned
10.12.2024; 18:08:07; TCloseFormThread.Execute.Leave
10.12.2024; 18:08:07; Finish app
10.12.2024; 18:09:52; Start app
10.12.2024; 18:10:12; TCloseFormThread.Execute.Enter
10.12.2024; 18:10:12; FForm assigned
10.12.2024; 18:10:12; FForm.ThreadRegistry assigned
10.12.2024; 18:10:13; TCloseFormThread.Execute.Leave
10.12.2024; 18:10:13; Finish app
10.12.2024; 18:10:43; Start app
10.12.2024; 18:10:55; TCloseFormThread.Execute.Enter
10.12.2024; 18:10:55; FForm assigned
10.12.2024; 18:10:55; FForm.ThreadRegistry assigned
10.12.2024; 18:10:56; TCloseFormThread.Execute.Leave
10.12.2024; 18:10:56; Finish app
10.12.2024; 18:19:11; Start app
10.12.2024; 18:19:15; TCloseFormThread.Execute.Enter
10.12.2024; 18:19:15; FForm assigned
10.12.2024; 18:19:15; FForm.ThreadRegistry assigned
10.12.2024; 18:19:15; TCloseFormThread.Execute.Leave
10.12.2024; 18:19:15; Finish app
10.12.2024; 18:37:56; Start app
10.12.2024; 18:38:08; TCloseFormThread.Execute.Enter
10.12.2024; 18:38:08; FForm assigned
10.12.2024; 18:38:08; FForm.ThreadRegistry assigned
10.12.2024; 18:38:08; TCloseFormThread.Execute.Leave
10.12.2024; 18:38:08; Finish app
10.12.2024; 18:48:21; Start app
10.12.2024; 18:48:35; TCloseFormThread.Execute.Enter
10.12.2024; 18:48:35; FForm assigned
10.12.2024; 18:48:35; FForm.ThreadRegistry assigned
10.12.2024; 18:48:35; TCloseFormThread.Execute.Leave
10.12.2024; 18:48:35; Finish app
10.12.2024; 18:50:13; Start app
10.12.2024; 18:50:16; TCloseFormThread.Execute.Enter
10.12.2024; 18:50:16; FForm assigned
10.12.2024; 18:50:16; FForm.ThreadRegistry assigned
10.12.2024; 18:50:17; TCloseFormThread.Execute.Leave
10.12.2024; 18:50:17; Finish app
10.12.2024; 18:54:42; Start app
10.12.2024; 18:54:54; TCloseFormThread.Execute.Enter
10.12.2024; 18:54:54; FForm assigned
10.12.2024; 18:54:54; FForm.ThreadRegistry assigned
10.12.2024; 18:54:55; TCloseFormThread.Execute.Leave
10.12.2024; 18:54:55; Finish app
10.12.2024; 18:55:57; Start app
10.12.2024; 18:56:12; TCloseFormThread.Execute.Enter
10.12.2024; 18:56:12; FForm assigned
10.12.2024; 18:56:12; FForm.ThreadRegistry assigned
10.12.2024; 18:56:12; TCloseFormThread.Execute.Leave
10.12.2024; 18:56:13; Finish app
10.12.2024; 19:02:48; Start app
10.12.2024; 19:03:07; TCloseFormThread.Execute.Enter
10.12.2024; 19:03:07; FForm assigned
10.12.2024; 19:03:07; FForm.ThreadRegistry assigned
10.12.2024; 19:03:08; TCloseFormThread.Execute.Leave
10.12.2024; 19:03:08; Finish app
10.12.2024; 22:32:37; Start app
10.12.2024; 22:32:40; TCloseFormThread.Execute.Enter
10.12.2024; 22:32:40; FForm assigned
10.12.2024; 22:32:40; FForm.ThreadRegistry assigned
10.12.2024; 22:32:40; TCloseFormThread.Execute.Leave
10.12.2024; 22:32:40; Finish app
10.12.2024; 22:39:39; Start app
10.12.2024; 22:39:50; TCloseFormThread.Execute.Enter
10.12.2024; 22:39:50; FForm assigned
10.12.2024; 22:39:50; FForm.ThreadRegistry assigned
10.12.2024; 22:39:51; TCloseFormThread.Execute.Leave
10.12.2024; 22:39:51; Finish app
10.12.2024; 22:50:26; Start app
10.12.2024; 22:50:36; TCloseFormThread.Execute.Enter
10.12.2024; 22:50:36; FForm assigned
10.12.2024; 22:50:36; FForm.ThreadRegistry assigned
10.12.2024; 22:50:37; TCloseFormThread.Execute.Leave
10.12.2024; 22:50:37; Finish app
10.12.2024; 22:54:35; Start app
10.12.2024; 22:55:12; TCloseFormThread.Execute.Enter
10.12.2024; 22:55:12; FForm assigned
10.12.2024; 22:55:12; FForm.ThreadRegistry assigned
10.12.2024; 22:55:13; TCloseFormThread.Execute.Leave
10.12.2024; 22:55:13; Finish app
10.12.2024; 22:56:44; Start app
10.12.2024; 22:57:18; TCloseFormThread.Execute.Enter
10.12.2024; 22:57:18; FForm assigned
10.12.2024; 22:57:18; FForm.ThreadRegistry assigned
10.12.2024; 22:57:19; TCloseFormThread.Execute.Leave
10.12.2024; 22:57:19; Finish app
10.12.2024; 22:59:22; Start app
10.12.2024; 22:59:34; TCloseFormThread.Execute.Enter
10.12.2024; 22:59:34; FForm assigned
10.12.2024; 22:59:34; FForm.ThreadRegistry assigned
10.12.2024; 22:59:35; TCloseFormThread.Execute.Leave
10.12.2024; 22:59:35; Finish app
10.12.2024; 23:04:02; Start app
10.12.2024; 23:04:38; TCloseFormThread.Execute.Enter
10.12.2024; 23:04:38; FForm assigned
10.12.2024; 23:04:38; FForm.ThreadRegistry assigned
10.12.2024; 23:04:38; TCloseFormThread.Execute.Leave
10.12.2024; 23:04:38; Finish app
10.12.2024; 23:05:47; Start app
10.12.2024; 23:06:17; TCloseFormThread.Execute.Enter
10.12.2024; 23:06:17; FForm assigned
10.12.2024; 23:06:17; FForm.ThreadRegistry assigned
10.12.2024; 23:06:17; TCloseFormThread.Execute.Leave
10.12.2024; 23:06:17; Finish app
10.12.2024; 23:08:08; Start app
10.12.2024; 23:08:58; TCloseFormThread.Execute.Enter
10.12.2024; 23:08:58; FForm assigned
10.12.2024; 23:08:58; FForm.ThreadRegistry assigned
10.12.2024; 23:08:59; TCloseFormThread.Execute.Leave
10.12.2024; 23:08:59; Finish app
