11.01.2025; 13:45:47; Start app
11.01.2025; 13:45:54; TCloseFormThread.Execute.Enter
11.01.2025; 13:45:54; FForm assigned
11.01.2025; 13:45:54; FForm.ThreadRegistry assigned
11.01.2025; 13:45:54; TCloseFormThread.Execute.Leave
11.01.2025; 13:45:54; Finish app
11.01.2025; 13:47:05; Start app
11.01.2025; 13:47:21; TCloseFormThread.Execute.Enter
11.01.2025; 13:47:21; FForm assigned
11.01.2025; 13:47:21; FForm.ThreadRegistry assigned
11.01.2025; 13:47:22; TCloseFormThread.Execute.Leave
11.01.2025; 13:47:22; Finish app
11.01.2025; 13:58:03; Start app
11.01.2025; 13:58:11; TCloseFormThread.Execute.Enter
11.01.2025; 13:58:11; FForm assigned
11.01.2025; 13:58:11; FForm.ThreadRegistry assigned
11.01.2025; 13:58:12; TCloseFormThread.Execute.Leave
11.01.2025; 13:58:12; Finish app
11.01.2025; 14:01:02; Start app
11.01.2025; 14:01:10; TCloseFormThread.Execute.Enter
11.01.2025; 14:01:10; FForm assigned
11.01.2025; 14:01:10; FForm.ThreadRegistry assigned
11.01.2025; 14:01:11; TCloseFormThread.Execute.Leave
11.01.2025; 14:01:11; Finish app
11.01.2025; 14:02:12; Start app
11.01.2025; 14:02:15; TCloseFormThread.Execute.Enter
11.01.2025; 14:02:15; FForm assigned
11.01.2025; 14:02:15; FForm.ThreadRegistry assigned
11.01.2025; 14:02:16; TCloseFormThread.Execute.Leave
11.01.2025; 14:02:16; Finish app
11.01.2025; 14:04:13; Start app
11.01.2025; 14:04:16; TCloseFormThread.Execute.Enter
11.01.2025; 14:04:16; FForm assigned
11.01.2025; 14:04:16; FForm.ThreadRegistry assigned
11.01.2025; 14:04:17; TCloseFormThread.Execute.Leave
11.01.2025; 14:04:17; Finish app
11.01.2025; 14:04:24; Start app
11.01.2025; 14:04:35; TCloseFormThread.Execute.Enter
11.01.2025; 14:04:35; FForm assigned
11.01.2025; 14:04:35; FForm.ThreadRegistry assigned
11.01.2025; 14:04:36; TCloseFormThread.Execute.Leave
11.01.2025; 14:04:36; Finish app
11.01.2025; 14:05:31; Start app
11.01.2025; 14:06:13; TCloseFormThread.Execute.Enter
11.01.2025; 14:06:13; FForm assigned
11.01.2025; 14:06:13; FForm.ThreadRegistry assigned
11.01.2025; 14:06:13; TCloseFormThread.Execute.Leave
11.01.2025; 14:06:14; Finish app
11.01.2025; 14:08:34; Start app
11.01.2025; 14:09:12; TCloseFormThread.Execute.Enter
11.01.2025; 14:09:12; FForm assigned
11.01.2025; 14:09:12; FForm.ThreadRegistry assigned
11.01.2025; 14:09:12; TCloseFormThread.Execute.Leave
11.01.2025; 14:09:12; Finish app
11.01.2025; 14:09:19; Start app
11.01.2025; 14:09:22; TCloseFormThread.Execute.Enter
11.01.2025; 14:09:22; FForm assigned
11.01.2025; 14:09:22; FForm.ThreadRegistry assigned
11.01.2025; 14:09:23; TCloseFormThread.Execute.Leave
11.01.2025; 14:09:23; Finish app
11.01.2025; 14:11:39; Start app
11.01.2025; 14:11:49; TCloseFormThread.Execute.Enter
11.01.2025; 14:11:49; FForm assigned
11.01.2025; 14:11:49; FForm.ThreadRegistry assigned
11.01.2025; 14:11:49; TCloseFormThread.Execute.Leave
11.01.2025; 14:11:49; Finish app
11.01.2025; 14:12:19; Start app
11.01.2025; 14:12:21; TCloseFormThread.Execute.Enter
11.01.2025; 14:12:21; FForm assigned
11.01.2025; 14:12:21; FForm.ThreadRegistry assigned
11.01.2025; 14:12:22; TCloseFormThread.Execute.Leave
11.01.2025; 14:12:22; Finish app
11.01.2025; 14:13:34; Start app
11.01.2025; 14:13:42; TCloseFormThread.Execute.Enter
11.01.2025; 14:13:42; FForm assigned
11.01.2025; 14:13:42; FForm.ThreadRegistry assigned
11.01.2025; 14:13:42; TCloseFormThread.Execute.Leave
11.01.2025; 14:13:42; Finish app
11.01.2025; 14:16:14; Start app
11.01.2025; 14:16:17; TCloseFormThread.Execute.Enter
11.01.2025; 14:16:17; FForm assigned
11.01.2025; 14:16:17; FForm.ThreadRegistry assigned
11.01.2025; 14:16:18; TCloseFormThread.Execute.Leave
11.01.2025; 14:16:18; Finish app
11.01.2025; 14:17:21; Start app
11.01.2025; 14:17:25; TCloseFormThread.Execute.Enter
11.01.2025; 14:17:25; FForm assigned
11.01.2025; 14:17:25; FForm.ThreadRegistry assigned
11.01.2025; 14:17:25; TCloseFormThread.Execute.Leave
11.01.2025; 14:17:25; Finish app
11.01.2025; 14:17:45; Start app
11.01.2025; 14:17:49; TCloseFormThread.Execute.Enter
11.01.2025; 14:17:49; FForm assigned
11.01.2025; 14:17:49; FForm.ThreadRegistry assigned
11.01.2025; 14:17:50; TCloseFormThread.Execute.Leave
11.01.2025; 14:17:50; Finish app
11.01.2025; 14:18:36; Start app
11.01.2025; 14:18:38; TCloseFormThread.Execute.Enter
11.01.2025; 14:18:38; FForm assigned
11.01.2025; 14:18:38; FForm.ThreadRegistry assigned
11.01.2025; 14:18:38; TCloseFormThread.Execute.Leave
11.01.2025; 14:18:38; Finish app
11.01.2025; 14:21:11; Start app
11.01.2025; 14:21:14; TCloseFormThread.Execute.Enter
11.01.2025; 14:21:14; FForm assigned
11.01.2025; 14:21:14; FForm.ThreadRegistry assigned
11.01.2025; 14:21:14; TCloseFormThread.Execute.Leave
11.01.2025; 14:21:14; Finish app
11.01.2025; 14:24:01; Start app
11.01.2025; 14:24:04; TCloseFormThread.Execute.Enter
11.01.2025; 14:24:04; FForm assigned
11.01.2025; 14:24:04; FForm.ThreadRegistry assigned
11.01.2025; 14:24:05; TCloseFormThread.Execute.Leave
11.01.2025; 14:24:05; Finish app
11.01.2025; 14:24:52; Start app
11.01.2025; 14:24:56; TCloseFormThread.Execute.Enter
11.01.2025; 14:24:56; FForm assigned
11.01.2025; 14:24:56; FForm.ThreadRegistry assigned
11.01.2025; 14:24:57; TCloseFormThread.Execute.Leave
11.01.2025; 14:24:57; Finish app
11.01.2025; 14:32:42; Start app
11.01.2025; 14:32:45; TCloseFormThread.Execute.Enter
11.01.2025; 14:32:45; FForm assigned
11.01.2025; 14:32:45; FForm.ThreadRegistry assigned
11.01.2025; 14:32:46; TCloseFormThread.Execute.Leave
11.01.2025; 14:32:46; Finish app
11.01.2025; 14:40:05; Start app
11.01.2025; 14:40:36; Start app
11.01.2025; 14:40:44; TCloseFormThread.Execute.Enter
11.01.2025; 14:40:44; FForm assigned
11.01.2025; 14:40:44; FForm.ThreadRegistry assigned
11.01.2025; 14:40:45; TCloseFormThread.Execute.Leave
11.01.2025; 14:40:45; Finish app
11.01.2025; 14:40:54; Start app
11.01.2025; 14:41:12; Start app
11.01.2025; 14:41:50; TCloseFormThread.Execute.Enter
11.01.2025; 14:41:50; FForm assigned
11.01.2025; 14:41:50; FForm.ThreadRegistry assigned
11.01.2025; 14:41:51; TCloseFormThread.Execute.Leave
11.01.2025; 14:41:51; Finish app
11.01.2025; 14:58:27; Start app
11.01.2025; 14:58:31; TCloseFormThread.Execute.Enter
11.01.2025; 14:58:31; FForm assigned
11.01.2025; 14:58:31; FForm.ThreadRegistry assigned
11.01.2025; 14:58:32; TCloseFormThread.Execute.Leave
11.01.2025; 14:58:32; Finish app
11.01.2025; 15:09:03; Start app
11.01.2025; 15:09:20; TCloseFormThread.Execute.Enter
11.01.2025; 15:09:20; FForm assigned
11.01.2025; 15:09:20; FForm.ThreadRegistry assigned
11.01.2025; 15:09:20; TCloseFormThread.Execute.Leave
11.01.2025; 15:09:20; Finish app
11.01.2025; 15:26:22; Start app
11.01.2025; 15:26:29; TCloseFormThread.Execute.Enter
11.01.2025; 15:26:29; FForm assigned
11.01.2025; 15:26:29; FForm.ThreadRegistry assigned
11.01.2025; 15:26:29; TCloseFormThread.Execute.Leave
11.01.2025; 15:26:29; Finish app
11.01.2025; 15:26:38; Start app
11.01.2025; 15:26:49; TCloseFormThread.Execute.Enter
11.01.2025; 15:26:49; FForm assigned
11.01.2025; 15:26:49; FForm.ThreadRegistry assigned
11.01.2025; 15:26:50; TCloseFormThread.Execute.Leave
11.01.2025; 15:26:50; Finish app
11.01.2025; 15:27:42; Start app
11.01.2025; 15:27:48; TCloseFormThread.Execute.Enter
11.01.2025; 15:27:48; FForm assigned
11.01.2025; 15:27:48; FForm.ThreadRegistry assigned
11.01.2025; 15:27:49; TCloseFormThread.Execute.Leave
11.01.2025; 15:27:49; Finish app
11.01.2025; 15:27:59; Start app
11.01.2025; 15:28:36; TCloseFormThread.Execute.Enter
11.01.2025; 15:28:36; FForm assigned
11.01.2025; 15:28:36; FForm.ThreadRegistry assigned
11.01.2025; 15:28:37; TCloseFormThread.Execute.Leave
11.01.2025; 15:28:37; Finish app
11.01.2025; 15:28:56; Start app
11.01.2025; 15:29:08; TCloseFormThread.Execute.Enter
11.01.2025; 15:29:08; FForm assigned
11.01.2025; 15:29:08; FForm.ThreadRegistry assigned
11.01.2025; 15:29:08; TCloseFormThread.Execute.Leave
11.01.2025; 15:29:08; Finish app
11.01.2025; 15:29:36; Start app
11.01.2025; 15:30:15; TCloseFormThread.Execute.Enter
11.01.2025; 15:30:15; FForm assigned
11.01.2025; 15:30:15; FForm.ThreadRegistry assigned
11.01.2025; 15:30:15; TCloseFormThread.Execute.Leave
11.01.2025; 15:30:15; Finish app
11.01.2025; 15:30:32; Start app
11.01.2025; 15:30:40; TCloseFormThread.Execute.Enter
11.01.2025; 15:30:40; FForm assigned
11.01.2025; 15:30:40; FForm.ThreadRegistry assigned
11.01.2025; 15:30:40; TCloseFormThread.Execute.Leave
11.01.2025; 15:30:40; Finish app
11.01.2025; 15:31:05; Start app
11.01.2025; 15:31:10; TCloseFormThread.Execute.Enter
11.01.2025; 15:31:10; FForm assigned
11.01.2025; 15:31:10; FForm.ThreadRegistry assigned
11.01.2025; 15:31:11; TCloseFormThread.Execute.Leave
11.01.2025; 15:31:11; Finish app
11.01.2025; 15:32:09; Start app
11.01.2025; 15:32:16; TCloseFormThread.Execute.Enter
11.01.2025; 15:32:16; FForm assigned
11.01.2025; 15:32:16; FForm.ThreadRegistry assigned
11.01.2025; 15:32:17; TCloseFormThread.Execute.Leave
11.01.2025; 15:32:17; Finish app
11.01.2025; 15:38:11; Start app
11.01.2025; 15:38:15; TCloseFormThread.Execute.Enter
11.01.2025; 15:38:15; FForm assigned
11.01.2025; 15:38:15; FForm.ThreadRegistry assigned
11.01.2025; 15:38:16; TCloseFormThread.Execute.Leave
11.01.2025; 15:38:16; Finish app
11.01.2025; 15:38:53; Start app
11.01.2025; 15:39:05; TCloseFormThread.Execute.Enter
11.01.2025; 15:39:05; FForm assigned
11.01.2025; 15:39:05; FForm.ThreadRegistry assigned
11.01.2025; 15:39:05; TCloseFormThread.Execute.Leave
11.01.2025; 15:39:05; Finish app
11.01.2025; 15:39:21; Start app
11.01.2025; 15:39:27; TCloseFormThread.Execute.Enter
11.01.2025; 15:39:27; FForm assigned
11.01.2025; 15:39:27; FForm.ThreadRegistry assigned
11.01.2025; 15:39:28; TCloseFormThread.Execute.Leave
11.01.2025; 15:39:28; Finish app
11.01.2025; 15:39:53; Start app
11.01.2025; 15:39:58; TCloseFormThread.Execute.Enter
11.01.2025; 15:39:58; FForm assigned
11.01.2025; 15:39:58; FForm.ThreadRegistry assigned
11.01.2025; 15:39:59; TCloseFormThread.Execute.Leave
11.01.2025; 15:39:59; Finish app
11.01.2025; 15:42:01; Start app
11.01.2025; 15:42:06; TCloseFormThread.Execute.Enter
11.01.2025; 15:42:06; FForm assigned
11.01.2025; 15:42:06; FForm.ThreadRegistry assigned
11.01.2025; 15:42:07; TCloseFormThread.Execute.Leave
11.01.2025; 15:42:07; Finish app
11.01.2025; 15:49:43; Start app
11.01.2025; 15:49:49; TCloseFormThread.Execute.Enter
11.01.2025; 15:49:49; FForm assigned
11.01.2025; 15:49:49; FForm.ThreadRegistry assigned
11.01.2025; 15:49:49; TCloseFormThread.Execute.Leave
11.01.2025; 15:49:50; Finish app
11.01.2025; 15:52:05; Start app
11.01.2025; 15:52:10; TCloseFormThread.Execute.Enter
11.01.2025; 15:52:10; FForm assigned
11.01.2025; 15:52:10; FForm.ThreadRegistry assigned
11.01.2025; 15:52:10; TCloseFormThread.Execute.Leave
11.01.2025; 15:52:10; Finish app
11.01.2025; 16:07:49; Start app
11.01.2025; 16:07:55; TCloseFormThread.Execute.Enter
11.01.2025; 16:07:55; FForm assigned
11.01.2025; 16:07:55; FForm.ThreadRegistry assigned
11.01.2025; 16:07:56; TCloseFormThread.Execute.Leave
11.01.2025; 16:07:56; Finish app
11.01.2025; 16:08:32; Start app
11.01.2025; 16:08:39; TCloseFormThread.Execute.Enter
11.01.2025; 16:08:39; FForm assigned
11.01.2025; 16:08:39; FForm.ThreadRegistry assigned
11.01.2025; 16:08:40; TCloseFormThread.Execute.Leave
11.01.2025; 16:08:40; Finish app
11.01.2025; 16:59:12; Start app
11.01.2025; 16:59:16; TCloseFormThread.Execute.Enter
11.01.2025; 16:59:16; FForm assigned
11.01.2025; 16:59:16; FForm.ThreadRegistry assigned
11.01.2025; 16:59:17; TCloseFormThread.Execute.Leave
11.01.2025; 16:59:17; Finish app
11.01.2025; 16:59:25; Start app
11.01.2025; 16:59:41; TCloseFormThread.Execute.Enter
11.01.2025; 16:59:41; FForm assigned
11.01.2025; 16:59:41; FForm.ThreadRegistry assigned
11.01.2025; 16:59:41; TCloseFormThread.Execute.Leave
11.01.2025; 16:59:41; Finish app
11.01.2025; 16:59:44; Start app
11.01.2025; 16:59:51; TCloseFormThread.Execute.Enter
11.01.2025; 16:59:51; FForm assigned
11.01.2025; 16:59:51; FForm.ThreadRegistry assigned
11.01.2025; 16:59:51; TCloseFormThread.Execute.Leave
11.01.2025; 16:59:51; Finish app
11.01.2025; 17:00:45; Start app
11.01.2025; 17:00:50; TCloseFormThread.Execute.Enter
11.01.2025; 17:00:50; FForm assigned
11.01.2025; 17:00:50; FForm.ThreadRegistry assigned
11.01.2025; 17:00:51; TCloseFormThread.Execute.Leave
11.01.2025; 17:00:51; Finish app
11.01.2025; 17:00:57; Start app
11.01.2025; 17:01:07; TCloseFormThread.Execute.Enter
11.01.2025; 17:01:07; FForm assigned
11.01.2025; 17:01:07; FForm.ThreadRegistry assigned
11.01.2025; 17:01:08; TCloseFormThread.Execute.Leave
11.01.2025; 17:01:08; Finish app
11.01.2025; 17:01:37; Start app
11.01.2025; 17:01:41; TCloseFormThread.Execute.Enter
11.01.2025; 17:01:41; FForm assigned
11.01.2025; 17:01:41; FForm.ThreadRegistry assigned
11.01.2025; 17:01:42; TCloseFormThread.Execute.Leave
11.01.2025; 17:01:42; Finish app
11.01.2025; 17:01:54; Start app
11.01.2025; 17:02:01; TCloseFormThread.Execute.Enter
11.01.2025; 17:02:01; FForm assigned
11.01.2025; 17:02:01; FForm.ThreadRegistry assigned
11.01.2025; 17:02:02; TCloseFormThread.Execute.Leave
11.01.2025; 17:02:02; Finish app
11.01.2025; 17:02:33; Start app
11.01.2025; 17:02:45; TCloseFormThread.Execute.Enter
11.01.2025; 17:02:45; FForm assigned
11.01.2025; 17:02:45; FForm.ThreadRegistry assigned
11.01.2025; 17:02:45; TCloseFormThread.Execute.Leave
11.01.2025; 17:02:45; Finish app
11.01.2025; 17:02:51; Start app
11.01.2025; 17:03:00; TCloseFormThread.Execute.Enter
11.01.2025; 17:03:00; FForm assigned
11.01.2025; 17:03:00; FForm.ThreadRegistry assigned
11.01.2025; 17:03:01; TCloseFormThread.Execute.Leave
11.01.2025; 17:03:01; Finish app
11.01.2025; 17:03:53; Start app
11.01.2025; 17:03:57; TCloseFormThread.Execute.Enter
11.01.2025; 17:03:57; FForm assigned
11.01.2025; 17:03:57; FForm.ThreadRegistry assigned
11.01.2025; 17:03:58; TCloseFormThread.Execute.Leave
11.01.2025; 17:03:58; Finish app
11.01.2025; 17:04:11; Start app
11.01.2025; 17:04:15; TCloseFormThread.Execute.Enter
11.01.2025; 17:04:15; FForm assigned
11.01.2025; 17:04:15; FForm.ThreadRegistry assigned
11.01.2025; 17:04:15; TCloseFormThread.Execute.Leave
11.01.2025; 17:04:15; Finish app
11.01.2025; 17:04:24; Start app
11.01.2025; 17:04:26; TCloseFormThread.Execute.Enter
11.01.2025; 17:04:26; FForm assigned
11.01.2025; 17:04:26; FForm.ThreadRegistry assigned
11.01.2025; 17:04:27; TCloseFormThread.Execute.Leave
11.01.2025; 17:04:27; Finish app
11.01.2025; 17:04:51; Start app
11.01.2025; 17:04:59; TCloseFormThread.Execute.Enter
11.01.2025; 17:04:59; FForm assigned
11.01.2025; 17:04:59; FForm.ThreadRegistry assigned
11.01.2025; 17:05:00; TCloseFormThread.Execute.Leave
11.01.2025; 17:05:00; Finish app
11.01.2025; 17:05:07; Start app
11.01.2025; 17:05:15; TCloseFormThread.Execute.Enter
11.01.2025; 17:05:15; FForm assigned
11.01.2025; 17:05:15; FForm.ThreadRegistry assigned
11.01.2025; 17:05:16; TCloseFormThread.Execute.Leave
11.01.2025; 17:05:16; Finish app
11.01.2025; 17:05:35; Start app
11.01.2025; 17:07:45; TCloseFormThread.Execute.Enter
11.01.2025; 17:07:45; FForm assigned
11.01.2025; 17:07:45; FForm.ThreadRegistry assigned
11.01.2025; 17:07:45; TCloseFormThread.Execute.Leave
11.01.2025; 17:07:45; Finish app
11.01.2025; 17:07:55; Start app
11.01.2025; 17:07:57; TCloseFormThread.Execute.Enter
11.01.2025; 17:07:57; FForm assigned
11.01.2025; 17:07:57; FForm.ThreadRegistry assigned
11.01.2025; 17:07:58; TCloseFormThread.Execute.Leave
11.01.2025; 17:07:58; Finish app
11.01.2025; 17:09:11; Start app
11.01.2025; 17:09:27; TCloseFormThread.Execute.Enter
11.01.2025; 17:09:27; FForm assigned
11.01.2025; 17:09:27; FForm.ThreadRegistry assigned
11.01.2025; 17:09:28; TCloseFormThread.Execute.Leave
11.01.2025; 17:09:28; Finish app
11.01.2025; 17:09:36; Start app
11.01.2025; 17:09:40; TCloseFormThread.Execute.Enter
11.01.2025; 17:09:40; FForm assigned
11.01.2025; 17:09:40; FForm.ThreadRegistry assigned
11.01.2025; 17:09:41; TCloseFormThread.Execute.Leave
11.01.2025; 17:09:41; Finish app
11.01.2025; 17:12:36; Start app
11.01.2025; 17:12:50; TCloseFormThread.Execute.Enter
11.01.2025; 17:12:50; FForm assigned
11.01.2025; 17:12:50; FForm.ThreadRegistry assigned
11.01.2025; 17:12:51; TCloseFormThread.Execute.Leave
11.01.2025; 17:12:51; Finish app
11.01.2025; 17:16:18; Start app
11.01.2025; 17:16:36; TCloseFormThread.Execute.Enter
11.01.2025; 17:16:36; FForm assigned
11.01.2025; 17:16:36; FForm.ThreadRegistry assigned
11.01.2025; 17:16:37; TCloseFormThread.Execute.Leave
11.01.2025; 17:16:37; Finish app
11.01.2025; 17:17:43; Start app
11.01.2025; 17:22:19; Start app
11.01.2025; 17:22:50; TCloseFormThread.Execute.Enter
11.01.2025; 17:22:50; FForm assigned
11.01.2025; 17:22:50; FForm.ThreadRegistry assigned
11.01.2025; 17:22:50; TCloseFormThread.Execute.Leave
11.01.2025; 17:22:55; Finish app
11.01.2025; 17:24:24; Start app
11.01.2025; 17:25:15; Start app
11.01.2025; 17:33:37; Start app
11.01.2025; 17:41:09; Start app
11.01.2025; 17:43:10; Start app
11.01.2025; 17:47:29; Start app
11.01.2025; 17:47:40; Start app
11.01.2025; 17:48:21; Start app
11.01.2025; 17:50:02; Start app
11.01.2025; 17:50:18; TCloseFormThread.Execute.Enter
11.01.2025; 17:50:18; FForm assigned
11.01.2025; 17:50:18; FForm.ThreadRegistry assigned
11.01.2025; 17:50:18; TCloseFormThread.Execute.Leave
11.01.2025; 17:50:19; Finish app
11.01.2025; 17:51:59; Start app
11.01.2025; 17:52:26; TCloseFormThread.Execute.Enter
11.01.2025; 17:52:26; FForm assigned
11.01.2025; 17:52:26; FForm.ThreadRegistry assigned
11.01.2025; 17:52:26; TCloseFormThread.Execute.Leave
11.01.2025; 17:52:28; Finish app
11.01.2025; 17:52:33; Start app
11.01.2025; 17:53:17; TCloseFormThread.Execute.Enter
11.01.2025; 17:53:17; FForm assigned
11.01.2025; 17:53:17; FForm.ThreadRegistry assigned
11.01.2025; 17:53:18; TCloseFormThread.Execute.Leave
11.01.2025; 17:53:18; Finish app
11.01.2025; 17:54:01; Start app
11.01.2025; 17:54:13; TCloseFormThread.Execute.Enter
11.01.2025; 17:54:13; FForm assigned
11.01.2025; 17:54:13; FForm.ThreadRegistry assigned
11.01.2025; 17:54:14; TCloseFormThread.Execute.Leave
11.01.2025; 17:54:14; Finish app
11.01.2025; 17:54:20; Start app
11.01.2025; 17:54:29; TCloseFormThread.Execute.Enter
11.01.2025; 17:54:29; FForm assigned
11.01.2025; 17:54:29; FForm.ThreadRegistry assigned
11.01.2025; 17:54:29; TCloseFormThread.Execute.Leave
11.01.2025; 17:54:29; Finish app
11.01.2025; 17:54:34; Start app
11.01.2025; 17:54:48; TCloseFormThread.Execute.Enter
11.01.2025; 17:54:48; FForm assigned
11.01.2025; 17:54:48; FForm.ThreadRegistry assigned
11.01.2025; 17:54:49; TCloseFormThread.Execute.Leave
11.01.2025; 17:54:49; Finish app
11.01.2025; 17:54:54; Start app
11.01.2025; 17:55:11; TCloseFormThread.Execute.Enter
11.01.2025; 17:55:11; FForm assigned
11.01.2025; 17:55:11; FForm.ThreadRegistry assigned
11.01.2025; 17:55:11; TCloseFormThread.Execute.Leave
11.01.2025; 17:55:11; Finish app
