11.12.2024; 11:51:27; Start app
11.12.2024; 11:52:56; TCloseFormThread.Execute.Enter
11.12.2024; 11:52:56; FForm assigned
11.12.2024; 11:52:56; FForm.ThreadRegistry assigned
11.12.2024; 11:52:57; TCloseFormThread.Execute.Leave
11.12.2024; 11:52:57; Finish app
11.12.2024; 12:12:12; Start app
11.12.2024; 12:12:51; TCloseFormThread.Execute.Enter
11.12.2024; 12:12:51; FForm assigned
11.12.2024; 12:12:51; FForm.ThreadRegistry assigned
11.12.2024; 12:12:52; TCloseFormThread.Execute.Leave
11.12.2024; 12:12:52; Finish app
11.12.2024; 12:13:19; Start app
11.12.2024; 12:13:42; Start app
11.12.2024; 12:13:46; TCloseFormThread.Execute.Enter
11.12.2024; 12:13:46; FForm assigned
11.12.2024; 12:13:46; FForm.ThreadRegistry assigned
11.12.2024; 12:13:46; TCloseFormThread.Execute.Leave
11.12.2024; 12:13:46; Finish app
11.12.2024; 12:14:17; Start app
11.12.2024; 12:14:55; TCloseFormThread.Execute.Enter
11.12.2024; 12:14:55; FForm assigned
11.12.2024; 12:14:55; FForm.ThreadRegistry assigned
11.12.2024; 12:14:56; TCloseFormThread.Execute.Leave
11.12.2024; 12:14:56; Finish app
11.12.2024; 12:17:59; Start app
11.12.2024; 12:35:01; Start app
11.12.2024; 12:41:23; Start app
11.12.2024; 13:00:26; Start app
11.12.2024; 13:00:47; TCloseFormThread.Execute.Enter
11.12.2024; 13:00:47; FForm assigned
11.12.2024; 13:00:47; FForm.ThreadRegistry assigned
11.12.2024; 13:00:47; TCloseFormThread.Execute.Leave
11.12.2024; 13:00:47; Finish app
11.12.2024; 13:09:06; Start app
11.12.2024; 13:09:55; TCloseFormThread.Execute.Enter
11.12.2024; 13:09:55; FForm assigned
11.12.2024; 13:09:55; FForm.ThreadRegistry assigned
11.12.2024; 13:09:56; TCloseFormThread.Execute.Leave
11.12.2024; 13:09:56; Finish app
11.12.2024; 15:13:09; Start app
11.12.2024; 15:43:06; Start app
11.12.2024; 15:43:15; TCloseFormThread.Execute.Enter
11.12.2024; 15:43:15; FForm assigned
11.12.2024; 15:43:15; FForm.ThreadRegistry assigned
11.12.2024; 15:43:16; TCloseFormThread.Execute.Leave
11.12.2024; 15:43:16; Finish app
11.12.2024; 15:43:56; Start app
11.12.2024; 15:44:10; TCloseFormThread.Execute.Enter
11.12.2024; 15:44:10; FForm assigned
11.12.2024; 15:44:10; FForm.ThreadRegistry assigned
11.12.2024; 15:44:11; TCloseFormThread.Execute.Leave
11.12.2024; 15:44:11; Finish app
11.12.2024; 15:46:55; Start app
11.12.2024; 15:48:55; Start app
11.12.2024; 15:56:30; Start app
11.12.2024; 17:44:35; Start app
11.12.2024; 17:45:05; TCloseFormThread.Execute.Enter
11.12.2024; 17:45:05; FForm assigned
11.12.2024; 17:45:05; FForm.ThreadRegistry assigned
11.12.2024; 17:45:06; TCloseFormThread.Execute.Leave
11.12.2024; 17:45:06; Finish app
11.12.2024; 19:25:05; Start app
11.12.2024; 19:25:23; TCloseFormThread.Execute.Enter
11.12.2024; 19:25:23; FForm assigned
11.12.2024; 19:25:23; FForm.ThreadRegistry assigned
11.12.2024; 19:25:24; TCloseFormThread.Execute.Leave
11.12.2024; 19:25:24; Finish app
11.12.2024; 19:30:05; Start app
11.12.2024; 19:32:55; TCloseFormThread.Execute.Enter
11.12.2024; 19:32:55; FForm assigned
11.12.2024; 19:32:55; FForm.ThreadRegistry assigned
11.12.2024; 19:32:56; TCloseFormThread.Execute.Leave
11.12.2024; 19:32:56; Finish app
11.12.2024; 19:36:43; Start app
11.12.2024; 19:36:56; TCloseFormThread.Execute.Enter
11.12.2024; 19:36:56; FForm assigned
11.12.2024; 19:36:56; FForm.ThreadRegistry assigned
11.12.2024; 19:36:57; TCloseFormThread.Execute.Leave
11.12.2024; 19:36:57; Finish app
11.12.2024; 19:49:44; Start app
11.12.2024; 19:49:51; TCloseFormThread.Execute.Enter
11.12.2024; 19:49:51; FForm assigned
11.12.2024; 19:49:51; FForm.ThreadRegistry assigned
11.12.2024; 19:49:51; TCloseFormThread.Execute.Leave
11.12.2024; 19:49:52; Finish app
11.12.2024; 19:51:05; Start app
11.12.2024; 19:51:13; TCloseFormThread.Execute.Enter
11.12.2024; 19:51:13; FForm assigned
11.12.2024; 19:51:13; FForm.ThreadRegistry assigned
11.12.2024; 19:51:15; TCloseFormThread.Execute.Leave
11.12.2024; 19:51:15; Finish app
11.12.2024; 19:56:51; Start app
11.12.2024; 20:07:14; Start app
11.12.2024; 20:09:22; Start app
11.12.2024; 20:10:02; TCloseFormThread.Execute.Enter
11.12.2024; 20:10:02; FForm assigned
11.12.2024; 20:10:02; FForm.ThreadRegistry assigned
11.12.2024; 20:10:03; TCloseFormThread.Execute.Leave
11.12.2024; 20:10:06; Finish app
11.12.2024; 20:10:13; Start app
11.12.2024; 20:10:35; TCloseFormThread.Execute.Enter
11.12.2024; 20:10:35; FForm assigned
11.12.2024; 20:10:35; FForm.ThreadRegistry assigned
11.12.2024; 20:10:36; TCloseFormThread.Execute.Leave
11.12.2024; 20:10:36; Finish app
11.12.2024; 20:12:43; Start app
11.12.2024; 20:12:52; TCloseFormThread.Execute.Enter
11.12.2024; 20:12:52; FForm assigned
11.12.2024; 20:12:52; FForm.ThreadRegistry assigned
11.12.2024; 20:12:53; TCloseFormThread.Execute.Leave
11.12.2024; 20:12:53; Finish app
11.12.2024; 20:13:01; Start app
11.12.2024; 20:13:25; TCloseFormThread.Execute.Enter
11.12.2024; 20:13:25; FForm assigned
11.12.2024; 20:13:25; FForm.ThreadRegistry assigned
11.12.2024; 20:13:26; TCloseFormThread.Execute.Leave
11.12.2024; 20:13:26; Finish app
11.12.2024; 20:16:54; Start app
11.12.2024; 20:25:44; Start app
11.12.2024; 21:09:06; Start app
11.12.2024; 21:09:23; TCloseFormThread.Execute.Enter
11.12.2024; 21:09:23; FForm assigned
11.12.2024; 21:09:23; FForm.ThreadRegistry assigned
11.12.2024; 21:09:23; TCloseFormThread.Execute.Leave
11.12.2024; 21:09:23; Finish app
11.12.2024; 21:09:29; Start app
11.12.2024; 21:09:36; TCloseFormThread.Execute.Enter
11.12.2024; 21:09:36; FForm assigned
11.12.2024; 21:09:36; FForm.ThreadRegistry assigned
11.12.2024; 21:09:37; TCloseFormThread.Execute.Leave
11.12.2024; 21:09:37; Finish app
