13.02.2025; 13:07:24; TCloseFormThread.Execute.Enter
13.02.2025; 13:07:24; FForm assigned
13.02.2025; 13:07:24; FForm.ThreadRegistry assigned
13.02.2025; 13:07:25; TCloseFormThread.Execute.Leave
13.02.2025; 13:07:25; Finish app
13.02.2025; 13:07:27; Start app
13.02.2025; 13:08:51; TCloseFormThread.Execute.Enter
13.02.2025; 13:08:51; FForm assigned
13.02.2025; 13:08:51; FForm.ThreadRegistry assigned
13.02.2025; 13:08:52; TCloseFormThread.Execute.Leave
13.02.2025; 13:08:52; Finish app
13.02.2025; 13:08:55; Start app
13.02.2025; 18:33:55; TCloseFormThread.Execute.Enter
13.02.2025; 18:33:55; FForm assigned
13.02.2025; 18:33:55; FForm.ThreadRegistry assigned
13.02.2025; 18:33:56; TCloseFormThread.Execute.Leave
13.02.2025; 18:33:56; Finish app
13.02.2025; 18:40:11; Start app
13.02.2025; 18:42:19; TCloseFormThread.Execute.Enter
13.02.2025; 18:42:19; FForm assigned
13.02.2025; 18:42:19; FForm.ThreadRegistry assigned
13.02.2025; 18:42:20; TCloseFormThread.Execute.Leave
13.02.2025; 18:42:20; Finish app
13.02.2025; 18:42:21; Start app
13.02.2025; 18:44:48; TCloseFormThread.Execute.Enter
13.02.2025; 18:44:48; FForm assigned
13.02.2025; 18:44:48; FForm.ThreadRegistry assigned
13.02.2025; 18:44:49; TCloseFormThread.Execute.Leave
13.02.2025; 18:44:49; Finish app
13.02.2025; 18:44:52; Start app
13.02.2025; 20:39:51; TCloseFormThread.Execute.Enter
13.02.2025; 20:39:51; FForm assigned
13.02.2025; 20:39:51; FForm.ThreadRegistry assigned
13.02.2025; 20:39:52; TCloseFormThread.Execute.Leave
13.02.2025; 20:39:52; Finish app
13.02.2025; 20:44:27; Start app
13.02.2025; 20:49:08; TCloseFormThread.Execute.Enter
13.02.2025; 20:49:08; FForm assigned
13.02.2025; 20:49:08; FForm.ThreadRegistry assigned
13.02.2025; 20:49:09; TCloseFormThread.Execute.Leave
13.02.2025; 20:49:09; Finish app
13.02.2025; 20:49:16; Start app
