14.02.2025; 9:34:34; Finish app
14.02.2025; 10:01:02; Start app
14.02.2025; 10:06:06; TCloseFormThread.Execute.Enter
14.02.2025; 10:06:06; FForm assigned
14.02.2025; 10:06:06; FForm.ThreadRegistry assigned
14.02.2025; 10:06:06; TCloseFormThread.Execute.Leave
14.02.2025; 10:06:06; Finish app
14.02.2025; 10:06:11; Start app
14.02.2025; 10:06:51; TCloseFormThread.Execute.Enter
14.02.2025; 10:06:51; FForm assigned
14.02.2025; 10:06:51; FForm.ThreadRegistry assigned
14.02.2025; 10:06:52; TCloseFormThread.Execute.Leave
14.02.2025; 10:06:52; Finish app
14.02.2025; 10:06:55; Start app
14.02.2025; 12:00:20; TCloseFormThread.Execute.Enter
14.02.2025; 12:00:20; FForm assigned
14.02.2025; 12:00:20; FForm.ThreadRegistry assigned
14.02.2025; 12:00:21; TCloseFormThread.Execute.Leave
14.02.2025; 12:00:21; Finish app
14.02.2025; 12:00:23; Start app
14.02.2025; 22:35:37; Finish app
