15.12.2024; 13:06:36; Start app
15.12.2024; 13:08:51; TCloseFormThread.Execute.Enter
15.12.2024; 13:08:51; FForm assigned
15.12.2024; 13:08:51; FForm.ThreadRegistry assigned
15.12.2024; 13:08:51; TCloseFormThread.Execute.Leave
15.12.2024; 13:08:51; Finish app
15.12.2024; 13:17:26; Start app
15.12.2024; 13:17:49; TCloseFormThread.Execute.Enter
15.12.2024; 13:17:49; FForm assigned
15.12.2024; 13:17:49; FForm.ThreadRegistry assigned
15.12.2024; 13:17:49; TCloseFormThread.Execute.Leave
15.12.2024; 13:17:49; Finish app
15.12.2024; 13:18:04; Start app
15.12.2024; 13:19:04; Start app
15.12.2024; 13:19:11; TCloseFormThread.Execute.Enter
15.12.2024; 13:19:11; FForm assigned
15.12.2024; 13:19:11; FForm.ThreadRegistry assigned
15.12.2024; 13:19:11; TCloseFormThread.Execute.Leave
15.12.2024; 13:19:12; Finish app
15.12.2024; 14:24:07; Start app
15.12.2024; 14:24:31; TCloseFormThread.Execute.Enter
15.12.2024; 14:24:31; FForm assigned
15.12.2024; 14:24:31; FForm.ThreadRegistry assigned
15.12.2024; 14:24:32; TCloseFormThread.Execute.Leave
15.12.2024; 14:24:32; Finish app
15.12.2024; 14:26:11; Start app
15.12.2024; 14:26:23; TCloseFormThread.Execute.Enter
15.12.2024; 14:26:23; FForm assigned
15.12.2024; 14:26:23; FForm.ThreadRegistry assigned
15.12.2024; 14:26:24; TCloseFormThread.Execute.Leave
15.12.2024; 14:26:24; Finish app
15.12.2024; 14:27:13; Start app
15.12.2024; 14:27:50; TCloseFormThread.Execute.Enter
15.12.2024; 14:27:50; FForm assigned
15.12.2024; 14:27:50; FForm.ThreadRegistry assigned
15.12.2024; 14:27:51; TCloseFormThread.Execute.Leave
15.12.2024; 14:27:51; Finish app
15.12.2024; 14:28:00; Start app
15.12.2024; 14:29:06; TCloseFormThread.Execute.Enter
15.12.2024; 14:29:06; FForm assigned
15.12.2024; 14:29:06; FForm.ThreadRegistry assigned
15.12.2024; 14:29:06; TCloseFormThread.Execute.Leave
15.12.2024; 14:29:06; Finish app
15.12.2024; 14:31:37; Start app
15.12.2024; 15:41:32; Start app
15.12.2024; 15:42:10; TCloseFormThread.Execute.Enter
15.12.2024; 15:42:10; FForm assigned
15.12.2024; 15:42:10; FForm.ThreadRegistry assigned
15.12.2024; 15:42:10; TCloseFormThread.Execute.Leave
15.12.2024; 15:42:10; Finish app
15.12.2024; 19:31:49; Start app
15.12.2024; 19:32:57; TCloseFormThread.Execute.Enter
15.12.2024; 19:32:57; FForm assigned
15.12.2024; 19:32:57; FForm.ThreadRegistry assigned
15.12.2024; 19:32:57; TCloseFormThread.Execute.Leave
15.12.2024; 19:32:57; Finish app
15.12.2024; 19:34:00; Start app
15.12.2024; 19:34:21; TCloseFormThread.Execute.Enter
15.12.2024; 19:34:21; FForm assigned
15.12.2024; 19:34:21; FForm.ThreadRegistry assigned
15.12.2024; 19:34:21; TCloseFormThread.Execute.Leave
15.12.2024; 19:34:22; Finish app
15.12.2024; 19:35:14; Start app
15.12.2024; 19:36:20; Start app
15.12.2024; 19:37:11; TCloseFormThread.Execute.Enter
15.12.2024; 19:37:11; FForm assigned
15.12.2024; 19:37:11; FForm.ThreadRegistry assigned
15.12.2024; 19:37:12; TCloseFormThread.Execute.Leave
15.12.2024; 19:37:12; Finish app
15.12.2024; 19:41:00; Start app
15.12.2024; 19:42:02; TCloseFormThread.Execute.Enter
15.12.2024; 19:42:02; FForm assigned
15.12.2024; 19:42:02; FForm.ThreadRegistry assigned
15.12.2024; 19:42:02; TCloseFormThread.Execute.Leave
15.12.2024; 19:42:03; Finish app
15.12.2024; 19:44:52; Start app
15.12.2024; 19:45:52; Start app
15.12.2024; 19:47:20; TCloseFormThread.Execute.Enter
15.12.2024; 19:47:20; FForm assigned
15.12.2024; 19:47:20; FForm.ThreadRegistry assigned
15.12.2024; 19:47:20; TCloseFormThread.Execute.Leave
15.12.2024; 19:47:20; Finish app
15.12.2024; 19:49:08; Start app
15.12.2024; 19:49:39; TCloseFormThread.Execute.Enter
15.12.2024; 19:49:39; FForm assigned
15.12.2024; 19:49:39; FForm.ThreadRegistry assigned
15.12.2024; 19:49:39; TCloseFormThread.Execute.Leave
15.12.2024; 19:49:39; Finish app
15.12.2024; 19:50:54; Start app
15.12.2024; 19:51:50; TCloseFormThread.Execute.Enter
15.12.2024; 19:51:50; FForm assigned
15.12.2024; 19:51:50; FForm.ThreadRegistry assigned
15.12.2024; 19:51:51; TCloseFormThread.Execute.Leave
15.12.2024; 19:51:51; Finish app
15.12.2024; 19:52:59; Start app
15.12.2024; 19:53:12; TCloseFormThread.Execute.Enter
15.12.2024; 19:53:12; FForm assigned
15.12.2024; 19:53:12; FForm.ThreadRegistry assigned
15.12.2024; 19:53:12; TCloseFormThread.Execute.Leave
15.12.2024; 19:53:12; Finish app
15.12.2024; 19:53:55; Start app
15.12.2024; 19:54:09; TCloseFormThread.Execute.Enter
15.12.2024; 19:54:09; FForm assigned
15.12.2024; 19:54:09; FForm.ThreadRegistry assigned
15.12.2024; 19:54:10; TCloseFormThread.Execute.Leave
15.12.2024; 19:54:10; Finish app
15.12.2024; 19:55:43; Start app
15.12.2024; 19:56:27; Start app
15.12.2024; 19:57:22; Start app
15.12.2024; 19:57:32; TCloseFormThread.Execute.Enter
15.12.2024; 19:57:32; FForm assigned
15.12.2024; 19:57:32; FForm.ThreadRegistry assigned
15.12.2024; 19:57:33; TCloseFormThread.Execute.Leave
15.12.2024; 19:57:33; Finish app
15.12.2024; 20:10:20; Start app
15.12.2024; 20:10:44; TCloseFormThread.Execute.Enter
15.12.2024; 20:10:44; FForm assigned
15.12.2024; 20:10:44; FForm.ThreadRegistry assigned
15.12.2024; 20:10:45; TCloseFormThread.Execute.Leave
15.12.2024; 20:10:45; Finish app
