17.12.2024; 11:41:44; Start app
17.12.2024; 11:41:47; TCloseFormThread.Execute.Enter
17.12.2024; 11:41:47; FForm assigned
17.12.2024; 11:41:47; FForm.ThreadRegistry assigned
17.12.2024; 11:41:47; TCloseFormThread.Execute.Leave
17.12.2024; 11:41:47; Finish app
17.12.2024; 11:55:17; Start app
17.12.2024; 11:55:20; TCloseFormThread.Execute.Enter
17.12.2024; 11:55:20; FForm assigned
17.12.2024; 11:55:20; FForm.ThreadRegistry assigned
17.12.2024; 11:55:21; TCloseFormThread.Execute.Leave
17.12.2024; 11:55:21; Finish app
17.12.2024; 11:57:02; Start app
17.12.2024; 11:57:32; TCloseFormThread.Execute.Enter
17.12.2024; 11:57:32; FForm assigned
17.12.2024; 11:57:32; FForm.ThreadRegistry assigned
17.12.2024; 11:57:33; TCloseFormThread.Execute.Leave
17.12.2024; 11:57:33; Finish app
17.12.2024; 11:59:09; Start app
17.12.2024; 11:59:18; TCloseFormThread.Execute.Enter
17.12.2024; 11:59:18; FForm assigned
17.12.2024; 11:59:18; FForm.ThreadRegistry assigned
17.12.2024; 11:59:19; TCloseFormThread.Execute.Leave
17.12.2024; 11:59:19; Finish app
17.12.2024; 11:59:52; Start app
17.12.2024; 12:00:00; TCloseFormThread.Execute.Enter
17.12.2024; 12:00:00; FForm assigned
17.12.2024; 12:00:00; FForm.ThreadRegistry assigned
17.12.2024; 12:00:01; TCloseFormThread.Execute.Leave
17.12.2024; 12:00:01; Finish app
17.12.2024; 12:02:49; Start app
17.12.2024; 12:02:55; TCloseFormThread.Execute.Enter
17.12.2024; 12:02:55; FForm assigned
17.12.2024; 12:02:55; FForm.ThreadRegistry assigned
17.12.2024; 12:02:55; TCloseFormThread.Execute.Leave
17.12.2024; 12:02:55; Finish app
17.12.2024; 12:06:55; Start app
17.12.2024; 12:07:12; TCloseFormThread.Execute.Enter
17.12.2024; 12:07:12; FForm assigned
17.12.2024; 12:07:12; FForm.ThreadRegistry assigned
17.12.2024; 12:07:13; TCloseFormThread.Execute.Leave
17.12.2024; 12:07:13; Finish app
17.12.2024; 12:07:48; Start app
17.12.2024; 12:08:01; TCloseFormThread.Execute.Enter
17.12.2024; 12:08:01; FForm assigned
17.12.2024; 12:08:01; FForm.ThreadRegistry assigned
17.12.2024; 12:08:02; TCloseFormThread.Execute.Leave
17.12.2024; 12:08:02; Finish app
17.12.2024; 12:10:37; Start app
17.12.2024; 12:10:48; TCloseFormThread.Execute.Enter
17.12.2024; 12:10:48; FForm assigned
17.12.2024; 12:10:48; FForm.ThreadRegistry assigned
17.12.2024; 12:10:49; TCloseFormThread.Execute.Leave
17.12.2024; 12:10:49; Finish app
17.12.2024; 12:17:46; Start app
17.12.2024; 12:17:55; TCloseFormThread.Execute.Enter
17.12.2024; 12:17:55; FForm assigned
17.12.2024; 12:17:55; FForm.ThreadRegistry assigned
17.12.2024; 12:17:56; TCloseFormThread.Execute.Leave
17.12.2024; 12:17:56; Finish app
17.12.2024; 12:18:48; Start app
17.12.2024; 12:18:56; TCloseFormThread.Execute.Enter
17.12.2024; 12:18:56; FForm assigned
17.12.2024; 12:18:56; FForm.ThreadRegistry assigned
17.12.2024; 12:18:57; TCloseFormThread.Execute.Leave
17.12.2024; 12:18:57; Finish app
17.12.2024; 12:19:28; Start app
17.12.2024; 12:19:58; TCloseFormThread.Execute.Enter
17.12.2024; 12:19:58; FForm assigned
17.12.2024; 12:19:58; FForm.ThreadRegistry assigned
17.12.2024; 12:19:59; TCloseFormThread.Execute.Leave
17.12.2024; 12:19:59; Finish app
17.12.2024; 12:20:46; Start app
17.12.2024; 12:20:49; TCloseFormThread.Execute.Enter
17.12.2024; 12:20:49; FForm assigned
17.12.2024; 12:20:49; FForm.ThreadRegistry assigned
17.12.2024; 12:20:50; TCloseFormThread.Execute.Leave
17.12.2024; 12:20:50; Finish app
17.12.2024; 12:22:15; Start app
17.12.2024; 12:22:34; TCloseFormThread.Execute.Enter
17.12.2024; 12:22:34; FForm assigned
17.12.2024; 12:22:34; FForm.ThreadRegistry assigned
17.12.2024; 12:22:35; TCloseFormThread.Execute.Leave
17.12.2024; 12:22:35; Finish app
17.12.2024; 12:25:30; Start app
17.12.2024; 12:25:47; TCloseFormThread.Execute.Enter
17.12.2024; 12:25:47; FForm assigned
17.12.2024; 12:25:47; FForm.ThreadRegistry assigned
17.12.2024; 12:25:48; TCloseFormThread.Execute.Leave
17.12.2024; 12:25:48; Finish app
17.12.2024; 12:26:14; Start app
17.12.2024; 12:26:21; TCloseFormThread.Execute.Enter
17.12.2024; 12:26:21; FForm assigned
17.12.2024; 12:26:21; FForm.ThreadRegistry assigned
17.12.2024; 12:26:22; TCloseFormThread.Execute.Leave
17.12.2024; 12:26:22; Finish app
17.12.2024; 12:27:06; Start app
17.12.2024; 12:27:17; TCloseFormThread.Execute.Enter
17.12.2024; 12:27:17; FForm assigned
17.12.2024; 12:27:17; FForm.ThreadRegistry assigned
17.12.2024; 12:27:18; TCloseFormThread.Execute.Leave
17.12.2024; 12:27:18; Finish app
17.12.2024; 12:32:14; Start app
17.12.2024; 12:32:48; TCloseFormThread.Execute.Enter
17.12.2024; 12:32:48; FForm assigned
17.12.2024; 12:32:48; FForm.ThreadRegistry assigned
17.12.2024; 12:32:49; TCloseFormThread.Execute.Leave
17.12.2024; 12:32:49; Finish app
17.12.2024; 12:34:30; Start app
17.12.2024; 12:38:52; Start app
17.12.2024; 12:39:20; Start app
17.12.2024; 12:39:31; TCloseFormThread.Execute.Enter
17.12.2024; 12:39:31; FForm assigned
17.12.2024; 12:39:31; FForm.ThreadRegistry assigned
17.12.2024; 12:39:31; TCloseFormThread.Execute.Leave
17.12.2024; 12:39:31; Finish app
17.12.2024; 12:40:02; Start app
17.12.2024; 12:40:07; TCloseFormThread.Execute.Enter
17.12.2024; 12:40:07; FForm assigned
17.12.2024; 12:40:07; FForm.ThreadRegistry assigned
17.12.2024; 12:40:08; TCloseFormThread.Execute.Leave
17.12.2024; 12:40:08; Finish app
17.12.2024; 13:24:12; Start app
17.12.2024; 13:24:45; TCloseFormThread.Execute.Enter
17.12.2024; 13:24:45; FForm assigned
17.12.2024; 13:24:45; FForm.ThreadRegistry assigned
17.12.2024; 13:24:45; TCloseFormThread.Execute.Leave
17.12.2024; 13:24:45; Finish app
17.12.2024; 13:26:46; Start app
17.12.2024; 13:27:20; TCloseFormThread.Execute.Enter
17.12.2024; 13:27:20; FForm assigned
17.12.2024; 13:27:20; FForm.ThreadRegistry assigned
17.12.2024; 13:27:20; TCloseFormThread.Execute.Leave
17.12.2024; 13:27:21; Finish app
17.12.2024; 13:29:15; Start app
17.12.2024; 13:30:28; Start app
17.12.2024; 13:31:17; Start app
17.12.2024; 13:32:36; Start app
17.12.2024; 13:32:52; TCloseFormThread.Execute.Enter
17.12.2024; 13:32:52; FForm assigned
17.12.2024; 13:32:52; FForm.ThreadRegistry assigned
17.12.2024; 13:32:53; TCloseFormThread.Execute.Leave
17.12.2024; 13:32:53; Finish app
17.12.2024; 13:34:58; Start app
17.12.2024; 13:35:36; TCloseFormThread.Execute.Enter
17.12.2024; 13:35:36; FForm assigned
17.12.2024; 13:35:36; FForm.ThreadRegistry assigned
17.12.2024; 13:35:37; TCloseFormThread.Execute.Leave
17.12.2024; 13:35:37; Finish app
17.12.2024; 13:44:07; Start app
17.12.2024; 13:44:53; Start app
17.12.2024; 13:45:49; Start app
17.12.2024; 13:46:01; TCloseFormThread.Execute.Enter
17.12.2024; 13:46:01; FForm assigned
17.12.2024; 13:46:01; FForm.ThreadRegistry assigned
17.12.2024; 13:46:02; TCloseFormThread.Execute.Leave
17.12.2024; 13:46:02; Finish app
17.12.2024; 13:46:19; Start app
17.12.2024; 13:51:33; Start app
17.12.2024; 13:51:39; TCloseFormThread.Execute.Enter
17.12.2024; 13:51:39; FForm assigned
17.12.2024; 13:51:39; FForm.ThreadRegistry assigned
17.12.2024; 13:51:39; TCloseFormThread.Execute.Leave
17.12.2024; 13:51:39; Finish app
17.12.2024; 14:00:17; Start app
17.12.2024; 14:00:22; TCloseFormThread.Execute.Enter
17.12.2024; 14:00:22; FForm assigned
17.12.2024; 14:00:22; FForm.ThreadRegistry assigned
17.12.2024; 14:00:23; TCloseFormThread.Execute.Leave
17.12.2024; 14:00:23; Finish app
17.12.2024; 14:00:35; Start app
17.12.2024; 14:00:40; TCloseFormThread.Execute.Enter
17.12.2024; 14:00:40; FForm assigned
17.12.2024; 14:00:40; FForm.ThreadRegistry assigned
17.12.2024; 14:00:40; TCloseFormThread.Execute.Leave
17.12.2024; 14:00:40; Finish app
17.12.2024; 14:01:22; Start app
17.12.2024; 14:01:43; Start app
17.12.2024; 14:02:08; Start app
17.12.2024; 14:02:14; TCloseFormThread.Execute.Enter
17.12.2024; 14:02:14; FForm assigned
17.12.2024; 14:02:14; FForm.ThreadRegistry assigned
17.12.2024; 14:02:14; TCloseFormThread.Execute.Leave
17.12.2024; 14:02:15; Finish app
17.12.2024; 14:02:49; Start app
17.12.2024; 14:02:54; TCloseFormThread.Execute.Enter
17.12.2024; 14:02:54; FForm assigned
17.12.2024; 14:02:54; FForm.ThreadRegistry assigned
17.12.2024; 14:02:54; TCloseFormThread.Execute.Leave
17.12.2024; 14:02:54; Finish app
17.12.2024; 14:05:45; Start app
17.12.2024; 14:05:51; TCloseFormThread.Execute.Enter
17.12.2024; 14:05:51; FForm assigned
17.12.2024; 14:05:51; FForm.ThreadRegistry assigned
17.12.2024; 14:05:51; TCloseFormThread.Execute.Leave
17.12.2024; 14:05:51; Finish app
17.12.2024; 14:06:02; Start app
17.12.2024; 14:06:07; TCloseFormThread.Execute.Enter
17.12.2024; 14:06:07; FForm assigned
17.12.2024; 14:06:07; FForm.ThreadRegistry assigned
17.12.2024; 14:06:08; TCloseFormThread.Execute.Leave
17.12.2024; 14:06:08; Finish app
17.12.2024; 14:06:31; Start app
17.12.2024; 14:06:53; TCloseFormThread.Execute.Enter
17.12.2024; 14:06:53; FForm assigned
17.12.2024; 14:06:53; FForm.ThreadRegistry assigned
17.12.2024; 14:06:54; TCloseFormThread.Execute.Leave
17.12.2024; 14:06:54; Finish app
17.12.2024; 14:13:39; Start app
17.12.2024; 14:15:48; Start app
17.12.2024; 14:16:08; TCloseFormThread.Execute.Enter
17.12.2024; 14:16:08; FForm assigned
17.12.2024; 14:16:08; FForm.ThreadRegistry assigned
17.12.2024; 14:16:08; TCloseFormThread.Execute.Leave
17.12.2024; 14:16:08; Finish app
17.12.2024; 14:16:54; Start app
17.12.2024; 14:17:04; TCloseFormThread.Execute.Enter
17.12.2024; 14:17:04; FForm assigned
17.12.2024; 14:17:04; FForm.ThreadRegistry assigned
17.12.2024; 14:17:05; TCloseFormThread.Execute.Leave
17.12.2024; 14:17:05; Finish app
17.12.2024; 14:17:39; Start app
17.12.2024; 14:18:55; Start app
17.12.2024; 14:19:11; TCloseFormThread.Execute.Enter
17.12.2024; 14:19:11; FForm assigned
17.12.2024; 14:19:11; FForm.ThreadRegistry assigned
17.12.2024; 14:19:12; TCloseFormThread.Execute.Leave
17.12.2024; 14:19:12; Finish app
17.12.2024; 14:19:20; Start app
17.12.2024; 14:19:28; TCloseFormThread.Execute.Enter
17.12.2024; 14:19:28; FForm assigned
17.12.2024; 14:19:28; FForm.ThreadRegistry assigned
17.12.2024; 14:19:28; TCloseFormThread.Execute.Leave
17.12.2024; 14:19:28; Finish app
17.12.2024; 14:20:40; Start app
17.12.2024; 14:21:10; TCloseFormThread.Execute.Enter
17.12.2024; 14:21:10; FForm assigned
17.12.2024; 14:21:10; FForm.ThreadRegistry assigned
17.12.2024; 14:21:10; TCloseFormThread.Execute.Leave
17.12.2024; 14:21:11; Finish app
17.12.2024; 14:21:45; Start app
17.12.2024; 14:22:25; Start app
17.12.2024; 14:23:29; TCloseFormThread.Execute.Enter
17.12.2024; 14:23:29; FForm assigned
17.12.2024; 14:23:29; FForm.ThreadRegistry assigned
17.12.2024; 14:23:30; TCloseFormThread.Execute.Leave
17.12.2024; 14:23:30; Finish app
17.12.2024; 15:37:48; Start app
17.12.2024; 15:39:35; TCloseFormThread.Execute.Enter
17.12.2024; 15:39:35; FForm assigned
17.12.2024; 15:39:35; FForm.ThreadRegistry assigned
17.12.2024; 15:39:36; TCloseFormThread.Execute.Leave
17.12.2024; 15:39:36; Finish app
17.12.2024; 16:11:56; Start app
17.12.2024; 16:12:05; TCloseFormThread.Execute.Enter
17.12.2024; 16:12:05; FForm assigned
17.12.2024; 16:12:05; FForm.ThreadRegistry assigned
17.12.2024; 16:12:05; TCloseFormThread.Execute.Leave
17.12.2024; 16:12:05; Finish app
17.12.2024; 16:20:28; Start app
17.12.2024; 16:20:42; TCloseFormThread.Execute.Enter
17.12.2024; 16:20:42; FForm assigned
17.12.2024; 16:20:42; FForm.ThreadRegistry assigned
17.12.2024; 16:20:43; TCloseFormThread.Execute.Leave
17.12.2024; 16:20:43; Finish app
17.12.2024; 16:20:55; Start app
17.12.2024; 16:21:07; TCloseFormThread.Execute.Enter
17.12.2024; 16:21:07; FForm assigned
17.12.2024; 16:21:07; FForm.ThreadRegistry assigned
17.12.2024; 16:21:08; TCloseFormThread.Execute.Leave
17.12.2024; 16:21:08; Finish app
17.12.2024; 16:21:53; Start app
17.12.2024; 16:22:04; TCloseFormThread.Execute.Enter
17.12.2024; 16:22:04; FForm assigned
17.12.2024; 16:22:04; FForm.ThreadRegistry assigned
17.12.2024; 16:22:05; TCloseFormThread.Execute.Leave
17.12.2024; 16:22:05; Finish app
17.12.2024; 16:22:45; Start app
17.12.2024; 16:22:52; TCloseFormThread.Execute.Enter
17.12.2024; 16:22:52; FForm assigned
17.12.2024; 16:22:52; FForm.ThreadRegistry assigned
17.12.2024; 16:22:53; TCloseFormThread.Execute.Leave
17.12.2024; 16:22:53; Finish app
17.12.2024; 16:35:45; Start app
17.12.2024; 16:36:04; TCloseFormThread.Execute.Enter
17.12.2024; 16:36:04; FForm assigned
17.12.2024; 16:36:04; FForm.ThreadRegistry assigned
17.12.2024; 16:36:05; TCloseFormThread.Execute.Leave
17.12.2024; 16:36:05; Finish app
17.12.2024; 16:37:51; Start app
17.12.2024; 16:38:00; TCloseFormThread.Execute.Enter
17.12.2024; 16:38:00; FForm assigned
17.12.2024; 16:38:00; FForm.ThreadRegistry assigned
17.12.2024; 16:38:01; TCloseFormThread.Execute.Leave
17.12.2024; 16:38:01; Finish app
17.12.2024; 17:22:22; Start app
17.12.2024; 17:22:30; TCloseFormThread.Execute.Enter
17.12.2024; 17:22:30; FForm assigned
17.12.2024; 17:22:30; FForm.ThreadRegistry assigned
17.12.2024; 17:22:31; TCloseFormThread.Execute.Leave
17.12.2024; 17:22:31; Finish app
17.12.2024; 17:23:31; Start app
17.12.2024; 17:23:37; TCloseFormThread.Execute.Enter
17.12.2024; 17:23:37; FForm assigned
17.12.2024; 17:23:37; FForm.ThreadRegistry assigned
17.12.2024; 17:23:37; TCloseFormThread.Execute.Leave
17.12.2024; 17:23:38; Finish app
17.12.2024; 17:23:46; Start app
17.12.2024; 17:23:54; TCloseFormThread.Execute.Enter
17.12.2024; 17:23:54; FForm assigned
17.12.2024; 17:23:54; FForm.ThreadRegistry assigned
17.12.2024; 17:23:55; TCloseFormThread.Execute.Leave
17.12.2024; 17:23:55; Finish app
17.12.2024; 17:24:22; Start app
17.12.2024; 17:26:40; Start app
17.12.2024; 17:27:25; Start app
17.12.2024; 17:27:39; TCloseFormThread.Execute.Enter
17.12.2024; 17:27:39; FForm assigned
17.12.2024; 17:27:39; FForm.ThreadRegistry assigned
17.12.2024; 17:27:40; TCloseFormThread.Execute.Leave
17.12.2024; 17:27:40; Finish app
17.12.2024; 17:27:52; Start app
17.12.2024; 17:28:24; TCloseFormThread.Execute.Enter
17.12.2024; 17:28:24; FForm assigned
17.12.2024; 17:28:24; FForm.ThreadRegistry assigned
17.12.2024; 17:28:24; TCloseFormThread.Execute.Leave
17.12.2024; 17:28:24; Finish app
17.12.2024; 17:28:27; Start app
17.12.2024; 17:28:31; TCloseFormThread.Execute.Enter
17.12.2024; 17:28:31; FForm assigned
17.12.2024; 17:28:31; FForm.ThreadRegistry assigned
17.12.2024; 17:28:31; TCloseFormThread.Execute.Leave
17.12.2024; 17:28:31; Finish app
17.12.2024; 19:54:21; Start app
17.12.2024; 19:54:25; TCloseFormThread.Execute.Enter
17.12.2024; 19:54:25; FForm assigned
17.12.2024; 19:54:25; FForm.ThreadRegistry assigned
17.12.2024; 19:54:26; TCloseFormThread.Execute.Leave
17.12.2024; 19:54:26; Finish app
17.12.2024; 21:09:05; Start app
17.12.2024; 21:09:20; TCloseFormThread.Execute.Enter
17.12.2024; 21:09:20; FForm assigned
17.12.2024; 21:09:20; FForm.ThreadRegistry assigned
17.12.2024; 21:09:21; TCloseFormThread.Execute.Leave
17.12.2024; 21:09:21; Finish app
17.12.2024; 21:10:36; Start app
17.12.2024; 21:10:42; TCloseFormThread.Execute.Enter
17.12.2024; 21:10:42; FForm assigned
17.12.2024; 21:10:42; FForm.ThreadRegistry assigned
17.12.2024; 21:10:43; TCloseFormThread.Execute.Leave
17.12.2024; 21:10:43; Finish app
17.12.2024; 21:11:55; Start app
17.12.2024; 21:12:05; TCloseFormThread.Execute.Enter
17.12.2024; 21:12:05; FForm assigned
17.12.2024; 21:12:05; FForm.ThreadRegistry assigned
17.12.2024; 21:12:05; TCloseFormThread.Execute.Leave
17.12.2024; 21:12:05; Finish app
17.12.2024; 21:12:46; Start app
17.12.2024; 21:13:14; TCloseFormThread.Execute.Enter
17.12.2024; 21:13:14; FForm assigned
17.12.2024; 21:13:14; FForm.ThreadRegistry assigned
17.12.2024; 21:13:15; TCloseFormThread.Execute.Leave
17.12.2024; 21:13:15; Finish app
17.12.2024; 21:27:13; Start app
17.12.2024; 21:28:32; TCloseFormThread.Execute.Enter
17.12.2024; 21:28:32; FForm assigned
17.12.2024; 21:28:32; FForm.ThreadRegistry assigned
17.12.2024; 21:28:33; TCloseFormThread.Execute.Leave
17.12.2024; 21:28:33; Finish app
17.12.2024; 21:30:24; Start app
17.12.2024; 21:31:13; TCloseFormThread.Execute.Enter
17.12.2024; 21:31:13; FForm assigned
17.12.2024; 21:31:13; FForm.ThreadRegistry assigned
17.12.2024; 21:31:13; TCloseFormThread.Execute.Leave
17.12.2024; 21:31:14; Finish app
