18.12.2024; 9:49:00; Start app
18.12.2024; 9:49:29; TCloseFormThread.Execute.Enter
18.12.2024; 9:49:29; FForm assigned
18.12.2024; 9:49:29; FForm.ThreadRegistry assigned
18.12.2024; 9:49:31; TCloseFormThread.Execute.Leave
18.12.2024; 9:49:31; Finish app
18.12.2024; 9:50:33; Start app
18.12.2024; 9:51:08; TCloseFormThread.Execute.Enter
18.12.2024; 9:51:08; FForm assigned
18.12.2024; 9:51:08; FForm.ThreadRegistry assigned
18.12.2024; 9:51:09; TCloseFormThread.Execute.Leave
18.12.2024; 9:51:09; Finish app
18.12.2024; 10:00:20; Start app
18.12.2024; 10:00:35; TCloseFormThread.Execute.Enter
18.12.2024; 10:00:35; FForm assigned
18.12.2024; 10:00:35; FForm.ThreadRegistry assigned
18.12.2024; 10:00:35; TCloseFormThread.Execute.Leave
18.12.2024; 10:00:35; Finish app
18.12.2024; 10:03:25; Start app
18.12.2024; 10:03:40; TCloseFormThread.Execute.Enter
18.12.2024; 10:03:40; FForm assigned
18.12.2024; 10:03:40; FForm.ThreadRegistry assigned
18.12.2024; 10:03:41; TCloseFormThread.Execute.Leave
18.12.2024; 10:03:41; Finish app
18.12.2024; 10:07:50; Start app
18.12.2024; 10:08:06; TCloseFormThread.Execute.Enter
18.12.2024; 10:08:06; FForm assigned
18.12.2024; 10:08:06; FForm.ThreadRegistry assigned
18.12.2024; 10:08:07; TCloseFormThread.Execute.Leave
18.12.2024; 10:08:07; Finish app
18.12.2024; 10:08:40; Start app
18.12.2024; 10:09:01; TCloseFormThread.Execute.Enter
18.12.2024; 10:09:01; FForm assigned
18.12.2024; 10:09:01; FForm.ThreadRegistry assigned
18.12.2024; 10:09:01; TCloseFormThread.Execute.Leave
18.12.2024; 10:09:01; Finish app
18.12.2024; 10:09:18; Start app
18.12.2024; 10:09:48; TCloseFormThread.Execute.Enter
18.12.2024; 10:09:48; FForm assigned
18.12.2024; 10:09:48; FForm.ThreadRegistry assigned
18.12.2024; 10:09:49; TCloseFormThread.Execute.Leave
18.12.2024; 10:09:49; Finish app
18.12.2024; 10:10:17; Start app
18.12.2024; 10:11:24; TCloseFormThread.Execute.Enter
18.12.2024; 10:11:24; FForm assigned
18.12.2024; 10:11:24; FForm.ThreadRegistry assigned
18.12.2024; 10:11:25; TCloseFormThread.Execute.Leave
18.12.2024; 10:11:25; Finish app
18.12.2024; 10:12:14; Start app
18.12.2024; 10:12:27; TCloseFormThread.Execute.Enter
18.12.2024; 10:12:27; FForm assigned
18.12.2024; 10:12:27; FForm.ThreadRegistry assigned
18.12.2024; 10:12:28; TCloseFormThread.Execute.Leave
18.12.2024; 10:12:28; Finish app
18.12.2024; 10:12:41; Start app
18.12.2024; 10:16:18; TCloseFormThread.Execute.Enter
18.12.2024; 10:16:18; FForm assigned
18.12.2024; 10:16:18; FForm.ThreadRegistry assigned
18.12.2024; 10:16:19; TCloseFormThread.Execute.Leave
18.12.2024; 10:16:19; Finish app
18.12.2024; 10:29:18; Start app
18.12.2024; 10:29:36; TCloseFormThread.Execute.Enter
18.12.2024; 10:29:36; FForm assigned
18.12.2024; 10:29:36; FForm.ThreadRegistry assigned
18.12.2024; 10:29:37; TCloseFormThread.Execute.Leave
18.12.2024; 10:29:37; Finish app
18.12.2024; 10:29:49; Start app
18.12.2024; 10:29:57; TCloseFormThread.Execute.Enter
18.12.2024; 10:29:57; FForm assigned
18.12.2024; 10:29:57; FForm.ThreadRegistry assigned
18.12.2024; 10:29:58; TCloseFormThread.Execute.Leave
18.12.2024; 10:29:58; Finish app
18.12.2024; 10:30:15; Start app
18.12.2024; 10:30:26; TCloseFormThread.Execute.Enter
18.12.2024; 10:30:26; FForm assigned
18.12.2024; 10:30:26; FForm.ThreadRegistry assigned
18.12.2024; 10:30:27; TCloseFormThread.Execute.Leave
18.12.2024; 10:30:27; Finish app
18.12.2024; 10:59:22; Start app
18.12.2024; 10:59:30; TCloseFormThread.Execute.Enter
18.12.2024; 10:59:30; FForm assigned
18.12.2024; 10:59:30; FForm.ThreadRegistry assigned
18.12.2024; 10:59:41; Finish app
18.12.2024; 11:00:30; Start app
18.12.2024; 11:00:34; TCloseFormThread.Execute.Enter
18.12.2024; 11:00:34; FForm assigned
18.12.2024; 11:00:34; FForm.ThreadRegistry assigned
18.12.2024; 11:00:38; Finish app
18.12.2024; 11:01:26; Start app
18.12.2024; 11:01:32; TCloseFormThread.Execute.Enter
18.12.2024; 11:01:32; FForm assigned
18.12.2024; 11:01:32; FForm.ThreadRegistry assigned
18.12.2024; 11:01:52; Start app
18.12.2024; 11:02:11; TCloseFormThread.Execute.Enter
18.12.2024; 11:02:11; FForm assigned
18.12.2024; 11:02:11; FForm.ThreadRegistry assigned
18.12.2024; 11:02:15; Finish app
18.12.2024; 11:04:09; Start app
18.12.2024; 11:04:17; TCloseFormThread.Execute.Enter
18.12.2024; 11:04:17; FForm assigned
18.12.2024; 11:04:17; FForm.ThreadRegistry assigned
18.12.2024; 11:04:27; Finish app
18.12.2024; 11:04:44; Start app
18.12.2024; 11:04:49; TCloseFormThread.Execute.Enter
18.12.2024; 11:04:49; FForm assigned
18.12.2024; 11:04:49; FForm.ThreadRegistry assigned
18.12.2024; 11:04:49; TCloseFormThread.Execute.Leave
18.12.2024; 11:04:49; Finish app
18.12.2024; 11:05:05; Start app
18.12.2024; 11:05:08; TCloseFormThread.Execute.Enter
18.12.2024; 11:05:08; FForm assigned
18.12.2024; 11:05:08; FForm.ThreadRegistry assigned
18.12.2024; 11:05:13; Finish app
18.12.2024; 11:05:45; Start app
18.12.2024; 11:05:48; TCloseFormThread.Execute.Enter
18.12.2024; 11:05:48; FForm assigned
18.12.2024; 11:05:48; FForm.ThreadRegistry assigned
18.12.2024; 11:05:58; Finish app
18.12.2024; 11:06:46; Start app
18.12.2024; 11:06:52; TCloseFormThread.Execute.Enter
18.12.2024; 11:06:52; FForm assigned
18.12.2024; 11:06:52; FForm.ThreadRegistry assigned
18.12.2024; 11:08:16; Start app
18.12.2024; 11:08:23; TCloseFormThread.Execute.Enter
18.12.2024; 11:08:23; FForm assigned
18.12.2024; 11:08:23; FForm.ThreadRegistry assigned
18.12.2024; 11:08:56; Start app
18.12.2024; 11:09:12; TCloseFormThread.Execute.Enter
18.12.2024; 11:09:12; FForm assigned
18.12.2024; 11:09:12; FForm.ThreadRegistry assigned
18.12.2024; 11:09:56; TCloseFormThread.Execute.Leave
18.12.2024; 11:10:05; Start app
18.12.2024; 11:10:11; TCloseFormThread.Execute.Enter
18.12.2024; 11:10:12; FForm assigned
18.12.2024; 11:10:13; FForm.ThreadRegistry assigned
18.12.2024; 11:11:05; Start app
18.12.2024; 11:11:10; TCloseFormThread.Execute.Enter
18.12.2024; 11:11:10; FForm assigned
18.12.2024; 11:11:10; FForm.ThreadRegistry assigned
18.12.2024; 11:11:16; TCloseFormThread.Execute.Leave
18.12.2024; 11:11:17; Finish app
18.12.2024; 11:42:43; Start app
18.12.2024; 11:43:04; TCloseFormThread.Execute.Enter
18.12.2024; 11:43:04; FForm assigned
18.12.2024; 11:43:04; FForm.ThreadRegistry assigned
18.12.2024; 11:45:40; Start app
18.12.2024; 11:45:58; TCloseFormThread.Execute.Enter
18.12.2024; 11:45:58; FForm assigned
18.12.2024; 11:45:58; FForm.ThreadRegistry assigned
18.12.2024; 11:46:51; TCloseFormThread.Execute.Leave
18.12.2024; 11:46:53; Finish app
18.12.2024; 11:47:09; Start app
18.12.2024; 11:47:19; TCloseFormThread.Execute.Enter
18.12.2024; 11:47:19; FForm assigned
18.12.2024; 11:47:19; FForm.ThreadRegistry assigned
18.12.2024; 11:47:28; TCloseFormThread.Execute.Leave
18.12.2024; 11:47:43; Start app
18.12.2024; 11:47:50; TCloseFormThread.Execute.Enter
18.12.2024; 11:47:50; FForm assigned
18.12.2024; 11:47:50; FForm.ThreadRegistry assigned
18.12.2024; 11:48:07; Start app
18.12.2024; 11:48:12; TCloseFormThread.Execute.Enter
18.12.2024; 11:48:12; FForm assigned
18.12.2024; 11:48:12; FForm.ThreadRegistry assigned
18.12.2024; 11:49:02; Start app
18.12.2024; 11:49:07; TCloseFormThread.Execute.Enter
18.12.2024; 11:49:07; FForm assigned
18.12.2024; 11:49:07; FForm.ThreadRegistry assigned
18.12.2024; 11:49:45; Start app
18.12.2024; 11:49:52; TCloseFormThread.Execute.Enter
18.12.2024; 11:49:52; FForm assigned
18.12.2024; 11:49:52; FForm.ThreadRegistry assigned
18.12.2024; 12:00:58; Start app
18.12.2024; 12:01:09; TCloseFormThread.Execute.Enter
18.12.2024; 12:01:09; FForm assigned
18.12.2024; 12:01:09; FForm.ThreadRegistry assigned
18.12.2024; 12:01:20; TCloseFormThread.Execute.Leave
18.12.2024; 12:01:20; Finish app
18.12.2024; 12:03:23; Start app
18.12.2024; 12:03:32; TCloseFormThread.Execute.Enter
18.12.2024; 12:03:32; FForm assigned
18.12.2024; 12:03:32; FForm.ThreadRegistry assigned
18.12.2024; 12:03:33; TCloseFormThread.Execute.Leave
18.12.2024; 12:03:33; Finish app
18.12.2024; 12:03:41; Start app
18.12.2024; 12:03:46; TCloseFormThread.Execute.Enter
18.12.2024; 12:03:46; FForm assigned
18.12.2024; 12:03:46; FForm.ThreadRegistry assigned
18.12.2024; 12:03:50; TCloseFormThread.Execute.Leave
18.12.2024; 12:03:50; Finish app
18.12.2024; 12:04:42; Start app
18.12.2024; 12:04:49; TCloseFormThread.Execute.Enter
18.12.2024; 12:04:49; FForm assigned
18.12.2024; 12:04:49; FForm.ThreadRegistry assigned
18.12.2024; 12:05:17; Start app
18.12.2024; 12:06:10; Start app
18.12.2024; 12:06:16; TCloseFormThread.Execute.Enter
18.12.2024; 12:06:16; FForm assigned
18.12.2024; 12:06:16; FForm.ThreadRegistry assigned
18.12.2024; 12:07:23; Start app
18.12.2024; 12:07:26; TCloseFormThread.Execute.Enter
18.12.2024; 12:07:26; FForm assigned
18.12.2024; 12:07:26; FForm.ThreadRegistry assigned
18.12.2024; 12:07:27; TCloseFormThread.Execute.Leave
18.12.2024; 12:07:27; Finish app
18.12.2024; 12:12:25; Start app
18.12.2024; 12:12:36; TCloseFormThread.Execute.Enter
18.12.2024; 12:12:36; FForm assigned
18.12.2024; 12:12:36; FForm.ThreadRegistry assigned
18.12.2024; 12:12:40; TCloseFormThread.Execute.Leave
18.12.2024; 12:12:40; Finish app
18.12.2024; 12:15:13; Start app
18.12.2024; 12:15:23; TCloseFormThread.Execute.Enter
18.12.2024; 12:15:23; FForm assigned
18.12.2024; 12:15:23; FForm.ThreadRegistry assigned
18.12.2024; 12:15:25; TCloseFormThread.Execute.Leave
18.12.2024; 12:15:25; Finish app
18.12.2024; 12:15:31; Start app
18.12.2024; 12:15:34; TCloseFormThread.Execute.Enter
18.12.2024; 12:15:34; FForm assigned
18.12.2024; 12:15:34; FForm.ThreadRegistry assigned
18.12.2024; 12:15:34; TCloseFormThread.Execute.Leave
18.12.2024; 12:15:35; Finish app
18.12.2024; 12:15:45; Start app
18.12.2024; 12:15:59; TCloseFormThread.Execute.Enter
18.12.2024; 12:15:59; FForm assigned
18.12.2024; 12:15:59; FForm.ThreadRegistry assigned
18.12.2024; 12:25:57; Start app
18.12.2024; 12:26:01; TCloseFormThread.Execute.Enter
18.12.2024; 12:26:01; FForm assigned
18.12.2024; 12:26:01; FForm.ThreadRegistry assigned
18.12.2024; 12:26:02; TCloseFormThread.Execute.Leave
18.12.2024; 12:26:02; Finish app
18.12.2024; 12:26:41; Start app
18.12.2024; 12:26:45; TCloseFormThread.Execute.Enter
18.12.2024; 12:26:45; FForm assigned
18.12.2024; 12:26:45; FForm.ThreadRegistry assigned
18.12.2024; 12:26:45; TCloseFormThread.Execute.Leave
18.12.2024; 12:26:46; Finish app
18.12.2024; 12:27:55; Start app
18.12.2024; 12:28:02; TCloseFormThread.Execute.Enter
18.12.2024; 12:28:02; FForm assigned
18.12.2024; 12:28:02; FForm.ThreadRegistry assigned
18.12.2024; 12:28:02; TCloseFormThread.Execute.Leave
18.12.2024; 12:28:02; Finish app
18.12.2024; 12:32:14; Start app
18.12.2024; 12:34:21; TCloseFormThread.Execute.Enter
18.12.2024; 12:34:21; FForm assigned
18.12.2024; 12:34:21; FForm.ThreadRegistry assigned
18.12.2024; 12:34:22; TCloseFormThread.Execute.Leave
18.12.2024; 12:34:22; Finish app
18.12.2024; 12:34:25; Start app
18.12.2024; 12:34:31; TCloseFormThread.Execute.Enter
18.12.2024; 12:34:31; FForm assigned
18.12.2024; 12:34:31; FForm.ThreadRegistry assigned
18.12.2024; 12:34:32; TCloseFormThread.Execute.Leave
18.12.2024; 12:34:32; Finish app
18.12.2024; 17:41:50; Start app
18.12.2024; 17:42:09; TCloseFormThread.Execute.Enter
18.12.2024; 17:42:09; FForm assigned
18.12.2024; 17:42:09; FForm.ThreadRegistry assigned
18.12.2024; 17:42:09; TCloseFormThread.Execute.Leave
18.12.2024; 17:42:10; Finish app
18.12.2024; 17:55:56; Start app
18.12.2024; 17:56:05; TCloseFormThread.Execute.Enter
18.12.2024; 17:56:05; FForm assigned
18.12.2024; 17:56:05; FForm.ThreadRegistry assigned
18.12.2024; 17:56:06; TCloseFormThread.Execute.Leave
18.12.2024; 17:56:06; Finish app
18.12.2024; 18:29:35; Start app
18.12.2024; 18:29:42; TCloseFormThread.Execute.Enter
18.12.2024; 18:29:42; FForm assigned
18.12.2024; 18:29:42; FForm.ThreadRegistry assigned
18.12.2024; 18:29:42; TCloseFormThread.Execute.Leave
18.12.2024; 18:29:42; Finish app
18.12.2024; 18:30:44; Start app
18.12.2024; 18:34:00; Start app
18.12.2024; 18:34:35; Start app
18.12.2024; 18:35:39; Start app
18.12.2024; 18:35:53; TCloseFormThread.Execute.Enter
18.12.2024; 18:35:53; FForm assigned
18.12.2024; 18:35:53; FForm.ThreadRegistry assigned
18.12.2024; 18:35:54; TCloseFormThread.Execute.Leave
18.12.2024; 18:35:54; Finish app
18.12.2024; 18:37:48; Start app
18.12.2024; 18:39:17; Start app
18.12.2024; 18:39:21; TCloseFormThread.Execute.Enter
18.12.2024; 18:39:21; FForm assigned
18.12.2024; 18:39:21; FForm.ThreadRegistry assigned
18.12.2024; 18:39:21; TCloseFormThread.Execute.Leave
18.12.2024; 18:39:21; Finish app
18.12.2024; 18:41:07; Start app
18.12.2024; 18:41:29; TCloseFormThread.Execute.Enter
18.12.2024; 18:41:29; FForm assigned
18.12.2024; 18:41:29; FForm.ThreadRegistry assigned
18.12.2024; 18:41:30; TCloseFormThread.Execute.Leave
18.12.2024; 18:41:30; Finish app
18.12.2024; 18:41:53; Start app
18.12.2024; 18:45:48; Start app
18.12.2024; 18:45:58; TCloseFormThread.Execute.Enter
18.12.2024; 18:45:58; FForm assigned
18.12.2024; 18:45:58; FForm.ThreadRegistry assigned
18.12.2024; 18:45:59; TCloseFormThread.Execute.Leave
18.12.2024; 18:45:59; Finish app
18.12.2024; 18:50:39; Start app
18.12.2024; 18:50:54; TCloseFormThread.Execute.Enter
18.12.2024; 18:50:54; FForm assigned
18.12.2024; 18:50:54; FForm.ThreadRegistry assigned
18.12.2024; 18:50:55; TCloseFormThread.Execute.Leave
18.12.2024; 18:50:55; Finish app
18.12.2024; 18:50:58; Start app
18.12.2024; 18:51:07; TCloseFormThread.Execute.Enter
18.12.2024; 18:51:07; FForm assigned
18.12.2024; 18:51:07; FForm.ThreadRegistry assigned
18.12.2024; 18:51:08; TCloseFormThread.Execute.Leave
18.12.2024; 18:51:08; Finish app
18.12.2024; 18:51:28; Start app
18.12.2024; 18:51:40; TCloseFormThread.Execute.Enter
18.12.2024; 18:51:40; FForm assigned
18.12.2024; 18:51:40; FForm.ThreadRegistry assigned
18.12.2024; 18:51:41; TCloseFormThread.Execute.Leave
18.12.2024; 18:51:41; Finish app
18.12.2024; 19:31:11; Start app
18.12.2024; 19:31:22; TCloseFormThread.Execute.Enter
18.12.2024; 19:31:22; FForm assigned
18.12.2024; 19:31:22; FForm.ThreadRegistry assigned
18.12.2024; 19:31:23; TCloseFormThread.Execute.Leave
18.12.2024; 19:31:23; Finish app
18.12.2024; 19:32:25; Start app
18.12.2024; 19:34:27; Start app
18.12.2024; 19:34:34; TCloseFormThread.Execute.Enter
18.12.2024; 19:34:34; FForm assigned
18.12.2024; 19:34:34; FForm.ThreadRegistry assigned
18.12.2024; 19:34:35; TCloseFormThread.Execute.Leave
18.12.2024; 19:34:35; Finish app
18.12.2024; 19:36:13; Start app
18.12.2024; 19:36:33; TCloseFormThread.Execute.Enter
18.12.2024; 19:36:33; FForm assigned
18.12.2024; 19:36:33; FForm.ThreadRegistry assigned
18.12.2024; 19:36:33; TCloseFormThread.Execute.Leave
18.12.2024; 19:36:33; Finish app
18.12.2024; 19:36:37; Start app
18.12.2024; 19:36:50; TCloseFormThread.Execute.Enter
18.12.2024; 19:36:50; FForm assigned
18.12.2024; 19:36:50; FForm.ThreadRegistry assigned
18.12.2024; 19:36:51; TCloseFormThread.Execute.Leave
18.12.2024; 19:36:51; Finish app
18.12.2024; 19:37:13; Start app
18.12.2024; 19:37:16; TCloseFormThread.Execute.Enter
18.12.2024; 19:37:16; FForm assigned
18.12.2024; 19:37:16; FForm.ThreadRegistry assigned
18.12.2024; 19:37:17; TCloseFormThread.Execute.Leave
18.12.2024; 19:37:17; Finish app
18.12.2024; 19:37:35; Start app
18.12.2024; 19:38:02; Start app
18.12.2024; 19:39:03; TCloseFormThread.Execute.Enter
18.12.2024; 19:39:03; FForm assigned
18.12.2024; 19:39:03; FForm.ThreadRegistry assigned
18.12.2024; 19:39:04; TCloseFormThread.Execute.Leave
18.12.2024; 19:39:04; Finish app
18.12.2024; 19:39:08; Start app
18.12.2024; 19:39:22; TCloseFormThread.Execute.Enter
18.12.2024; 19:39:22; FForm assigned
18.12.2024; 19:39:22; FForm.ThreadRegistry assigned
18.12.2024; 19:39:23; TCloseFormThread.Execute.Leave
18.12.2024; 19:39:23; Finish app
18.12.2024; 19:39:27; Start app
18.12.2024; 19:45:31; TCloseFormThread.Execute.Enter
18.12.2024; 19:45:31; FForm assigned
18.12.2024; 19:45:31; FForm.ThreadRegistry assigned
18.12.2024; 19:45:31; TCloseFormThread.Execute.Leave
18.12.2024; 19:45:31; Finish app
18.12.2024; 22:07:44; Start app
18.12.2024; 22:08:21; TCloseFormThread.Execute.Enter
18.12.2024; 22:08:21; FForm assigned
18.12.2024; 22:08:21; FForm.ThreadRegistry assigned
18.12.2024; 22:08:21; TCloseFormThread.Execute.Leave
18.12.2024; 22:08:22; Finish app
