19.01.2025; 11:14:19; Start app
19.01.2025; 11:14:40; TCloseFormThread.Execute.Enter
19.01.2025; 11:14:40; FForm assigned
19.01.2025; 11:14:40; FForm.ThreadRegistry assigned
19.01.2025; 11:14:41; TCloseFormThread.Execute.Leave
19.01.2025; 11:14:41; Finish app
19.01.2025; 11:19:17; Start app
19.01.2025; 11:19:31; TCloseFormThread.Execute.Enter
19.01.2025; 11:19:31; FForm assigned
19.01.2025; 11:19:31; FForm.ThreadRegistry assigned
19.01.2025; 11:19:31; TCloseFormThread.Execute.Leave
19.01.2025; 11:19:31; Finish app
19.01.2025; 11:22:22; Start app
19.01.2025; 11:22:39; TCloseFormThread.Execute.Enter
19.01.2025; 11:22:39; FForm assigned
19.01.2025; 11:22:39; FForm.ThreadRegistry assigned
19.01.2025; 11:22:39; TCloseFormThread.Execute.Leave
19.01.2025; 11:22:39; Finish app
19.01.2025; 11:22:46; Start app
19.01.2025; 11:23:23; TCloseFormThread.Execute.Enter
19.01.2025; 11:23:23; FForm assigned
19.01.2025; 11:23:23; FForm.ThreadRegistry assigned
19.01.2025; 11:23:24; TCloseFormThread.Execute.Leave
19.01.2025; 11:23:24; Finish app
19.01.2025; 11:24:23; Start app
19.01.2025; 11:25:05; TCloseFormThread.Execute.Enter
19.01.2025; 11:25:05; FForm assigned
19.01.2025; 11:25:05; FForm.ThreadRegistry assigned
19.01.2025; 11:25:05; TCloseFormThread.Execute.Leave
19.01.2025; 11:25:05; Finish app
19.01.2025; 17:24:06; Start app
