19.12.2024; 9:40:54; Start app
19.12.2024; 9:46:22; TCloseFormThread.Execute.Enter
19.12.2024; 9:46:22; FForm assigned
19.12.2024; 9:46:22; FForm.ThreadRegistry assigned
19.12.2024; 9:46:23; TCloseFormThread.Execute.Leave
19.12.2024; 9:46:23; Finish app
19.12.2024; 9:54:25; Start app
19.12.2024; 9:54:54; TCloseFormThread.Execute.Enter
19.12.2024; 9:54:54; FForm assigned
19.12.2024; 9:54:54; FForm.ThreadRegistry assigned
19.12.2024; 9:54:55; TCloseFormThread.Execute.Leave
19.12.2024; 9:54:55; Finish app
19.12.2024; 9:59:15; Start app
19.12.2024; 9:59:30; TCloseFormThread.Execute.Enter
19.12.2024; 9:59:30; FForm assigned
19.12.2024; 9:59:30; FForm.ThreadRegistry assigned
19.12.2024; 9:59:31; TCloseFormThread.Execute.Leave
19.12.2024; 9:59:31; Finish app
19.12.2024; 10:01:44; Start app
19.12.2024; 10:03:25; TCloseFormThread.Execute.Enter
19.12.2024; 10:03:25; FForm assigned
19.12.2024; 10:03:25; FForm.ThreadRegistry assigned
19.12.2024; 10:03:25; TCloseFormThread.Execute.Leave
19.12.2024; 10:03:26; Finish app
19.12.2024; 10:14:36; Start app
19.12.2024; 10:15:09; TCloseFormThread.Execute.Enter
19.12.2024; 10:15:09; FForm assigned
19.12.2024; 10:15:09; FForm.ThreadRegistry assigned
19.12.2024; 10:15:09; TCloseFormThread.Execute.Leave
19.12.2024; 10:15:09; Finish app
19.12.2024; 10:30:04; Start app
19.12.2024; 10:31:02; Start app
19.12.2024; 10:31:13; Start app
19.12.2024; 10:33:12; Start app
19.12.2024; 10:33:23; TCloseFormThread.Execute.Enter
19.12.2024; 10:33:23; FForm assigned
19.12.2024; 10:33:23; FForm.ThreadRegistry assigned
19.12.2024; 10:33:24; TCloseFormThread.Execute.Leave
19.12.2024; 10:33:24; Finish app
19.12.2024; 10:35:09; Start app
19.12.2024; 10:35:16; TCloseFormThread.Execute.Enter
19.12.2024; 10:35:16; FForm assigned
19.12.2024; 10:35:16; FForm.ThreadRegistry assigned
19.12.2024; 10:35:16; TCloseFormThread.Execute.Leave
19.12.2024; 10:35:16; Finish app
19.12.2024; 10:40:34; Start app
19.12.2024; 10:41:39; Start app
19.12.2024; 10:47:18; Start app
19.12.2024; 10:49:01; TCloseFormThread.Execute.Enter
19.12.2024; 10:49:01; FForm assigned
19.12.2024; 10:49:01; FForm.ThreadRegistry assigned
19.12.2024; 10:49:01; TCloseFormThread.Execute.Leave
19.12.2024; 10:49:01; Finish app
19.12.2024; 10:49:08; Start app
19.12.2024; 10:49:22; TCloseFormThread.Execute.Enter
19.12.2024; 10:49:22; FForm assigned
19.12.2024; 10:49:22; FForm.ThreadRegistry assigned
19.12.2024; 10:49:23; TCloseFormThread.Execute.Leave
19.12.2024; 10:49:23; Finish app
19.12.2024; 10:49:28; Start app
19.12.2024; 10:49:42; TCloseFormThread.Execute.Enter
19.12.2024; 10:49:42; FForm assigned
19.12.2024; 10:49:42; FForm.ThreadRegistry assigned
19.12.2024; 10:49:42; TCloseFormThread.Execute.Leave
19.12.2024; 10:49:42; Finish app
19.12.2024; 10:51:15; Start app
19.12.2024; 10:51:30; TCloseFormThread.Execute.Enter
19.12.2024; 10:51:30; FForm assigned
19.12.2024; 10:51:30; FForm.ThreadRegistry assigned
19.12.2024; 10:51:31; TCloseFormThread.Execute.Leave
19.12.2024; 10:51:31; Finish app
19.12.2024; 10:53:08; Start app
19.12.2024; 10:53:47; Start app
19.12.2024; 10:54:53; Start app
19.12.2024; 10:57:40; Start app
19.12.2024; 10:57:52; TCloseFormThread.Execute.Enter
19.12.2024; 10:57:52; FForm assigned
19.12.2024; 10:57:52; FForm.ThreadRegistry assigned
19.12.2024; 10:57:53; TCloseFormThread.Execute.Leave
19.12.2024; 10:57:53; Finish app
19.12.2024; 18:39:12; Start app
19.12.2024; 18:39:22; TCloseFormThread.Execute.Enter
19.12.2024; 18:39:22; FForm assigned
19.12.2024; 18:39:22; FForm.ThreadRegistry assigned
19.12.2024; 18:41:06; Start app
19.12.2024; 18:41:27; Start app
19.12.2024; 18:41:35; TCloseFormThread.Execute.Enter
19.12.2024; 18:41:35; FForm assigned
19.12.2024; 18:41:35; FForm.ThreadRegistry assigned
19.12.2024; 18:41:36; TCloseFormThread.Execute.Leave
19.12.2024; 18:41:36; Finish app
19.12.2024; 18:41:48; Start app
19.12.2024; 18:42:15; Start app
19.12.2024; 18:47:51; Start app
19.12.2024; 18:50:37; Start app
19.12.2024; 18:52:00; TCloseFormThread.Execute.Enter
19.12.2024; 18:52:00; FForm assigned
19.12.2024; 18:52:00; FForm.ThreadRegistry assigned
19.12.2024; 18:52:01; TCloseFormThread.Execute.Leave
19.12.2024; 18:52:01; Finish app
19.12.2024; 18:52:14; Start app
19.12.2024; 18:52:22; TCloseFormThread.Execute.Enter
19.12.2024; 18:52:22; FForm assigned
19.12.2024; 18:52:22; FForm.ThreadRegistry assigned
19.12.2024; 18:52:23; TCloseFormThread.Execute.Leave
19.12.2024; 18:52:24; Finish app
19.12.2024; 18:52:28; Start app
19.12.2024; 18:52:41; TCloseFormThread.Execute.Enter
19.12.2024; 18:52:41; FForm assigned
19.12.2024; 18:52:41; FForm.ThreadRegistry assigned
19.12.2024; 18:52:42; TCloseFormThread.Execute.Leave
19.12.2024; 18:52:42; Finish app
19.12.2024; 18:52:47; Start app
19.12.2024; 18:54:17; TCloseFormThread.Execute.Enter
19.12.2024; 18:54:17; FForm assigned
19.12.2024; 18:54:17; FForm.ThreadRegistry assigned
19.12.2024; 18:54:17; TCloseFormThread.Execute.Leave
19.12.2024; 18:54:17; Finish app
19.12.2024; 18:58:52; Start app
19.12.2024; 18:59:04; TCloseFormThread.Execute.Enter
19.12.2024; 18:59:04; FForm assigned
19.12.2024; 18:59:04; FForm.ThreadRegistry assigned
19.12.2024; 18:59:05; TCloseFormThread.Execute.Leave
19.12.2024; 18:59:05; Finish app
19.12.2024; 19:05:46; Start app
19.12.2024; 19:05:57; TCloseFormThread.Execute.Enter
19.12.2024; 19:05:57; FForm assigned
19.12.2024; 19:05:57; FForm.ThreadRegistry assigned
19.12.2024; 19:05:57; TCloseFormThread.Execute.Leave
19.12.2024; 19:05:58; Finish app
19.12.2024; 19:06:34; Start app
19.12.2024; 19:06:44; TCloseFormThread.Execute.Enter
19.12.2024; 19:06:44; FForm assigned
19.12.2024; 19:06:44; FForm.ThreadRegistry assigned
19.12.2024; 19:06:44; TCloseFormThread.Execute.Leave
19.12.2024; 19:06:44; Finish app
19.12.2024; 19:06:50; Start app
19.12.2024; 19:07:06; TCloseFormThread.Execute.Enter
19.12.2024; 19:07:06; FForm assigned
19.12.2024; 19:07:06; FForm.ThreadRegistry assigned
19.12.2024; 19:07:07; TCloseFormThread.Execute.Leave
19.12.2024; 19:07:07; Finish app
19.12.2024; 19:07:33; Start app
19.12.2024; 19:07:44; TCloseFormThread.Execute.Enter
19.12.2024; 19:07:44; FForm assigned
19.12.2024; 19:07:44; FForm.ThreadRegistry assigned
19.12.2024; 19:07:45; TCloseFormThread.Execute.Leave
19.12.2024; 19:07:45; Finish app
19.12.2024; 19:07:51; Start app
19.12.2024; 19:13:54; TCloseFormThread.Execute.Enter
19.12.2024; 19:13:54; FForm assigned
19.12.2024; 19:13:54; FForm.ThreadRegistry assigned
19.12.2024; 19:13:54; TCloseFormThread.Execute.Leave
19.12.2024; 19:13:54; Finish app
19.12.2024; 19:52:41; Start app
19.12.2024; 19:52:59; TCloseFormThread.Execute.Enter
19.12.2024; 19:52:59; FForm assigned
19.12.2024; 19:52:59; FForm.ThreadRegistry assigned
19.12.2024; 19:52:59; TCloseFormThread.Execute.Leave
19.12.2024; 19:52:59; Finish app
19.12.2024; 19:53:16; Start app
19.12.2024; 19:54:15; TCloseFormThread.Execute.Enter
19.12.2024; 19:54:15; FForm assigned
19.12.2024; 19:54:15; FForm.ThreadRegistry assigned
19.12.2024; 19:54:16; TCloseFormThread.Execute.Leave
19.12.2024; 19:54:16; Finish app
19.12.2024; 20:09:40; Start app
19.12.2024; 20:10:07; TCloseFormThread.Execute.Enter
19.12.2024; 20:10:07; FForm assigned
19.12.2024; 20:10:07; FForm.ThreadRegistry assigned
19.12.2024; 20:10:08; TCloseFormThread.Execute.Leave
19.12.2024; 20:10:08; Finish app
19.12.2024; 20:10:11; Start app
19.12.2024; 20:18:46; TCloseFormThread.Execute.Enter
19.12.2024; 20:18:46; FForm assigned
19.12.2024; 20:18:46; FForm.ThreadRegistry assigned
19.12.2024; 20:18:46; TCloseFormThread.Execute.Leave
19.12.2024; 20:18:48; Finish app
19.12.2024; 20:18:55; Start app
19.12.2024; 20:20:27; TCloseFormThread.Execute.Enter
19.12.2024; 20:20:27; FForm assigned
19.12.2024; 20:20:27; FForm.ThreadRegistry assigned
19.12.2024; 20:20:28; TCloseFormThread.Execute.Leave
19.12.2024; 20:20:28; Finish app
19.12.2024; 20:20:33; Start app
19.12.2024; 20:20:49; TCloseFormThread.Execute.Enter
19.12.2024; 20:20:49; FForm assigned
19.12.2024; 20:20:49; FForm.ThreadRegistry assigned
19.12.2024; 20:20:50; TCloseFormThread.Execute.Leave
19.12.2024; 20:20:50; Finish app
19.12.2024; 20:40:26; Start app
19.12.2024; 20:40:55; TCloseFormThread.Execute.Enter
19.12.2024; 20:40:55; FForm assigned
19.12.2024; 20:40:55; FForm.ThreadRegistry assigned
19.12.2024; 20:40:55; TCloseFormThread.Execute.Leave
19.12.2024; 20:40:55; Finish app
19.12.2024; 20:41:00; Start app
19.12.2024; 20:51:38; Start app
19.12.2024; 20:52:35; Start app
19.12.2024; 20:53:29; TCloseFormThread.Execute.Enter
19.12.2024; 20:53:29; FForm assigned
19.12.2024; 20:53:29; FForm.ThreadRegistry assigned
19.12.2024; 20:53:29; TCloseFormThread.Execute.Leave
19.12.2024; 20:53:29; Finish app
19.12.2024; 20:53:34; Start app
19.12.2024; 20:54:02; TCloseFormThread.Execute.Enter
19.12.2024; 20:54:02; FForm assigned
19.12.2024; 20:54:02; FForm.ThreadRegistry assigned
19.12.2024; 20:54:03; TCloseFormThread.Execute.Leave
19.12.2024; 20:54:03; Finish app
19.12.2024; 20:54:08; Start app
19.12.2024; 20:54:14; TCloseFormThread.Execute.Enter
19.12.2024; 20:54:14; FForm assigned
19.12.2024; 20:54:14; FForm.ThreadRegistry assigned
19.12.2024; 20:54:14; TCloseFormThread.Execute.Leave
19.12.2024; 20:54:15; Finish app
19.12.2024; 22:02:20; Start app
19.12.2024; 22:05:06; TCloseFormThread.Execute.Enter
19.12.2024; 22:05:06; FForm assigned
19.12.2024; 22:05:06; FForm.ThreadRegistry assigned
19.12.2024; 22:05:07; TCloseFormThread.Execute.Leave
19.12.2024; 22:05:07; Finish app
19.12.2024; 22:05:41; Start app
19.12.2024; 22:05:50; TCloseFormThread.Execute.Enter
19.12.2024; 22:05:50; FForm assigned
19.12.2024; 22:05:50; FForm.ThreadRegistry assigned
19.12.2024; 22:05:51; TCloseFormThread.Execute.Leave
19.12.2024; 22:05:51; Finish app
19.12.2024; 22:09:00; Start app
19.12.2024; 22:09:06; TCloseFormThread.Execute.Enter
19.12.2024; 22:09:06; FForm assigned
19.12.2024; 22:09:06; FForm.ThreadRegistry assigned
19.12.2024; 22:09:07; TCloseFormThread.Execute.Leave
19.12.2024; 22:09:07; Finish app
19.12.2024; 22:24:35; Start app
19.12.2024; 22:25:49; Start app
19.12.2024; 22:26:16; TCloseFormThread.Execute.Enter
19.12.2024; 22:26:16; FForm assigned
19.12.2024; 22:26:16; FForm.ThreadRegistry assigned
19.12.2024; 22:26:17; TCloseFormThread.Execute.Leave
19.12.2024; 22:26:17; Finish app
19.12.2024; 22:29:52; Start app
19.12.2024; 22:31:48; TCloseFormThread.Execute.Enter
19.12.2024; 22:31:48; FForm assigned
19.12.2024; 22:31:48; FForm.ThreadRegistry assigned
19.12.2024; 22:31:49; TCloseFormThread.Execute.Leave
19.12.2024; 22:31:51; Finish app
19.12.2024; 22:44:43; Start app
19.12.2024; 22:45:12; TCloseFormThread.Execute.Enter
19.12.2024; 22:45:12; FForm assigned
19.12.2024; 22:45:12; FForm.ThreadRegistry assigned
19.12.2024; 22:45:12; TCloseFormThread.Execute.Leave
19.12.2024; 22:45:12; Finish app
19.12.2024; 22:45:18; Start app
19.12.2024; 22:45:24; TCloseFormThread.Execute.Enter
19.12.2024; 22:45:24; FForm assigned
19.12.2024; 22:45:24; FForm.ThreadRegistry assigned
19.12.2024; 22:45:25; TCloseFormThread.Execute.Leave
19.12.2024; 22:45:25; Finish app
19.12.2024; 22:45:44; Start app
19.12.2024; 22:45:55; TCloseFormThread.Execute.Enter
19.12.2024; 22:45:55; FForm assigned
19.12.2024; 22:45:55; FForm.ThreadRegistry assigned
19.12.2024; 22:45:56; TCloseFormThread.Execute.Leave
19.12.2024; 22:45:57; Finish app
19.12.2024; 22:46:34; Start app
19.12.2024; 22:46:59; TCloseFormThread.Execute.Enter
19.12.2024; 22:46:59; FForm assigned
19.12.2024; 22:46:59; FForm.ThreadRegistry assigned
19.12.2024; 22:47:00; TCloseFormThread.Execute.Leave
19.12.2024; 22:47:00; Finish app
19.12.2024; 22:47:05; Start app
19.12.2024; 22:47:22; TCloseFormThread.Execute.Enter
19.12.2024; 22:47:22; FForm assigned
19.12.2024; 22:47:22; FForm.ThreadRegistry assigned
19.12.2024; 22:47:23; TCloseFormThread.Execute.Leave
19.12.2024; 22:47:23; Finish app
19.12.2024; 22:47:32; Start app
19.12.2024; 22:47:43; TCloseFormThread.Execute.Enter
19.12.2024; 22:47:43; FForm assigned
19.12.2024; 22:47:43; FForm.ThreadRegistry assigned
19.12.2024; 22:47:43; TCloseFormThread.Execute.Leave
19.12.2024; 22:47:43; Finish app
19.12.2024; 22:47:49; Start app
19.12.2024; 22:48:04; TCloseFormThread.Execute.Enter
19.12.2024; 22:48:04; FForm assigned
19.12.2024; 22:48:04; FForm.ThreadRegistry assigned
19.12.2024; 22:48:05; TCloseFormThread.Execute.Leave
19.12.2024; 22:48:05; Finish app
19.12.2024; 22:48:24; Start app
19.12.2024; 22:48:59; TCloseFormThread.Execute.Enter
19.12.2024; 22:48:59; FForm assigned
19.12.2024; 22:48:59; FForm.ThreadRegistry assigned
19.12.2024; 22:49:00; TCloseFormThread.Execute.Leave
19.12.2024; 22:49:00; Finish app
19.12.2024; 23:02:04; Start app
19.12.2024; 23:02:12; TCloseFormThread.Execute.Enter
19.12.2024; 23:02:12; FForm assigned
19.12.2024; 23:02:12; FForm.ThreadRegistry assigned
19.12.2024; 23:02:13; TCloseFormThread.Execute.Leave
19.12.2024; 23:02:13; Finish app
19.12.2024; 23:02:18; Start app
19.12.2024; 23:02:30; TCloseFormThread.Execute.Enter
19.12.2024; 23:02:30; FForm assigned
19.12.2024; 23:02:30; FForm.ThreadRegistry assigned
19.12.2024; 23:02:30; TCloseFormThread.Execute.Leave
19.12.2024; 23:02:30; Finish app
19.12.2024; 23:02:35; Start app
19.12.2024; 23:02:46; TCloseFormThread.Execute.Enter
19.12.2024; 23:02:46; FForm assigned
19.12.2024; 23:02:46; FForm.ThreadRegistry assigned
19.12.2024; 23:02:48; TCloseFormThread.Execute.Leave
19.12.2024; 23:02:48; Finish app
19.12.2024; 23:02:53; Start app
19.12.2024; 23:03:00; TCloseFormThread.Execute.Enter
19.12.2024; 23:03:00; FForm assigned
19.12.2024; 23:03:00; FForm.ThreadRegistry assigned
19.12.2024; 23:03:01; TCloseFormThread.Execute.Leave
19.12.2024; 23:03:01; Finish app
19.12.2024; 23:04:21; Start app
19.12.2024; 23:04:53; TCloseFormThread.Execute.Enter
19.12.2024; 23:04:53; FForm assigned
19.12.2024; 23:04:53; FForm.ThreadRegistry assigned
19.12.2024; 23:04:54; TCloseFormThread.Execute.Leave
19.12.2024; 23:04:54; Finish app
19.12.2024; 23:04:59; Start app
19.12.2024; 23:05:30; TCloseFormThread.Execute.Enter
19.12.2024; 23:05:30; FForm assigned
19.12.2024; 23:05:30; FForm.ThreadRegistry assigned
19.12.2024; 23:05:31; TCloseFormThread.Execute.Leave
19.12.2024; 23:05:31; Finish app
