21.12.2024; 10:42:13; Start app
21.12.2024; 10:42:37; TCloseFormThread.Execute.Enter
21.12.2024; 10:42:37; FForm assigned
21.12.2024; 10:42:37; FForm.ThreadRegistry assigned
21.12.2024; 10:42:38; TCloseFormThread.Execute.Leave
21.12.2024; 10:42:38; Finish app
21.12.2024; 10:43:37; Start app
21.12.2024; 10:44:26; Start app
21.12.2024; 10:45:19; Start app
21.12.2024; 10:45:35; TCloseFormThread.Execute.Enter
21.12.2024; 10:45:35; FForm assigned
21.12.2024; 10:45:35; FForm.ThreadRegistry assigned
21.12.2024; 10:45:36; TCloseFormThread.Execute.Leave
21.12.2024; 10:45:36; Finish app
21.12.2024; 10:57:59; Start app
21.12.2024; 10:58:52; TCloseFormThread.Execute.Enter
21.12.2024; 10:58:52; FForm assigned
21.12.2024; 10:58:52; FForm.ThreadRegistry assigned
21.12.2024; 10:58:53; TCloseFormThread.Execute.Leave
21.12.2024; 10:58:53; Finish app
21.12.2024; 10:58:58; Start app
21.12.2024; 10:59:38; TCloseFormThread.Execute.Enter
21.12.2024; 10:59:38; FForm assigned
21.12.2024; 10:59:38; FForm.ThreadRegistry assigned
21.12.2024; 10:59:39; TCloseFormThread.Execute.Leave
21.12.2024; 10:59:39; Finish app
21.12.2024; 11:00:38; Start app
21.12.2024; 11:02:06; TCloseFormThread.Execute.Enter
21.12.2024; 11:02:06; FForm assigned
21.12.2024; 11:02:06; FForm.ThreadRegistry assigned
21.12.2024; 11:02:07; TCloseFormThread.Execute.Leave
21.12.2024; 11:02:07; Finish app
21.12.2024; 11:12:16; Start app
21.12.2024; 11:12:51; Start app
21.12.2024; 11:14:06; Start app
21.12.2024; 11:15:39; Start app
21.12.2024; 11:16:10; TCloseFormThread.Execute.Enter
21.12.2024; 11:16:10; FForm assigned
21.12.2024; 11:16:10; FForm.ThreadRegistry assigned
21.12.2024; 11:16:10; TCloseFormThread.Execute.Leave
21.12.2024; 11:16:11; Finish app
21.12.2024; 11:19:42; Start app
21.12.2024; 11:19:44; TCloseFormThread.Execute.Enter
21.12.2024; 11:19:44; FForm assigned
21.12.2024; 11:19:44; FForm.ThreadRegistry assigned
21.12.2024; 11:19:45; TCloseFormThread.Execute.Leave
21.12.2024; 11:19:45; Finish app
21.12.2024; 11:32:03; Start app
21.12.2024; 11:32:17; TCloseFormThread.Execute.Enter
21.12.2024; 11:32:17; FForm assigned
21.12.2024; 11:32:17; FForm.ThreadRegistry assigned
21.12.2024; 11:32:17; TCloseFormThread.Execute.Leave
21.12.2024; 11:32:17; Finish app
21.12.2024; 11:32:22; Start app
21.12.2024; 11:33:05; Start app
21.12.2024; 11:34:31; Start app
21.12.2024; 11:34:52; Start app
21.12.2024; 11:37:52; Start app
21.12.2024; 11:38:08; TCloseFormThread.Execute.Enter
21.12.2024; 11:38:08; FForm assigned
21.12.2024; 11:38:08; FForm.ThreadRegistry assigned
21.12.2024; 11:38:08; TCloseFormThread.Execute.Leave
21.12.2024; 11:38:08; Finish app
21.12.2024; 11:38:39; Start app
21.12.2024; 11:38:50; TCloseFormThread.Execute.Enter
21.12.2024; 11:38:50; FForm assigned
21.12.2024; 11:38:50; FForm.ThreadRegistry assigned
21.12.2024; 11:38:51; TCloseFormThread.Execute.Leave
21.12.2024; 11:38:51; Finish app
21.12.2024; 11:38:55; Start app
21.12.2024; 11:39:23; TCloseFormThread.Execute.Enter
21.12.2024; 11:39:23; FForm assigned
21.12.2024; 11:39:23; FForm.ThreadRegistry assigned
21.12.2024; 11:39:24; TCloseFormThread.Execute.Leave
21.12.2024; 11:39:24; Finish app
21.12.2024; 12:36:17; Start app
21.12.2024; 12:36:45; TCloseFormThread.Execute.Enter
21.12.2024; 12:36:45; FForm assigned
21.12.2024; 12:36:45; FForm.ThreadRegistry assigned
21.12.2024; 12:36:45; TCloseFormThread.Execute.Leave
21.12.2024; 12:36:46; Finish app
21.12.2024; 12:36:50; Start app
21.12.2024; 12:37:10; TCloseFormThread.Execute.Enter
21.12.2024; 12:37:10; FForm assigned
21.12.2024; 12:37:10; FForm.ThreadRegistry assigned
21.12.2024; 12:37:11; TCloseFormThread.Execute.Leave
21.12.2024; 12:37:11; Finish app
21.12.2024; 12:39:29; Start app
21.12.2024; 12:39:55; TCloseFormThread.Execute.Enter
21.12.2024; 12:39:55; FForm assigned
21.12.2024; 12:39:55; FForm.ThreadRegistry assigned
21.12.2024; 12:39:56; TCloseFormThread.Execute.Leave
21.12.2024; 12:39:56; Finish app
21.12.2024; 23:26:40; Start app
21.12.2024; 23:27:35; TCloseFormThread.Execute.Enter
21.12.2024; 23:27:35; FForm assigned
21.12.2024; 23:27:35; FForm.ThreadRegistry assigned
21.12.2024; 23:27:36; TCloseFormThread.Execute.Leave
21.12.2024; 23:27:36; Finish app
