22.12.2024; 13:46:27; Start app
22.12.2024; 13:47:18; TCloseFormThread.Execute.Enter
22.12.2024; 13:47:18; FForm assigned
22.12.2024; 13:47:18; FForm.ThreadRegistry assigned
22.12.2024; 13:47:18; TCloseFormThread.Execute.Leave
22.12.2024; 13:47:18; Finish app
22.12.2024; 13:48:14; Start app
22.12.2024; 13:48:27; TCloseFormThread.Execute.Enter
22.12.2024; 13:48:27; FForm assigned
22.12.2024; 13:48:27; FForm.ThreadRegistry assigned
22.12.2024; 13:48:28; TCloseFormThread.Execute.Leave
22.12.2024; 13:48:28; Finish app
22.12.2024; 13:50:19; Start app
22.12.2024; 13:50:28; TCloseFormThread.Execute.Enter
22.12.2024; 13:50:28; FForm assigned
22.12.2024; 13:50:28; FForm.ThreadRegistry assigned
22.12.2024; 13:50:29; TCloseFormThread.Execute.Leave
22.12.2024; 13:50:29; Finish app
22.12.2024; 14:07:17; Start app
22.12.2024; 14:07:27; TCloseFormThread.Execute.Enter
22.12.2024; 14:07:27; FForm assigned
22.12.2024; 14:07:27; FForm.ThreadRegistry assigned
22.12.2024; 14:07:27; TCloseFormThread.Execute.Leave
22.12.2024; 14:07:27; Finish app
22.12.2024; 14:07:50; Start app
22.12.2024; 14:08:13; TCloseFormThread.Execute.Enter
22.12.2024; 14:08:13; FForm assigned
22.12.2024; 14:08:13; FForm.ThreadRegistry assigned
22.12.2024; 14:08:14; TCloseFormThread.Execute.Leave
22.12.2024; 14:08:14; Finish app
22.12.2024; 14:15:00; Start app
22.12.2024; 14:15:39; TCloseFormThread.Execute.Enter
22.12.2024; 14:15:39; FForm assigned
22.12.2024; 14:15:39; FForm.ThreadRegistry assigned
22.12.2024; 14:15:40; TCloseFormThread.Execute.Leave
22.12.2024; 14:15:40; Finish app
22.12.2024; 14:26:11; Start app
22.12.2024; 14:27:44; Start app
22.12.2024; 14:29:20; Start app
22.12.2024; 14:30:38; Start app
22.12.2024; 14:31:05; Start app
22.12.2024; 14:31:39; Start app
22.12.2024; 14:32:32; Start app
22.12.2024; 14:32:40; TCloseFormThread.Execute.Enter
22.12.2024; 14:32:40; FForm assigned
22.12.2024; 14:32:40; FForm.ThreadRegistry assigned
22.12.2024; 14:32:40; TCloseFormThread.Execute.Leave
22.12.2024; 14:32:40; Finish app
22.12.2024; 14:32:46; Start app
22.12.2024; 14:32:52; TCloseFormThread.Execute.Enter
22.12.2024; 14:32:52; FForm assigned
22.12.2024; 14:32:52; FForm.ThreadRegistry assigned
22.12.2024; 14:32:53; TCloseFormThread.Execute.Leave
22.12.2024; 14:32:53; Finish app
22.12.2024; 14:40:26; Start app
22.12.2024; 14:40:41; TCloseFormThread.Execute.Enter
22.12.2024; 14:40:41; FForm assigned
22.12.2024; 14:40:41; FForm.ThreadRegistry assigned
22.12.2024; 14:40:42; TCloseFormThread.Execute.Leave
22.12.2024; 14:40:42; Finish app
22.12.2024; 14:42:13; Start app
22.12.2024; 14:42:28; TCloseFormThread.Execute.Enter
22.12.2024; 14:42:28; FForm assigned
22.12.2024; 14:42:28; FForm.ThreadRegistry assigned
22.12.2024; 14:42:29; TCloseFormThread.Execute.Leave
22.12.2024; 14:42:29; Finish app
22.12.2024; 14:43:19; Start app
22.12.2024; 14:43:27; TCloseFormThread.Execute.Enter
22.12.2024; 14:43:27; FForm assigned
22.12.2024; 14:43:27; FForm.ThreadRegistry assigned
22.12.2024; 14:43:28; TCloseFormThread.Execute.Leave
22.12.2024; 14:43:28; Finish app
22.12.2024; 14:43:33; Start app
22.12.2024; 14:43:49; TCloseFormThread.Execute.Enter
22.12.2024; 14:43:49; FForm assigned
22.12.2024; 14:43:49; FForm.ThreadRegistry assigned
22.12.2024; 14:43:49; TCloseFormThread.Execute.Leave
22.12.2024; 14:43:49; Finish app
22.12.2024; 14:45:59; Start app
22.12.2024; 14:46:07; TCloseFormThread.Execute.Enter
22.12.2024; 14:46:07; FForm assigned
22.12.2024; 14:46:07; FForm.ThreadRegistry assigned
22.12.2024; 14:46:08; TCloseFormThread.Execute.Leave
22.12.2024; 14:46:08; Finish app
22.12.2024; 14:46:12; Start app
22.12.2024; 14:46:26; TCloseFormThread.Execute.Enter
22.12.2024; 14:46:26; FForm assigned
22.12.2024; 14:46:26; FForm.ThreadRegistry assigned
22.12.2024; 14:46:27; TCloseFormThread.Execute.Leave
22.12.2024; 14:46:27; Finish app
22.12.2024; 14:46:32; Start app
22.12.2024; 14:47:49; TCloseFormThread.Execute.Enter
22.12.2024; 14:47:49; FForm assigned
22.12.2024; 14:47:49; FForm.ThreadRegistry assigned
22.12.2024; 14:47:50; TCloseFormThread.Execute.Leave
22.12.2024; 14:47:50; Finish app
22.12.2024; 14:54:32; Start app
22.12.2024; 14:54:59; TCloseFormThread.Execute.Enter
22.12.2024; 14:54:59; FForm assigned
22.12.2024; 14:54:59; FForm.ThreadRegistry assigned
22.12.2024; 14:54:59; TCloseFormThread.Execute.Leave
22.12.2024; 14:55:00; Finish app
22.12.2024; 14:55:52; Start app
22.12.2024; 14:56:09; TCloseFormThread.Execute.Enter
22.12.2024; 14:56:09; FForm assigned
22.12.2024; 14:56:09; FForm.ThreadRegistry assigned
22.12.2024; 14:56:10; TCloseFormThread.Execute.Leave
22.12.2024; 14:56:10; Finish app
22.12.2024; 14:59:16; Start app
22.12.2024; 14:59:48; TCloseFormThread.Execute.Enter
22.12.2024; 14:59:48; FForm assigned
22.12.2024; 14:59:48; FForm.ThreadRegistry assigned
22.12.2024; 14:59:49; TCloseFormThread.Execute.Leave
22.12.2024; 14:59:49; Finish app
22.12.2024; 15:00:24; Start app
22.12.2024; 15:01:54; Start app
22.12.2024; 15:02:21; TCloseFormThread.Execute.Enter
22.12.2024; 15:02:21; FForm assigned
22.12.2024; 15:02:21; FForm.ThreadRegistry assigned
22.12.2024; 15:02:22; TCloseFormThread.Execute.Leave
22.12.2024; 15:02:22; Finish app
22.12.2024; 15:02:29; Start app
22.12.2024; 15:06:45; Start app
22.12.2024; 15:10:22; Start app
22.12.2024; 15:11:11; TCloseFormThread.Execute.Enter
22.12.2024; 15:11:11; FForm assigned
22.12.2024; 15:11:11; FForm.ThreadRegistry assigned
22.12.2024; 15:11:12; TCloseFormThread.Execute.Leave
22.12.2024; 15:11:13; Finish app
22.12.2024; 15:11:19; Start app
22.12.2024; 15:15:22; Start app
22.12.2024; 15:17:39; Start app
22.12.2024; 15:18:11; TCloseFormThread.Execute.Enter
22.12.2024; 15:18:11; FForm assigned
22.12.2024; 15:18:11; FForm.ThreadRegistry assigned
22.12.2024; 15:18:11; TCloseFormThread.Execute.Leave
22.12.2024; 15:18:11; Finish app
22.12.2024; 15:31:25; Start app
22.12.2024; 15:35:35; Start app
22.12.2024; 15:46:07; Start app
22.12.2024; 15:46:36; Start app
22.12.2024; 15:48:30; Start app
22.12.2024; 15:48:53; TCloseFormThread.Execute.Enter
22.12.2024; 15:48:53; FForm assigned
22.12.2024; 15:48:53; FForm.ThreadRegistry assigned
22.12.2024; 15:48:54; TCloseFormThread.Execute.Leave
22.12.2024; 15:48:54; Finish app
22.12.2024; 15:49:07; Start app
22.12.2024; 15:49:10; TCloseFormThread.Execute.Enter
22.12.2024; 15:49:10; FForm assigned
22.12.2024; 15:49:10; FForm.ThreadRegistry assigned
22.12.2024; 15:49:11; TCloseFormThread.Execute.Leave
22.12.2024; 15:49:11; Finish app
22.12.2024; 15:51:26; Start app
22.12.2024; 15:53:33; Start app
22.12.2024; 15:53:46; TCloseFormThread.Execute.Enter
22.12.2024; 15:53:46; FForm assigned
22.12.2024; 15:53:46; FForm.ThreadRegistry assigned
22.12.2024; 15:53:47; TCloseFormThread.Execute.Leave
22.12.2024; 15:53:47; Finish app
22.12.2024; 15:54:02; Start app
22.12.2024; 15:54:16; TCloseFormThread.Execute.Enter
22.12.2024; 15:54:16; FForm assigned
22.12.2024; 15:54:16; FForm.ThreadRegistry assigned
22.12.2024; 15:54:16; TCloseFormThread.Execute.Leave
22.12.2024; 15:54:17; Finish app
22.12.2024; 17:18:58; Start app
22.12.2024; 17:19:02; TCloseFormThread.Execute.Enter
22.12.2024; 17:19:02; FForm assigned
22.12.2024; 17:19:02; FForm.ThreadRegistry assigned
22.12.2024; 17:19:03; TCloseFormThread.Execute.Leave
22.12.2024; 17:19:03; Finish app
22.12.2024; 20:22:39; Start app
22.12.2024; 20:22:43; TCloseFormThread.Execute.Enter
22.12.2024; 20:22:43; FForm assigned
22.12.2024; 20:22:43; FForm.ThreadRegistry assigned
22.12.2024; 20:22:43; TCloseFormThread.Execute.Leave
22.12.2024; 20:22:43; Finish app
22.12.2024; 20:32:26; Start app
22.12.2024; 20:33:49; Start app
22.12.2024; 20:34:21; TCloseFormThread.Execute.Enter
22.12.2024; 20:34:21; FForm assigned
22.12.2024; 20:34:21; FForm.ThreadRegistry assigned
22.12.2024; 20:34:22; TCloseFormThread.Execute.Leave
22.12.2024; 20:34:22; Finish app
22.12.2024; 20:34:27; Start app
22.12.2024; 20:34:42; TCloseFormThread.Execute.Enter
22.12.2024; 20:34:42; FForm assigned
22.12.2024; 20:34:42; FForm.ThreadRegistry assigned
22.12.2024; 20:34:43; TCloseFormThread.Execute.Leave
22.12.2024; 20:34:43; Finish app
22.12.2024; 20:34:47; Start app
22.12.2024; 20:35:10; TCloseFormThread.Execute.Enter
22.12.2024; 20:35:10; FForm assigned
22.12.2024; 20:35:10; FForm.ThreadRegistry assigned
22.12.2024; 20:35:11; TCloseFormThread.Execute.Leave
22.12.2024; 20:35:11; Finish app
22.12.2024; 20:38:35; Start app
22.12.2024; 20:39:24; TCloseFormThread.Execute.Enter
22.12.2024; 20:39:24; FForm assigned
22.12.2024; 20:39:24; FForm.ThreadRegistry assigned
22.12.2024; 20:39:24; TCloseFormThread.Execute.Leave
22.12.2024; 20:39:24; Finish app
22.12.2024; 20:41:15; Start app
22.12.2024; 20:41:37; TCloseFormThread.Execute.Enter
22.12.2024; 20:41:37; FForm assigned
22.12.2024; 20:41:37; FForm.ThreadRegistry assigned
22.12.2024; 20:41:38; TCloseFormThread.Execute.Leave
22.12.2024; 20:41:38; Finish app
22.12.2024; 20:41:42; Start app
22.12.2024; 20:41:48; TCloseFormThread.Execute.Enter
22.12.2024; 20:41:48; FForm assigned
22.12.2024; 20:41:48; FForm.ThreadRegistry assigned
22.12.2024; 20:41:48; TCloseFormThread.Execute.Leave
22.12.2024; 20:41:49; Finish app
22.12.2024; 20:42:28; Start app
22.12.2024; 20:43:19; Start app
22.12.2024; 20:43:48; TCloseFormThread.Execute.Enter
22.12.2024; 20:43:48; FForm assigned
22.12.2024; 20:43:48; FForm.ThreadRegistry assigned
22.12.2024; 20:43:49; TCloseFormThread.Execute.Leave
22.12.2024; 20:43:49; Finish app
22.12.2024; 20:44:27; Start app
22.12.2024; 20:44:43; TCloseFormThread.Execute.Enter
22.12.2024; 20:44:43; FForm assigned
22.12.2024; 20:44:43; FForm.ThreadRegistry assigned
22.12.2024; 20:44:44; TCloseFormThread.Execute.Leave
22.12.2024; 20:44:44; Finish app
22.12.2024; 20:44:47; Start app
22.12.2024; 20:45:08; TCloseFormThread.Execute.Enter
22.12.2024; 20:45:08; FForm assigned
22.12.2024; 20:45:08; FForm.ThreadRegistry assigned
22.12.2024; 20:45:09; TCloseFormThread.Execute.Leave
22.12.2024; 20:45:09; Finish app
22.12.2024; 20:45:14; Start app
22.12.2024; 20:49:12; Start app
22.12.2024; 20:51:43; Start app
22.12.2024; 20:51:57; TCloseFormThread.Execute.Enter
22.12.2024; 20:51:57; FForm assigned
22.12.2024; 20:51:57; FForm.ThreadRegistry assigned
22.12.2024; 20:51:58; TCloseFormThread.Execute.Leave
22.12.2024; 20:51:58; Finish app
22.12.2024; 20:52:03; Start app
22.12.2024; 20:57:12; TCloseFormThread.Execute.Enter
22.12.2024; 20:57:12; FForm assigned
22.12.2024; 20:57:12; FForm.ThreadRegistry assigned
22.12.2024; 20:57:13; TCloseFormThread.Execute.Leave
22.12.2024; 20:57:14; Finish app
22.12.2024; 20:57:18; Start app
22.12.2024; 20:57:34; TCloseFormThread.Execute.Enter
22.12.2024; 20:57:34; FForm assigned
22.12.2024; 20:57:34; FForm.ThreadRegistry assigned
22.12.2024; 20:57:34; TCloseFormThread.Execute.Leave
22.12.2024; 20:57:34; Finish app
22.12.2024; 20:57:42; Start app
22.12.2024; 20:58:20; TCloseFormThread.Execute.Enter
22.12.2024; 20:58:20; FForm assigned
22.12.2024; 20:58:20; FForm.ThreadRegistry assigned
22.12.2024; 20:58:21; TCloseFormThread.Execute.Leave
22.12.2024; 20:58:21; Finish app
22.12.2024; 20:58:26; Start app
22.12.2024; 20:59:18; TCloseFormThread.Execute.Enter
22.12.2024; 20:59:18; FForm assigned
22.12.2024; 20:59:18; FForm.ThreadRegistry assigned
22.12.2024; 20:59:18; TCloseFormThread.Execute.Leave
22.12.2024; 20:59:20; Finish app
22.12.2024; 20:59:48; Start app
22.12.2024; 21:00:10; TCloseFormThread.Execute.Enter
22.12.2024; 21:00:10; FForm assigned
22.12.2024; 21:00:10; FForm.ThreadRegistry assigned
22.12.2024; 21:00:11; TCloseFormThread.Execute.Leave
22.12.2024; 21:00:11; Finish app
22.12.2024; 21:00:14; Start app
22.12.2024; 21:00:25; TCloseFormThread.Execute.Enter
22.12.2024; 21:00:25; FForm assigned
22.12.2024; 21:00:25; FForm.ThreadRegistry assigned
22.12.2024; 21:00:26; TCloseFormThread.Execute.Leave
22.12.2024; 21:00:26; Finish app
22.12.2024; 21:00:29; Start app
22.12.2024; 21:00:34; TCloseFormThread.Execute.Enter
22.12.2024; 21:00:34; FForm assigned
22.12.2024; 21:00:34; FForm.ThreadRegistry assigned
22.12.2024; 21:00:35; TCloseFormThread.Execute.Leave
22.12.2024; 21:00:35; Finish app
22.12.2024; 21:11:33; Start app
22.12.2024; 21:18:43; TCloseFormThread.Execute.Enter
22.12.2024; 21:18:43; FForm assigned
22.12.2024; 21:18:43; FForm.ThreadRegistry assigned
22.12.2024; 21:18:44; TCloseFormThread.Execute.Leave
22.12.2024; 21:18:44; Finish app
22.12.2024; 23:55:54; Start app
