23.12.2024; 0:27:56; TCloseFormThread.Execute.Enter
23.12.2024; 0:27:56; FForm assigned
23.12.2024; 0:27:56; FForm.ThreadRegistry assigned
23.12.2024; 0:27:57; TCloseFormThread.Execute.Leave
23.12.2024; 0:27:57; Finish app
23.12.2024; 20:15:05; Start app
23.12.2024; 20:15:25; TCloseFormThread.Execute.Enter
23.12.2024; 20:15:25; FForm assigned
23.12.2024; 20:15:25; FForm.ThreadRegistry assigned
23.12.2024; 20:15:26; TCloseFormThread.Execute.Leave
23.12.2024; 20:15:26; Finish app
23.12.2024; 20:15:38; Start app
23.12.2024; 20:17:52; Start app
23.12.2024; 20:18:02; TCloseFormThread.Execute.Enter
23.12.2024; 20:18:02; FForm assigned
23.12.2024; 20:18:02; FForm.ThreadRegistry assigned
23.12.2024; 20:18:02; TCloseFormThread.Execute.Leave
23.12.2024; 20:18:02; Finish app
23.12.2024; 20:18:08; Start app
23.12.2024; 20:18:22; TCloseFormThread.Execute.Enter
23.12.2024; 20:18:22; FForm assigned
23.12.2024; 20:18:22; FForm.ThreadRegistry assigned
23.12.2024; 20:18:22; TCloseFormThread.Execute.Leave
23.12.2024; 20:18:22; Finish app
23.12.2024; 21:02:35; Start app
23.12.2024; 21:11:52; TCloseFormThread.Execute.Enter
23.12.2024; 21:11:52; FForm assigned
23.12.2024; 21:11:52; FForm.ThreadRegistry assigned
23.12.2024; 21:11:53; TCloseFormThread.Execute.Leave
23.12.2024; 21:11:53; Finish app
23.12.2024; 21:11:59; Start app
23.12.2024; 21:12:10; TCloseFormThread.Execute.Enter
23.12.2024; 21:12:10; FForm assigned
23.12.2024; 21:12:10; FForm.ThreadRegistry assigned
23.12.2024; 21:12:10; TCloseFormThread.Execute.Leave
23.12.2024; 21:12:10; Finish app
23.12.2024; 21:12:13; Start app
23.12.2024; 21:12:17; TCloseFormThread.Execute.Enter
23.12.2024; 21:12:17; FForm assigned
23.12.2024; 21:12:17; FForm.ThreadRegistry assigned
23.12.2024; 21:12:17; TCloseFormThread.Execute.Leave
23.12.2024; 21:12:17; Finish app
23.12.2024; 21:12:20; Start app
23.12.2024; 21:12:30; TCloseFormThread.Execute.Enter
23.12.2024; 21:12:30; FForm assigned
23.12.2024; 21:12:30; FForm.ThreadRegistry assigned
23.12.2024; 21:12:31; TCloseFormThread.Execute.Leave
23.12.2024; 21:12:31; Finish app
23.12.2024; 21:12:33; Start app
23.12.2024; 21:13:18; TCloseFormThread.Execute.Enter
23.12.2024; 21:13:18; FForm assigned
23.12.2024; 21:13:18; FForm.ThreadRegistry assigned
23.12.2024; 21:13:18; TCloseFormThread.Execute.Leave
23.12.2024; 21:13:18; Finish app
