24.12.2024; 14:16:10; Start app
24.12.2024; 14:16:13; TCloseFormThread.Execute.Enter
24.12.2024; 14:16:13; FForm assigned
24.12.2024; 14:16:13; FForm.ThreadRegistry assigned
24.12.2024; 14:16:14; TCloseFormThread.Execute.Leave
24.12.2024; 14:16:14; Finish app
24.12.2024; 14:24:26; Start app
24.12.2024; 14:24:31; TCloseFormThread.Execute.Enter
24.12.2024; 14:24:31; FForm assigned
24.12.2024; 14:24:31; FForm.ThreadRegistry assigned
24.12.2024; 14:24:32; TCloseFormThread.Execute.Leave
24.12.2024; 14:24:32; Finish app
24.12.2024; 14:26:13; Start app
24.12.2024; 14:26:15; TCloseFormThread.Execute.Enter
24.12.2024; 14:26:15; FForm assigned
24.12.2024; 14:26:15; FForm.ThreadRegistry assigned
24.12.2024; 14:26:16; TCloseFormThread.Execute.Leave
24.12.2024; 14:26:16; Finish app
24.12.2024; 14:27:33; Start app
24.12.2024; 14:27:36; TCloseFormThread.Execute.Enter
24.12.2024; 14:27:36; FForm assigned
24.12.2024; 14:27:36; FForm.ThreadRegistry assigned
24.12.2024; 14:27:37; TCloseFormThread.Execute.Leave
24.12.2024; 14:27:37; Finish app
24.12.2024; 14:51:29; Start app
24.12.2024; 14:51:44; TCloseFormThread.Execute.Enter
24.12.2024; 14:51:44; FForm assigned
24.12.2024; 14:51:44; FForm.ThreadRegistry assigned
24.12.2024; 14:51:45; TCloseFormThread.Execute.Leave
24.12.2024; 14:51:45; Finish app
24.12.2024; 14:52:42; Start app
24.12.2024; 14:52:46; TCloseFormThread.Execute.Enter
24.12.2024; 14:52:46; FForm assigned
24.12.2024; 14:52:46; FForm.ThreadRegistry assigned
24.12.2024; 14:52:47; TCloseFormThread.Execute.Leave
24.12.2024; 14:52:47; Finish app
24.12.2024; 14:54:43; Start app
24.12.2024; 14:56:19; Start app
24.12.2024; 14:56:41; TCloseFormThread.Execute.Enter
24.12.2024; 14:56:41; FForm assigned
24.12.2024; 14:56:41; FForm.ThreadRegistry assigned
24.12.2024; 14:56:41; TCloseFormThread.Execute.Leave
24.12.2024; 14:56:41; Finish app
24.12.2024; 14:57:43; Start app
24.12.2024; 14:57:58; TCloseFormThread.Execute.Enter
24.12.2024; 14:57:58; FForm assigned
24.12.2024; 14:57:58; FForm.ThreadRegistry assigned
24.12.2024; 14:57:59; TCloseFormThread.Execute.Leave
24.12.2024; 14:57:59; Finish app
24.12.2024; 15:28:33; Start app
24.12.2024; 15:28:45; TCloseFormThread.Execute.Enter
24.12.2024; 15:28:45; FForm assigned
24.12.2024; 15:28:45; FForm.ThreadRegistry assigned
24.12.2024; 15:28:46; TCloseFormThread.Execute.Leave
24.12.2024; 15:28:46; Finish app
24.12.2024; 15:52:08; Start app
24.12.2024; 15:52:57; TCloseFormThread.Execute.Enter
24.12.2024; 15:52:57; FForm assigned
24.12.2024; 15:52:57; FForm.ThreadRegistry assigned
24.12.2024; 15:52:57; TCloseFormThread.Execute.Leave
24.12.2024; 15:52:57; Finish app
24.12.2024; 15:53:04; Start app
24.12.2024; 15:53:17; TCloseFormThread.Execute.Enter
24.12.2024; 15:53:17; FForm assigned
24.12.2024; 15:53:17; FForm.ThreadRegistry assigned
24.12.2024; 15:53:18; TCloseFormThread.Execute.Leave
24.12.2024; 15:53:18; Finish app
24.12.2024; 17:23:55; Start app
24.12.2024; 17:26:00; TCloseFormThread.Execute.Enter
24.12.2024; 17:26:00; FForm assigned
24.12.2024; 17:26:00; FForm.ThreadRegistry assigned
24.12.2024; 17:26:01; TCloseFormThread.Execute.Leave
24.12.2024; 17:26:01; Finish app
24.12.2024; 17:26:07; Start app
24.12.2024; 17:26:28; TCloseFormThread.Execute.Enter
24.12.2024; 17:26:28; FForm assigned
24.12.2024; 17:26:28; FForm.ThreadRegistry assigned
24.12.2024; 17:26:29; TCloseFormThread.Execute.Leave
24.12.2024; 17:26:29; Finish app
24.12.2024; 17:55:19; Start app
24.12.2024; 17:55:52; TCloseFormThread.Execute.Enter
24.12.2024; 17:55:52; FForm assigned
24.12.2024; 17:55:52; FForm.ThreadRegistry assigned
24.12.2024; 17:55:53; TCloseFormThread.Execute.Leave
24.12.2024; 17:55:53; Finish app
24.12.2024; 17:56:04; Start app
24.12.2024; 17:56:20; TCloseFormThread.Execute.Enter
24.12.2024; 17:56:20; FForm assigned
24.12.2024; 17:56:20; FForm.ThreadRegistry assigned
24.12.2024; 17:56:21; TCloseFormThread.Execute.Leave
24.12.2024; 17:56:21; Finish app
24.12.2024; 18:36:02; Start app
24.12.2024; 18:36:27; TCloseFormThread.Execute.Enter
24.12.2024; 18:36:27; FForm assigned
24.12.2024; 18:36:27; FForm.ThreadRegistry assigned
24.12.2024; 18:36:27; TCloseFormThread.Execute.Leave
24.12.2024; 18:36:28; Finish app
24.12.2024; 18:36:30; Start app
24.12.2024; 18:36:59; TCloseFormThread.Execute.Enter
24.12.2024; 18:36:59; FForm assigned
24.12.2024; 18:36:59; FForm.ThreadRegistry assigned
24.12.2024; 18:36:59; TCloseFormThread.Execute.Leave
24.12.2024; 18:37:00; Finish app
24.12.2024; 18:37:06; Start app
24.12.2024; 18:37:14; TCloseFormThread.Execute.Enter
24.12.2024; 18:37:14; FForm assigned
24.12.2024; 18:37:14; FForm.ThreadRegistry assigned
24.12.2024; 18:37:14; TCloseFormThread.Execute.Leave
24.12.2024; 18:37:14; Finish app
24.12.2024; 19:21:44; Start app
24.12.2024; 19:26:50; Start app
24.12.2024; 19:27:56; TCloseFormThread.Execute.Enter
24.12.2024; 19:27:56; FForm assigned
24.12.2024; 19:27:56; FForm.ThreadRegistry assigned
24.12.2024; 19:27:56; TCloseFormThread.Execute.Leave
24.12.2024; 19:27:58; Finish app
24.12.2024; 19:28:08; Start app
24.12.2024; 19:28:41; TCloseFormThread.Execute.Enter
24.12.2024; 19:28:41; FForm assigned
24.12.2024; 19:28:41; FForm.ThreadRegistry assigned
24.12.2024; 19:28:42; TCloseFormThread.Execute.Leave
24.12.2024; 19:28:42; Finish app
24.12.2024; 19:28:48; Start app
24.12.2024; 19:29:21; TCloseFormThread.Execute.Enter
24.12.2024; 19:29:21; FForm assigned
24.12.2024; 19:29:21; FForm.ThreadRegistry assigned
24.12.2024; 19:29:21; TCloseFormThread.Execute.Leave
24.12.2024; 19:29:22; Finish app
24.12.2024; 19:29:28; Start app
24.12.2024; 19:29:49; TCloseFormThread.Execute.Enter
24.12.2024; 19:29:49; FForm assigned
24.12.2024; 19:29:49; FForm.ThreadRegistry assigned
24.12.2024; 19:29:49; TCloseFormThread.Execute.Leave
24.12.2024; 19:29:49; Finish app
24.12.2024; 19:29:56; Start app
24.12.2024; 19:30:28; TCloseFormThread.Execute.Enter
24.12.2024; 19:30:28; FForm assigned
24.12.2024; 19:30:28; FForm.ThreadRegistry assigned
24.12.2024; 19:30:28; TCloseFormThread.Execute.Leave
24.12.2024; 19:30:28; Finish app
24.12.2024; 22:50:37; Start app
24.12.2024; 22:54:27; TCloseFormThread.Execute.Enter
24.12.2024; 22:54:27; FForm assigned
24.12.2024; 22:54:27; FForm.ThreadRegistry assigned
24.12.2024; 22:54:27; TCloseFormThread.Execute.Leave
24.12.2024; 22:54:27; Finish app
24.12.2024; 22:57:34; Start app
24.12.2024; 22:58:02; TCloseFormThread.Execute.Enter
24.12.2024; 22:58:02; FForm assigned
24.12.2024; 22:58:02; FForm.ThreadRegistry assigned
24.12.2024; 22:58:02; TCloseFormThread.Execute.Leave
24.12.2024; 22:58:02; Finish app
