25.12.2024; 9:33:47; Start app
25.12.2024; 9:34:20; TCloseFormThread.Execute.Enter
25.12.2024; 9:34:20; FForm assigned
25.12.2024; 9:34:20; FForm.ThreadRegistry assigned
25.12.2024; 9:34:21; TCloseFormThread.Execute.Leave
25.12.2024; 9:34:22; Finish app
25.12.2024; 12:20:49; Start app
25.12.2024; 12:21:41; TCloseFormThread.Execute.Enter
25.12.2024; 12:21:41; FForm assigned
25.12.2024; 12:21:41; FForm.ThreadRegistry assigned
25.12.2024; 12:21:42; TCloseFormThread.Execute.Leave
25.12.2024; 12:21:42; Finish app
25.12.2024; 13:38:26; Start app
25.12.2024; 13:40:29; TCloseFormThread.Execute.Enter
25.12.2024; 13:40:29; FForm assigned
25.12.2024; 13:40:29; FForm.ThreadRegistry assigned
25.12.2024; 13:40:31; TCloseFormThread.Execute.Leave
25.12.2024; 13:40:31; Finish app
25.12.2024; 18:38:47; Start app
25.12.2024; 18:41:44; TCloseFormThread.Execute.Enter
25.12.2024; 18:41:44; FForm assigned
25.12.2024; 18:41:44; FForm.ThreadRegistry assigned
25.12.2024; 18:41:45; TCloseFormThread.Execute.Leave
25.12.2024; 18:41:45; Finish app
25.12.2024; 18:46:52; Start app
25.12.2024; 18:47:09; TCloseFormThread.Execute.Enter
25.12.2024; 18:47:09; FForm assigned
25.12.2024; 18:47:09; FForm.ThreadRegistry assigned
25.12.2024; 18:47:10; TCloseFormThread.Execute.Leave
25.12.2024; 18:47:10; Finish app
25.12.2024; 18:58:17; Start app
25.12.2024; 18:58:53; TCloseFormThread.Execute.Enter
25.12.2024; 18:58:53; FForm assigned
25.12.2024; 18:58:53; FForm.ThreadRegistry assigned
25.12.2024; 18:58:53; TCloseFormThread.Execute.Leave
25.12.2024; 18:58:53; Finish app
25.12.2024; 19:03:40; Start app
25.12.2024; 19:04:37; Start app
25.12.2024; 19:08:32; Start app
25.12.2024; 19:08:39; TCloseFormThread.Execute.Enter
25.12.2024; 19:08:39; FForm assigned
25.12.2024; 19:08:39; FForm.ThreadRegistry assigned
25.12.2024; 19:08:40; TCloseFormThread.Execute.Leave
25.12.2024; 19:08:40; Finish app
25.12.2024; 19:09:42; Start app
25.12.2024; 19:14:32; Start app
25.12.2024; 19:15:20; Start app
25.12.2024; 19:24:15; Start app
25.12.2024; 19:24:27; TCloseFormThread.Execute.Enter
25.12.2024; 19:24:27; FForm assigned
25.12.2024; 19:24:27; FForm.ThreadRegistry assigned
25.12.2024; 19:24:28; TCloseFormThread.Execute.Leave
25.12.2024; 19:24:28; Finish app
25.12.2024; 19:25:04; Start app
25.12.2024; 19:25:39; Start app
25.12.2024; 19:26:02; TCloseFormThread.Execute.Enter
25.12.2024; 19:26:02; FForm assigned
25.12.2024; 19:26:02; FForm.ThreadRegistry assigned
25.12.2024; 19:26:03; TCloseFormThread.Execute.Leave
25.12.2024; 19:26:03; Finish app
