26.12.2024; 10:02:00; Start app
26.12.2024; 10:02:09; TCloseFormThread.Execute.Enter
26.12.2024; 10:02:09; FForm assigned
26.12.2024; 10:02:09; FForm.ThreadRegistry assigned
26.12.2024; 10:02:10; TCloseFormThread.Execute.Leave
26.12.2024; 10:02:10; Finish app
26.12.2024; 10:37:33; Start app
26.12.2024; 10:37:53; TCloseFormThread.Execute.Enter
26.12.2024; 10:37:53; FForm assigned
26.12.2024; 10:37:53; FForm.ThreadRegistry assigned
26.12.2024; 10:37:54; TCloseFormThread.Execute.Leave
26.12.2024; 10:37:54; Finish app
26.12.2024; 10:50:07; Start app
26.12.2024; 10:51:49; TCloseFormThread.Execute.Enter
26.12.2024; 10:51:49; FForm assigned
26.12.2024; 10:51:49; FForm.ThreadRegistry assigned
26.12.2024; 10:51:49; TCloseFormThread.Execute.Leave
26.12.2024; 10:51:49; Finish app
26.12.2024; 19:36:58; Start app
26.12.2024; 19:37:08; TCloseFormThread.Execute.Enter
26.12.2024; 19:37:08; FForm assigned
26.12.2024; 19:37:08; FForm.ThreadRegistry assigned
26.12.2024; 19:37:08; TCloseFormThread.Execute.Leave
26.12.2024; 19:37:08; Finish app
26.12.2024; 20:09:52; Start app
26.12.2024; 20:10:00; TCloseFormThread.Execute.Enter
26.12.2024; 20:10:00; FForm assigned
26.12.2024; 20:10:00; FForm.ThreadRegistry assigned
26.12.2024; 20:10:01; TCloseFormThread.Execute.Leave
26.12.2024; 20:10:01; Finish app
26.12.2024; 20:10:48; Start app
26.12.2024; 20:10:57; TCloseFormThread.Execute.Enter
26.12.2024; 20:10:57; FForm assigned
26.12.2024; 20:10:57; FForm.ThreadRegistry assigned
26.12.2024; 20:10:57; TCloseFormThread.Execute.Leave
26.12.2024; 20:10:58; Finish app
26.12.2024; 20:12:47; Start app
26.12.2024; 20:13:16; TCloseFormThread.Execute.Enter
26.12.2024; 20:13:16; FForm assigned
26.12.2024; 20:13:16; FForm.ThreadRegistry assigned
26.12.2024; 20:13:17; TCloseFormThread.Execute.Leave
26.12.2024; 20:13:17; Finish app
26.12.2024; 20:13:48; Start app
26.12.2024; 20:14:30; TCloseFormThread.Execute.Enter
26.12.2024; 20:14:30; FForm assigned
26.12.2024; 20:14:30; FForm.ThreadRegistry assigned
26.12.2024; 20:14:30; TCloseFormThread.Execute.Leave
26.12.2024; 20:14:30; Finish app
26.12.2024; 20:15:43; Start app
26.12.2024; 20:15:51; TCloseFormThread.Execute.Enter
26.12.2024; 20:15:51; FForm assigned
26.12.2024; 20:15:51; FForm.ThreadRegistry assigned
26.12.2024; 20:15:52; TCloseFormThread.Execute.Leave
26.12.2024; 20:15:52; Finish app
26.12.2024; 20:17:01; Start app
26.12.2024; 20:17:13; TCloseFormThread.Execute.Enter
26.12.2024; 20:17:13; FForm assigned
26.12.2024; 20:17:13; FForm.ThreadRegistry assigned
26.12.2024; 20:17:13; TCloseFormThread.Execute.Leave
26.12.2024; 20:17:13; Finish app
26.12.2024; 20:17:26; Start app
26.12.2024; 20:17:37; TCloseFormThread.Execute.Enter
26.12.2024; 20:17:37; FForm assigned
26.12.2024; 20:17:37; FForm.ThreadRegistry assigned
26.12.2024; 20:17:38; TCloseFormThread.Execute.Leave
26.12.2024; 20:17:38; Finish app
26.12.2024; 23:00:07; Start app
26.12.2024; 23:04:34; TCloseFormThread.Execute.Enter
26.12.2024; 23:04:34; FForm assigned
26.12.2024; 23:04:34; FForm.ThreadRegistry assigned
26.12.2024; 23:04:35; TCloseFormThread.Execute.Leave
26.12.2024; 23:04:35; Finish app
