27.12.2024; 13:25:32; Start app
27.12.2024; 13:26:19; TCloseFormThread.Execute.Enter
27.12.2024; 13:26:19; FForm assigned
27.12.2024; 13:26:19; FForm.ThreadRegistry assigned
27.12.2024; 13:26:20; TCloseFormThread.Execute.Leave
27.12.2024; 13:26:22; Finish app
27.12.2024; 13:26:35; Start app
27.12.2024; 13:26:55; TCloseFormThread.Execute.Enter
27.12.2024; 13:26:55; FForm assigned
27.12.2024; 13:26:55; FForm.ThreadRegistry assigned
27.12.2024; 13:26:57; TCloseFormThread.Execute.Leave
27.12.2024; 13:26:57; Finish app
27.12.2024; 13:28:13; Start app
27.12.2024; 13:28:34; TCloseFormThread.Execute.Enter
27.12.2024; 13:28:34; FForm assigned
27.12.2024; 13:28:34; FForm.ThreadRegistry assigned
27.12.2024; 13:28:34; TCloseFormThread.Execute.Leave
27.12.2024; 13:28:40; Finish app
27.12.2024; 14:16:32; Start app
27.12.2024; 14:16:34; TCloseFormThread.Execute.Enter
27.12.2024; 14:16:34; FForm assigned
27.12.2024; 14:16:34; FForm.ThreadRegistry assigned
27.12.2024; 14:16:35; TCloseFormThread.Execute.Leave
27.12.2024; 14:16:35; Finish app
27.12.2024; 14:22:57; Start app
27.12.2024; 14:23:16; TCloseFormThread.Execute.Enter
27.12.2024; 14:23:16; FForm assigned
27.12.2024; 14:23:16; FForm.ThreadRegistry assigned
27.12.2024; 14:23:17; TCloseFormThread.Execute.Leave
27.12.2024; 14:23:18; Finish app
27.12.2024; 14:23:31; Start app
27.12.2024; 14:23:55; TCloseFormThread.Execute.Enter
27.12.2024; 14:23:55; FForm assigned
27.12.2024; 14:23:55; FForm.ThreadRegistry assigned
27.12.2024; 14:23:56; TCloseFormThread.Execute.Leave
27.12.2024; 14:23:56; Finish app
27.12.2024; 14:24:04; Start app
27.12.2024; 14:24:53; TCloseFormThread.Execute.Enter
27.12.2024; 14:24:53; FForm assigned
27.12.2024; 14:24:53; FForm.ThreadRegistry assigned
27.12.2024; 14:24:53; TCloseFormThread.Execute.Leave
27.12.2024; 14:24:53; Finish app
27.12.2024; 14:29:54; Start app
27.12.2024; 14:30:13; TCloseFormThread.Execute.Enter
27.12.2024; 14:30:13; FForm assigned
27.12.2024; 14:30:13; FForm.ThreadRegistry assigned
27.12.2024; 14:30:13; TCloseFormThread.Execute.Leave
27.12.2024; 14:30:13; Finish app
27.12.2024; 14:30:53; Start app
27.12.2024; 14:32:58; TCloseFormThread.Execute.Enter
27.12.2024; 14:32:58; FForm assigned
27.12.2024; 14:32:58; FForm.ThreadRegistry assigned
27.12.2024; 14:32:58; TCloseFormThread.Execute.Leave
27.12.2024; 14:33:00; Finish app
27.12.2024; 14:33:06; Start app
27.12.2024; 14:34:12; TCloseFormThread.Execute.Enter
27.12.2024; 14:34:12; FForm assigned
27.12.2024; 14:34:12; FForm.ThreadRegistry assigned
27.12.2024; 14:34:13; TCloseFormThread.Execute.Leave
27.12.2024; 14:34:13; Finish app
27.12.2024; 14:34:18; Start app
27.12.2024; 14:35:09; TCloseFormThread.Execute.Enter
27.12.2024; 14:35:09; FForm assigned
27.12.2024; 14:35:09; FForm.ThreadRegistry assigned
27.12.2024; 14:35:09; TCloseFormThread.Execute.Leave
27.12.2024; 14:35:09; Finish app
27.12.2024; 14:35:15; Start app
27.12.2024; 14:35:28; TCloseFormThread.Execute.Enter
27.12.2024; 14:35:28; FForm assigned
27.12.2024; 14:35:28; FForm.ThreadRegistry assigned
27.12.2024; 14:35:30; TCloseFormThread.Execute.Leave
27.12.2024; 14:35:30; Finish app
27.12.2024; 14:36:40; Start app
27.12.2024; 14:38:27; TCloseFormThread.Execute.Enter
27.12.2024; 14:38:27; FForm assigned
27.12.2024; 14:38:27; FForm.ThreadRegistry assigned
27.12.2024; 14:38:28; TCloseFormThread.Execute.Leave
27.12.2024; 14:38:28; Finish app
27.12.2024; 14:39:50; Start app
27.12.2024; 14:45:04; TCloseFormThread.Execute.Enter
27.12.2024; 14:45:04; FForm assigned
27.12.2024; 14:45:04; FForm.ThreadRegistry assigned
27.12.2024; 14:45:05; TCloseFormThread.Execute.Leave
27.12.2024; 14:45:05; Finish app
27.12.2024; 14:45:13; Start app
27.12.2024; 14:45:32; TCloseFormThread.Execute.Enter
27.12.2024; 14:45:32; FForm assigned
27.12.2024; 14:45:32; FForm.ThreadRegistry assigned
27.12.2024; 14:45:33; TCloseFormThread.Execute.Leave
27.12.2024; 14:45:33; Finish app
27.12.2024; 14:45:55; Start app
27.12.2024; 14:46:13; TCloseFormThread.Execute.Enter
27.12.2024; 14:46:13; FForm assigned
27.12.2024; 14:46:13; FForm.ThreadRegistry assigned
27.12.2024; 14:46:13; TCloseFormThread.Execute.Leave
27.12.2024; 14:46:13; Finish app
27.12.2024; 14:49:40; Start app
27.12.2024; 14:50:53; TCloseFormThread.Execute.Enter
27.12.2024; 14:50:53; FForm assigned
27.12.2024; 14:50:53; FForm.ThreadRegistry assigned
27.12.2024; 14:50:54; TCloseFormThread.Execute.Leave
27.12.2024; 14:50:54; Finish app
27.12.2024; 14:51:23; Start app
27.12.2024; 14:51:44; TCloseFormThread.Execute.Enter
27.12.2024; 14:51:44; FForm assigned
27.12.2024; 14:51:44; FForm.ThreadRegistry assigned
27.12.2024; 14:51:45; TCloseFormThread.Execute.Leave
27.12.2024; 14:51:47; Finish app
27.12.2024; 14:53:26; Start app
27.12.2024; 14:53:37; TCloseFormThread.Execute.Enter
27.12.2024; 14:53:37; FForm assigned
27.12.2024; 14:53:37; FForm.ThreadRegistry assigned
27.12.2024; 14:53:37; TCloseFormThread.Execute.Leave
27.12.2024; 14:53:37; Finish app
27.12.2024; 14:53:45; Start app
27.12.2024; 14:53:57; TCloseFormThread.Execute.Enter
27.12.2024; 14:53:57; FForm assigned
27.12.2024; 14:53:57; FForm.ThreadRegistry assigned
27.12.2024; 14:53:57; TCloseFormThread.Execute.Leave
27.12.2024; 14:53:57; Finish app
27.12.2024; 14:54:02; Start app
27.12.2024; 14:54:12; TCloseFormThread.Execute.Enter
27.12.2024; 14:54:12; FForm assigned
27.12.2024; 14:54:12; FForm.ThreadRegistry assigned
27.12.2024; 14:54:13; TCloseFormThread.Execute.Leave
27.12.2024; 14:54:14; Finish app
27.12.2024; 14:54:39; Start app
27.12.2024; 14:54:54; TCloseFormThread.Execute.Enter
27.12.2024; 14:54:54; FForm assigned
27.12.2024; 14:54:54; FForm.ThreadRegistry assigned
27.12.2024; 14:54:54; TCloseFormThread.Execute.Leave
27.12.2024; 14:54:54; Finish app
27.12.2024; 14:59:58; Start app
27.12.2024; 15:00:23; TCloseFormThread.Execute.Enter
27.12.2024; 15:00:23; FForm assigned
27.12.2024; 15:00:23; FForm.ThreadRegistry assigned
27.12.2024; 15:00:23; TCloseFormThread.Execute.Leave
27.12.2024; 15:00:23; Finish app
27.12.2024; 15:00:46; Start app
27.12.2024; 15:01:01; TCloseFormThread.Execute.Enter
27.12.2024; 15:01:01; FForm assigned
27.12.2024; 15:01:01; FForm.ThreadRegistry assigned
27.12.2024; 15:01:01; TCloseFormThread.Execute.Leave
27.12.2024; 15:01:01; Finish app
27.12.2024; 15:01:04; Start app
27.12.2024; 15:01:07; TCloseFormThread.Execute.Enter
27.12.2024; 15:01:07; FForm assigned
27.12.2024; 15:01:07; FForm.ThreadRegistry assigned
27.12.2024; 15:01:08; TCloseFormThread.Execute.Leave
27.12.2024; 15:01:08; Finish app
27.12.2024; 15:01:18; Start app
27.12.2024; 15:01:31; TCloseFormThread.Execute.Enter
27.12.2024; 15:01:31; FForm assigned
27.12.2024; 15:01:31; FForm.ThreadRegistry assigned
27.12.2024; 15:01:32; TCloseFormThread.Execute.Leave
27.12.2024; 15:01:32; Finish app
27.12.2024; 15:07:42; Start app
27.12.2024; 15:08:03; TCloseFormThread.Execute.Enter
27.12.2024; 15:08:03; FForm assigned
27.12.2024; 15:08:03; FForm.ThreadRegistry assigned
27.12.2024; 15:08:03; TCloseFormThread.Execute.Leave
27.12.2024; 15:08:03; Finish app
27.12.2024; 15:08:08; Start app
27.12.2024; 15:13:26; TCloseFormThread.Execute.Enter
27.12.2024; 15:13:26; FForm assigned
27.12.2024; 15:13:26; FForm.ThreadRegistry assigned
27.12.2024; 15:13:27; TCloseFormThread.Execute.Leave
27.12.2024; 15:13:27; Finish app
27.12.2024; 15:13:37; Start app
27.12.2024; 15:13:58; TCloseFormThread.Execute.Enter
27.12.2024; 15:13:58; FForm assigned
27.12.2024; 15:13:58; FForm.ThreadRegistry assigned
27.12.2024; 15:13:59; TCloseFormThread.Execute.Leave
27.12.2024; 15:13:59; Finish app
27.12.2024; 15:14:57; Start app
27.12.2024; 15:15:59; TCloseFormThread.Execute.Enter
27.12.2024; 15:15:59; FForm assigned
27.12.2024; 15:15:59; FForm.ThreadRegistry assigned
27.12.2024; 15:15:59; TCloseFormThread.Execute.Leave
27.12.2024; 15:15:59; Finish app
27.12.2024; 15:16:02; Start app
27.12.2024; 15:16:13; TCloseFormThread.Execute.Enter
27.12.2024; 15:16:13; FForm assigned
27.12.2024; 15:16:13; FForm.ThreadRegistry assigned
27.12.2024; 15:16:14; TCloseFormThread.Execute.Leave
27.12.2024; 15:16:14; Finish app
