28.01.2025; 18:31:52; TCloseFormThread.Execute.Enter
28.01.2025; 18:31:52; FForm assigned
28.01.2025; 18:31:52; FForm.ThreadRegistry assigned
28.01.2025; 18:31:52; TCloseFormThread.Execute.Leave
28.01.2025; 18:31:52; Finish app
28.01.2025; 18:44:35; Start app
28.01.2025; 18:45:24; TCloseFormThread.Execute.Enter
28.01.2025; 18:45:24; FForm assigned
28.01.2025; 18:45:24; FForm.ThreadRegistry assigned
28.01.2025; 18:45:26; TCloseFormThread.Execute.Leave
28.01.2025; 18:45:26; Finish app
28.01.2025; 18:45:31; Start app
28.01.2025; 18:45:40; TCloseFormThread.Execute.Enter
28.01.2025; 18:45:40; FForm assigned
28.01.2025; 18:45:40; FForm.ThreadRegistry assigned
28.01.2025; 18:45:41; TCloseFormThread.Execute.Leave
28.01.2025; 18:45:41; Finish app
28.01.2025; 18:46:21; Start app
28.01.2025; 18:46:29; TCloseFormThread.Execute.Enter
28.01.2025; 18:46:29; FForm assigned
28.01.2025; 18:46:29; FForm.ThreadRegistry assigned
28.01.2025; 18:46:30; TCloseFormThread.Execute.Leave
28.01.2025; 18:46:30; Finish app
28.01.2025; 18:47:30; Start app
28.01.2025; 18:50:12; Start app
28.01.2025; 18:50:32; TCloseFormThread.Execute.Enter
28.01.2025; 18:50:32; FForm assigned
28.01.2025; 18:50:32; FForm.ThreadRegistry assigned
28.01.2025; 18:50:33; TCloseFormThread.Execute.Leave
28.01.2025; 18:50:33; Finish app
28.01.2025; 18:50:47; Start app
28.01.2025; 18:51:22; TCloseFormThread.Execute.Enter
28.01.2025; 18:51:22; FForm assigned
28.01.2025; 18:51:22; FForm.ThreadRegistry assigned
28.01.2025; 18:51:23; TCloseFormThread.Execute.Leave
28.01.2025; 18:51:23; Finish app
28.01.2025; 18:55:45; Start app
28.01.2025; 18:56:08; TCloseFormThread.Execute.Enter
28.01.2025; 18:56:08; FForm assigned
28.01.2025; 18:56:08; FForm.ThreadRegistry assigned
28.01.2025; 18:56:09; TCloseFormThread.Execute.Leave
28.01.2025; 18:56:09; Finish app
28.01.2025; 18:59:19; Start app
28.01.2025; 18:59:26; TCloseFormThread.Execute.Enter
28.01.2025; 18:59:26; FForm assigned
28.01.2025; 18:59:26; FForm.ThreadRegistry assigned
28.01.2025; 18:59:27; TCloseFormThread.Execute.Leave
28.01.2025; 18:59:27; Finish app
28.01.2025; 19:45:30; Start app
28.01.2025; 19:45:36; TCloseFormThread.Execute.Enter
28.01.2025; 19:45:36; FForm assigned
28.01.2025; 19:45:36; FForm.ThreadRegistry assigned
28.01.2025; 19:45:37; TCloseFormThread.Execute.Leave
28.01.2025; 19:45:37; Finish app
28.01.2025; 19:45:57; Start app
28.01.2025; 19:46:07; TCloseFormThread.Execute.Enter
28.01.2025; 19:46:07; FForm assigned
28.01.2025; 19:46:07; FForm.ThreadRegistry assigned
28.01.2025; 19:46:08; TCloseFormThread.Execute.Leave
28.01.2025; 19:46:08; Finish app
28.01.2025; 19:47:02; Start app
28.01.2025; 19:47:24; TCloseFormThread.Execute.Enter
28.01.2025; 19:47:24; FForm assigned
28.01.2025; 19:47:24; FForm.ThreadRegistry assigned
28.01.2025; 19:47:26; TCloseFormThread.Execute.Leave
28.01.2025; 19:47:26; Finish app
28.01.2025; 19:47:58; Start app
28.01.2025; 19:48:17; TCloseFormThread.Execute.Enter
28.01.2025; 19:48:17; FForm assigned
28.01.2025; 19:48:17; FForm.ThreadRegistry assigned
28.01.2025; 19:48:18; TCloseFormThread.Execute.Leave
28.01.2025; 19:48:18; Finish app
28.01.2025; 19:48:25; Start app
28.01.2025; 19:48:38; TCloseFormThread.Execute.Enter
28.01.2025; 19:48:38; FForm assigned
28.01.2025; 19:48:38; FForm.ThreadRegistry assigned
28.01.2025; 19:48:39; TCloseFormThread.Execute.Leave
28.01.2025; 19:48:39; Finish app
28.01.2025; 19:50:25; Start app
28.01.2025; 19:50:33; TCloseFormThread.Execute.Enter
28.01.2025; 19:50:33; FForm assigned
28.01.2025; 19:50:33; FForm.ThreadRegistry assigned
28.01.2025; 19:50:33; TCloseFormThread.Execute.Leave
28.01.2025; 19:50:33; Finish app
28.01.2025; 19:52:10; Start app
28.01.2025; 19:52:16; TCloseFormThread.Execute.Enter
28.01.2025; 19:52:16; FForm assigned
28.01.2025; 19:52:16; FForm.ThreadRegistry assigned
28.01.2025; 19:52:17; TCloseFormThread.Execute.Leave
28.01.2025; 19:52:17; Finish app
28.01.2025; 19:54:37; Start app
28.01.2025; 19:54:43; TCloseFormThread.Execute.Enter
28.01.2025; 19:54:43; FForm assigned
28.01.2025; 19:54:43; FForm.ThreadRegistry assigned
28.01.2025; 19:54:43; TCloseFormThread.Execute.Leave
28.01.2025; 19:54:43; Finish app
28.01.2025; 19:56:21; Start app
28.01.2025; 19:56:30; TCloseFormThread.Execute.Enter
28.01.2025; 19:56:30; FForm assigned
28.01.2025; 19:56:30; FForm.ThreadRegistry assigned
28.01.2025; 19:56:31; TCloseFormThread.Execute.Leave
28.01.2025; 19:56:31; Finish app
28.01.2025; 19:59:02; Start app
28.01.2025; 19:59:08; TCloseFormThread.Execute.Enter
28.01.2025; 19:59:08; FForm assigned
28.01.2025; 19:59:08; FForm.ThreadRegistry assigned
28.01.2025; 19:59:09; TCloseFormThread.Execute.Leave
28.01.2025; 19:59:09; Finish app
