28.12.2024; 11:14:31; Start app
28.12.2024; 11:14:58; TCloseFormThread.Execute.Enter
28.12.2024; 11:14:58; FForm assigned
28.12.2024; 11:14:58; FForm.ThreadRegistry assigned
28.12.2024; 11:14:59; TCloseFormThread.Execute.Leave
28.12.2024; 11:14:59; Finish app
28.12.2024; 11:17:25; Start app
28.12.2024; 11:17:40; TCloseFormThread.Execute.Enter
28.12.2024; 11:17:40; FForm assigned
28.12.2024; 11:17:40; FForm.ThreadRegistry assigned
28.12.2024; 11:17:41; TCloseFormThread.Execute.Leave
28.12.2024; 11:17:41; Finish app
28.12.2024; 11:17:51; Start app
28.12.2024; 11:18:13; TCloseFormThread.Execute.Enter
28.12.2024; 11:18:13; FForm assigned
28.12.2024; 11:18:13; FForm.ThreadRegistry assigned
28.12.2024; 11:18:14; TCloseFormThread.Execute.Leave
28.12.2024; 11:18:14; Finish app
28.12.2024; 11:19:06; Start app
28.12.2024; 11:19:09; TCloseFormThread.Execute.Enter
28.12.2024; 11:19:09; FForm assigned
28.12.2024; 11:19:09; FForm.ThreadRegistry assigned
28.12.2024; 11:19:11; TCloseFormThread.Execute.Leave
28.12.2024; 11:19:11; Finish app
28.12.2024; 11:19:13; Start app
28.12.2024; 11:19:29; TCloseFormThread.Execute.Enter
28.12.2024; 11:19:29; FForm assigned
28.12.2024; 11:19:29; FForm.ThreadRegistry assigned
28.12.2024; 11:19:30; TCloseFormThread.Execute.Leave
28.12.2024; 11:19:30; Finish app
28.12.2024; 11:19:32; Start app
28.12.2024; 11:23:44; TCloseFormThread.Execute.Enter
28.12.2024; 11:23:44; FForm assigned
28.12.2024; 11:23:44; FForm.ThreadRegistry assigned
28.12.2024; 11:23:45; TCloseFormThread.Execute.Leave
28.12.2024; 11:23:45; Finish app
28.12.2024; 11:23:53; Start app
28.12.2024; 11:24:28; TCloseFormThread.Execute.Enter
28.12.2024; 11:24:28; FForm assigned
28.12.2024; 11:24:28; FForm.ThreadRegistry assigned
28.12.2024; 11:24:28; TCloseFormThread.Execute.Leave
28.12.2024; 11:24:28; Finish app
28.12.2024; 11:27:51; Start app
28.12.2024; 11:28:15; TCloseFormThread.Execute.Enter
28.12.2024; 11:28:15; FForm assigned
28.12.2024; 11:28:15; FForm.ThreadRegistry assigned
28.12.2024; 11:28:16; TCloseFormThread.Execute.Leave
28.12.2024; 11:28:16; Finish app
28.12.2024; 11:30:10; Start app
28.12.2024; 11:30:43; TCloseFormThread.Execute.Enter
28.12.2024; 11:30:43; FForm assigned
28.12.2024; 11:30:43; FForm.ThreadRegistry assigned
28.12.2024; 11:30:43; TCloseFormThread.Execute.Leave
28.12.2024; 11:30:43; Finish app
28.12.2024; 11:30:57; Start app
28.12.2024; 11:31:39; TCloseFormThread.Execute.Enter
28.12.2024; 11:31:39; FForm assigned
28.12.2024; 11:31:39; FForm.ThreadRegistry assigned
28.12.2024; 11:31:41; TCloseFormThread.Execute.Leave
28.12.2024; 11:31:41; Finish app
28.12.2024; 11:32:28; Start app
28.12.2024; 11:34:45; TCloseFormThread.Execute.Enter
28.12.2024; 11:34:45; FForm assigned
28.12.2024; 11:34:45; FForm.ThreadRegistry assigned
28.12.2024; 11:34:46; TCloseFormThread.Execute.Leave
28.12.2024; 11:34:46; Finish app
28.12.2024; 11:35:58; Start app
28.12.2024; 11:41:47; TCloseFormThread.Execute.Enter
28.12.2024; 11:41:47; FForm assigned
28.12.2024; 11:41:47; FForm.ThreadRegistry assigned
28.12.2024; 11:41:47; TCloseFormThread.Execute.Leave
28.12.2024; 11:41:47; Finish app
28.12.2024; 11:41:53; Start app
28.12.2024; 11:43:40; TCloseFormThread.Execute.Enter
28.12.2024; 11:43:40; FForm assigned
28.12.2024; 11:43:40; FForm.ThreadRegistry assigned
28.12.2024; 11:43:41; TCloseFormThread.Execute.Leave
28.12.2024; 11:43:41; Finish app
28.12.2024; 11:43:55; Start app
28.12.2024; 11:44:28; TCloseFormThread.Execute.Enter
28.12.2024; 11:44:28; FForm assigned
28.12.2024; 11:44:28; FForm.ThreadRegistry assigned
28.12.2024; 11:44:29; TCloseFormThread.Execute.Leave
28.12.2024; 11:44:29; Finish app
28.12.2024; 11:45:14; Start app
28.12.2024; 11:46:19; TCloseFormThread.Execute.Enter
28.12.2024; 11:46:19; FForm assigned
28.12.2024; 11:46:19; FForm.ThreadRegistry assigned
28.12.2024; 11:46:20; TCloseFormThread.Execute.Leave
28.12.2024; 11:46:20; Finish app
28.12.2024; 11:50:04; Start app
28.12.2024; 11:50:50; TCloseFormThread.Execute.Enter
28.12.2024; 11:50:50; FForm assigned
28.12.2024; 11:50:50; FForm.ThreadRegistry assigned
28.12.2024; 11:50:51; TCloseFormThread.Execute.Leave
28.12.2024; 11:50:51; Finish app
28.12.2024; 12:08:23; Start app
28.12.2024; 12:08:38; TCloseFormThread.Execute.Enter
28.12.2024; 12:08:38; FForm assigned
28.12.2024; 12:08:38; FForm.ThreadRegistry assigned
28.12.2024; 12:08:39; TCloseFormThread.Execute.Leave
28.12.2024; 12:08:39; Finish app
28.12.2024; 12:22:19; Start app
28.12.2024; 12:26:59; TCloseFormThread.Execute.Enter
28.12.2024; 12:26:59; FForm assigned
28.12.2024; 12:26:59; FForm.ThreadRegistry assigned
28.12.2024; 12:27:00; TCloseFormThread.Execute.Leave
28.12.2024; 12:27:00; Finish app
28.12.2024; 12:28:07; Start app
28.12.2024; 12:28:50; TCloseFormThread.Execute.Enter
28.12.2024; 12:28:50; FForm assigned
28.12.2024; 12:28:50; FForm.ThreadRegistry assigned
28.12.2024; 12:28:51; TCloseFormThread.Execute.Leave
28.12.2024; 12:28:51; Finish app
28.12.2024; 12:31:26; Start app
28.12.2024; 12:31:40; TCloseFormThread.Execute.Enter
28.12.2024; 12:31:40; FForm assigned
28.12.2024; 12:31:40; FForm.ThreadRegistry assigned
28.12.2024; 12:31:41; TCloseFormThread.Execute.Leave
28.12.2024; 12:31:41; Finish app
28.12.2024; 12:32:20; Start app
28.12.2024; 12:35:38; Start app
28.12.2024; 12:36:02; TCloseFormThread.Execute.Enter
28.12.2024; 12:36:02; FForm assigned
28.12.2024; 12:36:02; FForm.ThreadRegistry assigned
28.12.2024; 12:36:02; TCloseFormThread.Execute.Leave
28.12.2024; 12:36:03; Finish app
28.12.2024; 12:39:38; Start app
28.12.2024; 12:39:40; TCloseFormThread.Execute.Enter
28.12.2024; 12:39:40; FForm assigned
28.12.2024; 12:39:40; FForm.ThreadRegistry assigned
28.12.2024; 12:39:41; TCloseFormThread.Execute.Leave
28.12.2024; 12:39:41; Finish app
28.12.2024; 12:40:30; Start app
28.12.2024; 12:40:53; TCloseFormThread.Execute.Enter
28.12.2024; 12:40:53; FForm assigned
28.12.2024; 12:40:53; FForm.ThreadRegistry assigned
28.12.2024; 12:40:53; TCloseFormThread.Execute.Leave
28.12.2024; 12:40:53; Finish app
28.12.2024; 12:41:04; Start app
28.12.2024; 12:41:19; TCloseFormThread.Execute.Enter
28.12.2024; 12:41:19; FForm assigned
28.12.2024; 12:41:19; FForm.ThreadRegistry assigned
28.12.2024; 12:41:20; TCloseFormThread.Execute.Leave
28.12.2024; 12:41:20; Finish app
28.12.2024; 13:21:43; Start app
28.12.2024; 13:24:16; TCloseFormThread.Execute.Enter
28.12.2024; 13:24:16; FForm assigned
28.12.2024; 13:24:16; FForm.ThreadRegistry assigned
28.12.2024; 13:24:17; TCloseFormThread.Execute.Leave
28.12.2024; 13:24:17; Finish app
28.12.2024; 13:24:20; Start app
28.12.2024; 13:25:26; TCloseFormThread.Execute.Enter
28.12.2024; 13:25:26; FForm assigned
28.12.2024; 13:25:26; FForm.ThreadRegistry assigned
28.12.2024; 13:25:26; TCloseFormThread.Execute.Leave
28.12.2024; 13:25:27; Finish app
28.12.2024; 13:28:33; Start app
28.12.2024; 13:29:57; TCloseFormThread.Execute.Enter
28.12.2024; 13:29:57; FForm assigned
28.12.2024; 13:29:57; FForm.ThreadRegistry assigned
28.12.2024; 13:29:58; TCloseFormThread.Execute.Leave
28.12.2024; 13:29:58; Finish app
28.12.2024; 13:39:32; Start app
28.12.2024; 13:39:42; TCloseFormThread.Execute.Enter
28.12.2024; 13:39:42; FForm assigned
28.12.2024; 13:39:42; FForm.ThreadRegistry assigned
28.12.2024; 13:39:42; TCloseFormThread.Execute.Leave
28.12.2024; 13:39:42; Finish app
28.12.2024; 15:51:10; Start app
28.12.2024; 15:55:08; TCloseFormThread.Execute.Enter
28.12.2024; 15:55:08; FForm assigned
28.12.2024; 15:55:08; FForm.ThreadRegistry assigned
28.12.2024; 15:55:08; TCloseFormThread.Execute.Leave
28.12.2024; 15:55:08; Finish app
28.12.2024; 15:55:15; Start app
28.12.2024; 15:56:47; TCloseFormThread.Execute.Enter
28.12.2024; 15:56:47; FForm assigned
28.12.2024; 15:56:47; FForm.ThreadRegistry assigned
28.12.2024; 15:56:48; TCloseFormThread.Execute.Leave
28.12.2024; 15:56:48; Finish app
28.12.2024; 15:56:50; Start app
28.12.2024; 15:57:59; TCloseFormThread.Execute.Enter
28.12.2024; 15:57:59; FForm assigned
28.12.2024; 15:57:59; FForm.ThreadRegistry assigned
28.12.2024; 15:57:59; TCloseFormThread.Execute.Leave
28.12.2024; 15:57:59; Finish app
28.12.2024; 15:58:01; Start app
28.12.2024; 15:59:05; TCloseFormThread.Execute.Enter
28.12.2024; 15:59:05; FForm assigned
28.12.2024; 15:59:05; FForm.ThreadRegistry assigned
28.12.2024; 15:59:06; TCloseFormThread.Execute.Leave
28.12.2024; 15:59:06; Finish app
28.12.2024; 15:59:08; Start app
28.12.2024; 15:59:35; TCloseFormThread.Execute.Enter
28.12.2024; 15:59:35; FForm assigned
28.12.2024; 15:59:35; FForm.ThreadRegistry assigned
28.12.2024; 15:59:35; TCloseFormThread.Execute.Leave
28.12.2024; 15:59:35; Finish app
28.12.2024; 16:30:44; Start app
28.12.2024; 16:32:39; TCloseFormThread.Execute.Enter
28.12.2024; 16:32:39; FForm assigned
28.12.2024; 16:32:39; FForm.ThreadRegistry assigned
28.12.2024; 16:32:39; TCloseFormThread.Execute.Leave
28.12.2024; 16:32:39; Finish app
